{"/home/bernhard/git/FINAL PRO/bimble-server/app.js": {"path":"/home/bernhard/git/FINAL PRO/bimble-server/app.js","statementMap":{"0":{"start":{"line":2,"column":4},"end":{"line":2,"column":30}},"1":{"start":{"line":5,"column":13},"end":{"line":5,"column":28}},"2":{"start":{"line":6,"column":16},"end":{"line":6,"column":34}},"3":{"start":{"line":7,"column":12},"end":{"line":7,"column":21}},"4":{"start":{"line":8,"column":15},"end":{"line":8,"column":40}},"5":{"start":{"line":10,"column":0},"end":{"line":10,"column":16}},"6":{"start":{"line":11,"column":0},"end":{"line":11,"column":49}},"7":{"start":{"line":12,"column":0},"end":{"line":12,"column":24}},"8":{"start":{"line":14,"column":0},"end":{"line":14,"column":20}},"9":{"start":{"line":16,"column":0},"end":{"line":16,"column":21}}},"fnMap":{},"branchMap":{},"s":{"0":11,"1":11,"2":11,"3":11,"4":11,"5":11,"6":11,"7":11,"8":11,"9":11},"f":{},"b":{},"_coverageSchema":"1a1c01bbd47fc00a2c39e90264f33305004495a9","hash":"f11d2e4ddbad4eca191965a4d72c7730e3e61610"}
,"/home/bernhard/git/FINAL PRO/bimble-server/controllers/admin/AdminCategoryController.js": {"path":"/home/bernhard/git/FINAL PRO/bimble-server/controllers/admin/AdminCategoryController.js","statementMap":{"0":{"start":{"line":1,"column":40},"end":{"line":1,"column":63}},"1":{"start":{"line":5,"column":4},"end":{"line":10,"column":5}},"2":{"start":{"line":6,"column":25},"end":{"line":6,"column":49}},"3":{"start":{"line":7,"column":6},"end":{"line":7,"column":39}},"4":{"start":{"line":9,"column":6},"end":{"line":9,"column":16}},"5":{"start":{"line":14,"column":4},"end":{"line":20,"column":5}},"6":{"start":{"line":15,"column":23},"end":{"line":15,"column":31}},"7":{"start":{"line":16,"column":30},"end":{"line":16,"column":61}},"8":{"start":{"line":17,"column":6},"end":{"line":17,"column":44}},"9":{"start":{"line":19,"column":6},"end":{"line":19,"column":16}},"10":{"start":{"line":24,"column":14},"end":{"line":24,"column":43}},"11":{"start":{"line":25,"column":4},"end":{"line":46,"column":5}},"12":{"start":{"line":26,"column":29},"end":{"line":26,"column":39}},"13":{"start":{"line":27,"column":28},"end":{"line":27,"column":63}},"14":{"start":{"line":29,"column":6},"end":{"line":43,"column":7}},"15":{"start":{"line":30,"column":8},"end":{"line":33,"column":10}},"16":{"start":{"line":35,"column":8},"end":{"line":38,"column":10}},"17":{"start":{"line":40,"column":8},"end":{"line":40,"column":110}},"18":{"start":{"line":42,"column":8},"end":{"line":42,"column":43}},"19":{"start":{"line":45,"column":6},"end":{"line":45,"column":16}},"20":{"start":{"line":50,"column":0},"end":{"line":50,"column":36}}},"fnMap":{"0":{"name":"(anonymous_0)","decl":{"start":{"line":4,"column":2},"end":{"line":4,"column":3}},"loc":{"start":{"line":4,"column":49},"end":{"line":11,"column":3}},"line":4},"1":{"name":"(anonymous_1)","decl":{"start":{"line":13,"column":2},"end":{"line":13,"column":3}},"loc":{"start":{"line":13,"column":46},"end":{"line":21,"column":3}},"line":13},"2":{"name":"(anonymous_2)","decl":{"start":{"line":23,"column":2},"end":{"line":23,"column":3}},"loc":{"start":{"line":23,"column":46},"end":{"line":47,"column":3}},"line":23}},"branchMap":{"0":{"loc":{"start":{"line":29,"column":6},"end":{"line":43,"column":7}},"type":"if","locations":[{"start":{"line":29,"column":6},"end":{"line":43,"column":7}},{"start":{"line":41,"column":13},"end":{"line":43,"column":7}}],"line":29}},"s":{"0":11,"1":0,"2":0,"3":0,"4":0,"5":0,"6":0,"7":0,"8":0,"9":0,"10":0,"11":0,"12":0,"13":0,"14":0,"15":0,"16":0,"17":0,"18":0,"19":0,"20":11},"f":{"0":0,"1":0,"2":0},"b":{"0":[0,0]},"_coverageSchema":"1a1c01bbd47fc00a2c39e90264f33305004495a9","hash":"3d9913fb8ff2fde1d88eb12a9459b1dfcf1273ca"}
,"/home/bernhard/git/FINAL PRO/bimble-server/controllers/admin/AdminCommentController.js": {"path":"/home/bernhard/git/FINAL PRO/bimble-server/controllers/admin/AdminCommentController.js","statementMap":{"0":{"start":{"line":1,"column":20},"end":{"line":1,"column":43}},"1":{"start":{"line":5,"column":2},"end":{"line":16,"column":3}},"2":{"start":{"line":6,"column":25},"end":{"line":6,"column":35}},"3":{"start":{"line":7,"column":24},"end":{"line":7,"column":57}},"4":{"start":{"line":8,"column":3},"end":{"line":13,"column":4}},"5":{"start":{"line":9,"column":4},"end":{"line":9,"column":38}},"6":{"start":{"line":11,"column":4},"end":{"line":11,"column":56}},"7":{"start":{"line":12,"column":4},"end":{"line":12,"column":66}},"8":{"start":{"line":15,"column":3},"end":{"line":15,"column":13}},"9":{"start":{"line":20,"column":0},"end":{"line":20,"column":35}}},"fnMap":{"0":{"name":"(anonymous_0)","decl":{"start":{"line":4,"column":1},"end":{"line":4,"column":2}},"loc":{"start":{"line":4,"column":44},"end":{"line":17,"column":2}},"line":4}},"branchMap":{"0":{"loc":{"start":{"line":8,"column":3},"end":{"line":13,"column":4}},"type":"if","locations":[{"start":{"line":8,"column":3},"end":{"line":13,"column":4}},{"start":{"line":10,"column":10},"end":{"line":13,"column":4}}],"line":8}},"s":{"0":11,"1":0,"2":0,"3":0,"4":0,"5":0,"6":0,"7":0,"8":0,"9":11},"f":{"0":0},"b":{"0":[0,0]},"_coverageSchema":"1a1c01bbd47fc00a2c39e90264f33305004495a9","hash":"d34065da6e6678e9d4f9392a9c3d25d85835f493"}
,"/home/bernhard/git/FINAL PRO/bimble-server/controllers/admin/AdminCourseController.js": {"path":"/home/bernhard/git/FINAL PRO/bimble-server/controllers/admin/AdminCourseController.js","statementMap":{"0":{"start":{"line":1,"column":47},"end":{"line":1,"column":70}},"1":{"start":{"line":2,"column":15},"end":{"line":2,"column":35}},"2":{"start":{"line":6,"column":4},"end":{"line":52,"column":5}},"3":{"start":{"line":7,"column":31},"end":{"line":7,"column":40}},"4":{"start":{"line":8,"column":19},"end":{"line":8,"column":21}},"5":{"start":{"line":10,"column":20},"end":{"line":22,"column":7}},"6":{"start":{"line":24,"column":6},"end":{"line":26,"column":7}},"7":{"start":{"line":25,"column":8},"end":{"line":25,"column":59}},"8":{"start":{"line":28,"column":6},"end":{"line":30,"column":7}},"9":{"start":{"line":29,"column":8},"end":{"line":29,"column":41}},"10":{"start":{"line":34,"column":6},"end":{"line":47,"column":7}},"11":{"start":{"line":35,"column":8},"end":{"line":35,"column":29}},"12":{"start":{"line":36,"column":8},"end":{"line":36,"column":44}},"13":{"start":{"line":37,"column":8},"end":{"line":37,"column":57}},"14":{"start":{"line":38,"column":8},"end":{"line":43,"column":10}},"15":{"start":{"line":45,"column":8},"end":{"line":45,"column":49}},"16":{"start":{"line":46,"column":8},"end":{"line":46,"column":26}},"17":{"start":{"line":49,"column":6},"end":{"line":49,"column":35}},"18":{"start":{"line":51,"column":6},"end":{"line":51,"column":16}},"19":{"start":{"line":56,"column":4},"end":{"line":83,"column":5}},"20":{"start":{"line":57,"column":27},"end":{"line":57,"column":37}},"21":{"start":{"line":59,"column":26},"end":{"line":74,"column":8}},"22":{"start":{"line":76,"column":6},"end":{"line":78,"column":7}},"23":{"start":{"line":77,"column":8},"end":{"line":77,"column":41}},"24":{"start":{"line":80,"column":6},"end":{"line":80,"column":40}},"25":{"start":{"line":82,"column":6},"end":{"line":82,"column":16}},"26":{"start":{"line":87,"column":4},"end":{"line":122,"column":5}},"27":{"start":{"line":88,"column":16},"end":{"line":88,"column":45}},"28":{"start":{"line":89,"column":89},"end":{"line":89,"column":97}},"29":{"start":{"line":91,"column":24},"end":{"line":102,"column":7}},"30":{"start":{"line":104,"column":26},"end":{"line":104,"column":28}},"31":{"start":{"line":105,"column":6},"end":{"line":112,"column":9}},"32":{"start":{"line":106,"column":23},"end":{"line":110,"column":9}},"33":{"start":{"line":111,"column":8},"end":{"line":111,"column":35}},"34":{"start":{"line":114,"column":24},"end":{"line":116,"column":8}},"35":{"start":{"line":118,"column":6},"end":{"line":118,"column":23}},"36":{"start":{"line":119,"column":6},"end":{"line":119,"column":69}},"37":{"start":{"line":121,"column":6},"end":{"line":121,"column":16}},"38":{"start":{"line":126,"column":4},"end":{"line":155,"column":5}},"39":{"start":{"line":127,"column":27},"end":{"line":127,"column":37}},"40":{"start":{"line":128,"column":89},"end":{"line":128,"column":97}},"41":{"start":{"line":130,"column":26},"end":{"line":130,"column":57}},"42":{"start":{"line":132,"column":6},"end":{"line":134,"column":7}},"43":{"start":{"line":133,"column":8},"end":{"line":133,"column":41}},"44":{"start":{"line":136,"column":28},"end":{"line":150,"column":7}},"45":{"start":{"line":152,"column":6},"end":{"line":152,"column":48}},"46":{"start":{"line":154,"column":6},"end":{"line":154,"column":16}},"47":{"start":{"line":159,"column":4},"end":{"line":182,"column":5}},"48":{"start":{"line":160,"column":27},"end":{"line":160,"column":37}},"49":{"start":{"line":161,"column":25},"end":{"line":161,"column":33}},"50":{"start":{"line":163,"column":26},"end":{"line":163,"column":57}},"51":{"start":{"line":165,"column":6},"end":{"line":167,"column":7}},"52":{"start":{"line":166,"column":8},"end":{"line":166,"column":41}},"53":{"start":{"line":169,"column":28},"end":{"line":177,"column":7}},"54":{"start":{"line":179,"column":6},"end":{"line":179,"column":48}},"55":{"start":{"line":181,"column":6},"end":{"line":181,"column":16}},"56":{"start":{"line":186,"column":0},"end":{"line":186,"column":34}}},"fnMap":{"0":{"name":"(anonymous_0)","decl":{"start":{"line":5,"column":2},"end":{"line":5,"column":3}},"loc":{"start":{"line":5,"column":46},"end":{"line":53,"column":3}},"line":5},"1":{"name":"(anonymous_1)","decl":{"start":{"line":55,"column":2},"end":{"line":55,"column":3}},"loc":{"start":{"line":55,"column":46},"end":{"line":84,"column":3}},"line":55},"2":{"name":"(anonymous_2)","decl":{"start":{"line":86,"column":2},"end":{"line":86,"column":3}},"loc":{"start":{"line":86,"column":44},"end":{"line":123,"column":3}},"line":86},"3":{"name":"(anonymous_3)","decl":{"start":{"line":105,"column":21},"end":{"line":105,"column":22}},"loc":{"start":{"line":105,"column":32},"end":{"line":112,"column":7}},"line":105},"4":{"name":"(anonymous_4)","decl":{"start":{"line":125,"column":2},"end":{"line":125,"column":3}},"loc":{"start":{"line":125,"column":44},"end":{"line":156,"column":3}},"line":125},"5":{"name":"(anonymous_5)","decl":{"start":{"line":158,"column":2},"end":{"line":158,"column":3}},"loc":{"start":{"line":158,"column":43},"end":{"line":183,"column":3}},"line":158}},"branchMap":{"0":{"loc":{"start":{"line":24,"column":6},"end":{"line":26,"column":7}},"type":"if","locations":[{"start":{"line":24,"column":6},"end":{"line":26,"column":7}},{"start":{},"end":{}}],"line":24},"1":{"loc":{"start":{"line":28,"column":6},"end":{"line":30,"column":7}},"type":"if","locations":[{"start":{"line":28,"column":6},"end":{"line":30,"column":7}},{"start":{},"end":{}}],"line":28},"2":{"loc":{"start":{"line":34,"column":6},"end":{"line":47,"column":7}},"type":"if","locations":[{"start":{"line":34,"column":6},"end":{"line":47,"column":7}},{"start":{"line":44,"column":13},"end":{"line":47,"column":7}}],"line":34},"3":{"loc":{"start":{"line":76,"column":6},"end":{"line":78,"column":7}},"type":"if","locations":[{"start":{"line":76,"column":6},"end":{"line":78,"column":7}},{"start":{},"end":{}}],"line":76},"4":{"loc":{"start":{"line":132,"column":6},"end":{"line":134,"column":7}},"type":"if","locations":[{"start":{"line":132,"column":6},"end":{"line":134,"column":7}},{"start":{},"end":{}}],"line":132},"5":{"loc":{"start":{"line":165,"column":6},"end":{"line":167,"column":7}},"type":"if","locations":[{"start":{"line":165,"column":6},"end":{"line":167,"column":7}},{"start":{},"end":{}}],"line":165}},"s":{"0":11,"1":11,"2":0,"3":0,"4":0,"5":0,"6":0,"7":0,"8":0,"9":0,"10":0,"11":0,"12":0,"13":0,"14":0,"15":0,"16":0,"17":0,"18":0,"19":0,"20":0,"21":0,"22":0,"23":0,"24":0,"25":0,"26":0,"27":0,"28":0,"29":0,"30":0,"31":0,"32":0,"33":0,"34":0,"35":0,"36":0,"37":0,"38":0,"39":0,"40":0,"41":0,"42":0,"43":0,"44":0,"45":0,"46":0,"47":0,"48":0,"49":0,"50":0,"51":0,"52":0,"53":0,"54":0,"55":0,"56":11},"f":{"0":0,"1":0,"2":0,"3":0,"4":0,"5":0},"b":{"0":[0,0],"1":[0,0],"2":[0,0],"3":[0,0],"4":[0,0],"5":[0,0]},"_coverageSchema":"1a1c01bbd47fc00a2c39e90264f33305004495a9","hash":"a871104bcca71234b9a02b646b827021c17db1a1"}
,"/home/bernhard/git/FINAL PRO/bimble-server/controllers/admin/AdminUserController.js": {"path":"/home/bernhard/git/FINAL PRO/bimble-server/controllers/admin/AdminUserController.js","statementMap":{"0":{"start":{"line":1,"column":17},"end":{"line":1,"column":40}},"1":{"start":{"line":5,"column":2},"end":{"line":10,"column":3}},"2":{"start":{"line":6,"column":17},"end":{"line":6,"column":37}},"3":{"start":{"line":7,"column":3},"end":{"line":7,"column":31}},"4":{"start":{"line":9,"column":3},"end":{"line":9,"column":13}},"5":{"start":{"line":14,"column":0},"end":{"line":14,"column":33}}},"fnMap":{"0":{"name":"(anonymous_0)","decl":{"start":{"line":4,"column":1},"end":{"line":4,"column":2}},"loc":{"start":{"line":4,"column":43},"end":{"line":11,"column":2}},"line":4}},"branchMap":{},"s":{"0":11,"1":0,"2":0,"3":0,"4":0,"5":11},"f":{"0":0},"b":{},"_coverageSchema":"1a1c01bbd47fc00a2c39e90264f33305004495a9","hash":"88d2f11e13425d2925ef6c1d0afa1389cfdc1e66"}
,"/home/bernhard/git/FINAL PRO/bimble-server/controllers/admin/AdminVideoController.js": {"path":"/home/bernhard/git/FINAL PRO/bimble-server/controllers/admin/AdminVideoController.js","statementMap":{"0":{"start":{"line":1,"column":26},"end":{"line":1,"column":49}},"1":{"start":{"line":5,"column":4},"end":{"line":18,"column":5}},"2":{"start":{"line":6,"column":26},"end":{"line":6,"column":36}},"3":{"start":{"line":7,"column":23},"end":{"line":9,"column":8}},"4":{"start":{"line":11,"column":6},"end":{"line":13,"column":7}},"5":{"start":{"line":12,"column":8},"end":{"line":12,"column":37}},"6":{"start":{"line":15,"column":6},"end":{"line":15,"column":36}},"7":{"start":{"line":17,"column":6},"end":{"line":17,"column":15}},"8":{"start":{"line":22,"column":4},"end":{"line":44,"column":5}},"9":{"start":{"line":23,"column":27},"end":{"line":23,"column":37}},"10":{"start":{"line":24,"column":25},"end":{"line":24,"column":33}},"11":{"start":{"line":26,"column":26},"end":{"line":26,"column":58}},"12":{"start":{"line":28,"column":6},"end":{"line":30,"column":7}},"13":{"start":{"line":29,"column":8},"end":{"line":29,"column":41}},"14":{"start":{"line":32,"column":23},"end":{"line":36,"column":8}},"15":{"start":{"line":38,"column":6},"end":{"line":41,"column":9}},"16":{"start":{"line":43,"column":6},"end":{"line":43,"column":16}},"17":{"start":{"line":48,"column":4},"end":{"line":66,"column":5}},"18":{"start":{"line":49,"column":26},"end":{"line":49,"column":36}},"19":{"start":{"line":51,"column":25},"end":{"line":51,"column":54}},"20":{"start":{"line":53,"column":6},"end":{"line":55,"column":7}},"21":{"start":{"line":54,"column":8},"end":{"line":54,"column":40}},"22":{"start":{"line":57,"column":6},"end":{"line":61,"column":9}},"23":{"start":{"line":63,"column":6},"end":{"line":63,"column":66}},"24":{"start":{"line":65,"column":6},"end":{"line":65,"column":16}},"25":{"start":{"line":70,"column":4},"end":{"line":94,"column":5}},"26":{"start":{"line":71,"column":26},"end":{"line":71,"column":36}},"27":{"start":{"line":72,"column":33},"end":{"line":72,"column":41}},"28":{"start":{"line":74,"column":25},"end":{"line":74,"column":55}},"29":{"start":{"line":76,"column":6},"end":{"line":78,"column":7}},"30":{"start":{"line":77,"column":8},"end":{"line":77,"column":40}},"31":{"start":{"line":80,"column":23},"end":{"line":86,"column":7}},"32":{"start":{"line":88,"column":6},"end":{"line":91,"column":8}},"33":{"start":{"line":93,"column":6},"end":{"line":93,"column":16}},"34":{"start":{"line":98,"column":0},"end":{"line":98,"column":33}}},"fnMap":{"0":{"name":"(anonymous_0)","decl":{"start":{"line":4,"column":2},"end":{"line":4,"column":3}},"loc":{"start":{"line":4,"column":47},"end":{"line":19,"column":3}},"line":4},"1":{"name":"(anonymous_1)","decl":{"start":{"line":21,"column":2},"end":{"line":21,"column":3}},"loc":{"start":{"line":21,"column":40},"end":{"line":45,"column":3}},"line":21},"2":{"name":"(anonymous_2)","decl":{"start":{"line":47,"column":2},"end":{"line":47,"column":3}},"loc":{"start":{"line":47,"column":43},"end":{"line":67,"column":3}},"line":47},"3":{"name":"(anonymous_3)","decl":{"start":{"line":69,"column":2},"end":{"line":69,"column":3}},"loc":{"start":{"line":69,"column":43},"end":{"line":95,"column":3}},"line":69}},"branchMap":{"0":{"loc":{"start":{"line":11,"column":6},"end":{"line":13,"column":7}},"type":"if","locations":[{"start":{"line":11,"column":6},"end":{"line":13,"column":7}},{"start":{},"end":{}}],"line":11},"1":{"loc":{"start":{"line":28,"column":6},"end":{"line":30,"column":7}},"type":"if","locations":[{"start":{"line":28,"column":6},"end":{"line":30,"column":7}},{"start":{},"end":{}}],"line":28},"2":{"loc":{"start":{"line":53,"column":6},"end":{"line":55,"column":7}},"type":"if","locations":[{"start":{"line":53,"column":6},"end":{"line":55,"column":7}},{"start":{},"end":{}}],"line":53},"3":{"loc":{"start":{"line":76,"column":6},"end":{"line":78,"column":7}},"type":"if","locations":[{"start":{"line":76,"column":6},"end":{"line":78,"column":7}},{"start":{},"end":{}}],"line":76}},"s":{"0":11,"1":0,"2":0,"3":0,"4":0,"5":0,"6":0,"7":0,"8":0,"9":0,"10":0,"11":0,"12":0,"13":0,"14":0,"15":0,"16":0,"17":0,"18":0,"19":0,"20":0,"21":0,"22":0,"23":0,"24":0,"25":0,"26":0,"27":0,"28":0,"29":0,"30":0,"31":0,"32":0,"33":0,"34":11},"f":{"0":0,"1":0,"2":0,"3":0},"b":{"0":[0,0],"1":[0,0],"2":[0,0],"3":[0,0]},"_coverageSchema":"1a1c01bbd47fc00a2c39e90264f33305004495a9","hash":"fa9eb71f277264ef8068104dace15872c9231dc8"}
,"/home/bernhard/git/FINAL PRO/bimble-server/controllers/public/CommentController.js": {"path":"/home/bernhard/git/FINAL PRO/bimble-server/controllers/public/CommentController.js","statementMap":{"0":{"start":{"line":1,"column":47},"end":{"line":1,"column":70}},"1":{"start":{"line":5,"column":4},"end":{"line":44,"column":5}},"2":{"start":{"line":6,"column":26},"end":{"line":6,"column":36}},"3":{"start":{"line":7,"column":26},"end":{"line":7,"column":34}},"4":{"start":{"line":8,"column":21},"end":{"line":8,"column":29}},"5":{"start":{"line":10,"column":25},"end":{"line":15,"column":8}},"6":{"start":{"line":17,"column":6},"end":{"line":19,"column":7}},"7":{"start":{"line":18,"column":8},"end":{"line":18,"column":37}},"8":{"start":{"line":21,"column":28},"end":{"line":25,"column":8}},"9":{"start":{"line":27,"column":6},"end":{"line":29,"column":7}},"10":{"start":{"line":28,"column":8},"end":{"line":28,"column":40}},"11":{"start":{"line":31,"column":25},"end":{"line":35,"column":8}},"12":{"start":{"line":37,"column":6},"end":{"line":41,"column":9}},"13":{"start":{"line":43,"column":6},"end":{"line":43,"column":18}},"14":{"start":{"line":48,"column":0},"end":{"line":48,"column":35}}},"fnMap":{"0":{"name":"(anonymous_0)","decl":{"start":{"line":4,"column":2},"end":{"line":4,"column":3}},"loc":{"start":{"line":4,"column":42},"end":{"line":45,"column":3}},"line":4}},"branchMap":{"0":{"loc":{"start":{"line":17,"column":6},"end":{"line":19,"column":7}},"type":"if","locations":[{"start":{"line":17,"column":6},"end":{"line":19,"column":7}},{"start":{},"end":{}}],"line":17},"1":{"loc":{"start":{"line":27,"column":6},"end":{"line":29,"column":7}},"type":"if","locations":[{"start":{"line":27,"column":6},"end":{"line":29,"column":7}},{"start":{},"end":{}}],"line":27}},"s":{"0":11,"1":0,"2":0,"3":0,"4":0,"5":0,"6":0,"7":0,"8":0,"9":0,"10":0,"11":0,"12":0,"13":0,"14":11},"f":{"0":0},"b":{"0":[0,0],"1":[0,0]},"_coverageSchema":"1a1c01bbd47fc00a2c39e90264f33305004495a9","hash":"efde474b166c7c1e387eb82827867e8d2c37edd2"}
,"/home/bernhard/git/FINAL PRO/bimble-server/controllers/public/CourseController.js": {"path":"/home/bernhard/git/FINAL PRO/bimble-server/controllers/public/CourseController.js","statementMap":{"0":{"start":{"line":1,"column":51},"end":{"line":1,"column":74}},"1":{"start":{"line":2,"column":15},"end":{"line":2,"column":35}},"2":{"start":{"line":6,"column":2},"end":{"line":66,"column":3}},"3":{"start":{"line":7,"column":59},"end":{"line":7,"column":68}},"4":{"start":{"line":8,"column":16},"end":{"line":8,"column":18}},"5":{"start":{"line":10,"column":17},"end":{"line":24,"column":4}},"6":{"start":{"line":26,"column":3},"end":{"line":28,"column":4}},"7":{"start":{"line":27,"column":4},"end":{"line":27,"column":55}},"8":{"start":{"line":30,"column":3},"end":{"line":32,"column":4}},"9":{"start":{"line":31,"column":4},"end":{"line":31,"column":42}},"10":{"start":{"line":34,"column":3},"end":{"line":36,"column":4}},"11":{"start":{"line":35,"column":4},"end":{"line":35,"column":42}},"12":{"start":{"line":38,"column":3},"end":{"line":40,"column":4}},"13":{"start":{"line":39,"column":4},"end":{"line":39,"column":44}},"14":{"start":{"line":42,"column":3},"end":{"line":44,"column":4}},"15":{"start":{"line":43,"column":4},"end":{"line":43,"column":37}},"16":{"start":{"line":48,"column":3},"end":{"line":61,"column":4}},"17":{"start":{"line":49,"column":4},"end":{"line":49,"column":25}},"18":{"start":{"line":50,"column":4},"end":{"line":50,"column":40}},"19":{"start":{"line":51,"column":4},"end":{"line":51,"column":53}},"20":{"start":{"line":52,"column":4},"end":{"line":57,"column":6}},"21":{"start":{"line":59,"column":4},"end":{"line":59,"column":45}},"22":{"start":{"line":60,"column":4},"end":{"line":60,"column":22}},"23":{"start":{"line":63,"column":3},"end":{"line":63,"column":32}},"24":{"start":{"line":65,"column":3},"end":{"line":65,"column":13}},"25":{"start":{"line":70,"column":2},"end":{"line":112,"column":5}},"26":{"start":{"line":71,"column":24},"end":{"line":71,"column":34}},"27":{"start":{"line":73,"column":23},"end":{"line":99,"column":5}},"28":{"start":{"line":101,"column":3},"end":{"line":103,"column":4}},"29":{"start":{"line":102,"column":4},"end":{"line":102,"column":37}},"30":{"start":{"line":105,"column":3},"end":{"line":107,"column":4}},"31":{"start":{"line":105,"column":16},"end":{"line":105,"column":17}},"32":{"start":{"line":106,"column":4},"end":{"line":106,"column":40}},"33":{"start":{"line":109,"column":7},"end":{"line":109,"column":41}},"34":{"start":{"line":111,"column":6},"end":{"line":111,"column":16}},"35":{"start":{"line":116,"column":4},"end":{"line":126,"column":5}},"36":{"start":{"line":117,"column":23},"end":{"line":121,"column":8}},"37":{"start":{"line":123,"column":6},"end":{"line":123,"column":36}},"38":{"start":{"line":125,"column":6},"end":{"line":125,"column":15}},"39":{"start":{"line":130,"column":0},"end":{"line":130,"column":34}}},"fnMap":{"0":{"name":"(anonymous_0)","decl":{"start":{"line":5,"column":1},"end":{"line":5,"column":2}},"loc":{"start":{"line":5,"column":45},"end":{"line":67,"column":2}},"line":5},"1":{"name":"(anonymous_1)","decl":{"start":{"line":69,"column":1},"end":{"line":69,"column":2}},"loc":{"start":{"line":69,"column":47},"end":{"line":113,"column":3}},"line":69},"2":{"name":"(anonymous_2)","decl":{"start":{"line":115,"column":2},"end":{"line":115,"column":3}},"loc":{"start":{"line":115,"column":46},"end":{"line":127,"column":3}},"line":115}},"branchMap":{"0":{"loc":{"start":{"line":26,"column":3},"end":{"line":28,"column":4}},"type":"if","locations":[{"start":{"line":26,"column":3},"end":{"line":28,"column":4}},{"start":{},"end":{}}],"line":26},"1":{"loc":{"start":{"line":30,"column":3},"end":{"line":32,"column":4}},"type":"if","locations":[{"start":{"line":30,"column":3},"end":{"line":32,"column":4}},{"start":{},"end":{}}],"line":30},"2":{"loc":{"start":{"line":34,"column":3},"end":{"line":36,"column":4}},"type":"if","locations":[{"start":{"line":34,"column":3},"end":{"line":36,"column":4}},{"start":{},"end":{}}],"line":34},"3":{"loc":{"start":{"line":38,"column":3},"end":{"line":40,"column":4}},"type":"if","locations":[{"start":{"line":38,"column":3},"end":{"line":40,"column":4}},{"start":{},"end":{}}],"line":38},"4":{"loc":{"start":{"line":42,"column":3},"end":{"line":44,"column":4}},"type":"if","locations":[{"start":{"line":42,"column":3},"end":{"line":44,"column":4}},{"start":{},"end":{}}],"line":42},"5":{"loc":{"start":{"line":48,"column":3},"end":{"line":61,"column":4}},"type":"if","locations":[{"start":{"line":48,"column":3},"end":{"line":61,"column":4}},{"start":{"line":58,"column":10},"end":{"line":61,"column":4}}],"line":48},"6":{"loc":{"start":{"line":101,"column":3},"end":{"line":103,"column":4}},"type":"if","locations":[{"start":{"line":101,"column":3},"end":{"line":103,"column":4}},{"start":{},"end":{}}],"line":101}},"s":{"0":11,"1":11,"2":0,"3":0,"4":0,"5":0,"6":0,"7":0,"8":0,"9":0,"10":0,"11":0,"12":0,"13":0,"14":0,"15":0,"16":0,"17":0,"18":0,"19":0,"20":0,"21":0,"22":0,"23":0,"24":0,"25":0,"26":0,"27":0,"28":0,"29":0,"30":0,"31":0,"32":0,"33":0,"34":0,"35":0,"36":0,"37":0,"38":0,"39":11},"f":{"0":0,"1":0,"2":0},"b":{"0":[0,0],"1":[0,0],"2":[0,0],"3":[0,0],"4":[0,0],"5":[0,0],"6":[0,0]},"_coverageSchema":"1a1c01bbd47fc00a2c39e90264f33305004495a9","hash":"723d152345e6357d1bdc25032b14fc8e85e1ca85"}
,"/home/bernhard/git/FINAL PRO/bimble-server/controllers/public/PublicUserController.js": {"path":"/home/bernhard/git/FINAL PRO/bimble-server/controllers/public/PublicUserController.js","statementMap":{"0":{"start":{"line":1,"column":17},"end":{"line":1,"column":40}},"1":{"start":{"line":2,"column":28},"end":{"line":2,"column":59}},"2":{"start":{"line":3,"column":22},"end":{"line":3,"column":50}},"3":{"start":{"line":4,"column":18},"end":{"line":4,"column":53}},"4":{"start":{"line":5,"column":25},"end":{"line":5,"column":55}},"5":{"start":{"line":9,"column":2},"end":{"line":37,"column":3}},"6":{"start":{"line":10,"column":37},"end":{"line":10,"column":45}},"7":{"start":{"line":12,"column":22},"end":{"line":17,"column":5}},"8":{"start":{"line":19,"column":20},"end":{"line":23,"column":4}},"9":{"start":{"line":25,"column":19},"end":{"line":32,"column":4}},"10":{"start":{"line":33,"column":3},"end":{"line":33,"column":22}},"11":{"start":{"line":34,"column":3},"end":{"line":34,"column":34}},"12":{"start":{"line":36,"column":3},"end":{"line":36,"column":13}},"13":{"start":{"line":41,"column":2},"end":{"line":70,"column":3}},"14":{"start":{"line":42,"column":31},"end":{"line":42,"column":39}},"15":{"start":{"line":44,"column":21},"end":{"line":48,"column":5}},"16":{"start":{"line":50,"column":3},"end":{"line":52,"column":4}},"17":{"start":{"line":51,"column":4},"end":{"line":51,"column":35}},"18":{"start":{"line":54,"column":3},"end":{"line":56,"column":4}},"19":{"start":{"line":55,"column":4},"end":{"line":55,"column":35}},"20":{"start":{"line":58,"column":19},"end":{"line":63,"column":4}},"21":{"start":{"line":65,"column":17},"end":{"line":65,"column":35}},"22":{"start":{"line":67,"column":3},"end":{"line":67,"column":71}},"23":{"start":{"line":69,"column":3},"end":{"line":69,"column":13}},"24":{"start":{"line":75,"column":2},"end":{"line":75,"column":23}},"25":{"start":{"line":77,"column":20},"end":{"line":77,"column":48}},"26":{"start":{"line":78,"column":23},"end":{"line":78,"column":50}},"27":{"start":{"line":80,"column":2},"end":{"line":122,"column":3}},"28":{"start":{"line":81,"column":18},"end":{"line":84,"column":5}},"29":{"start":{"line":85,"column":19},"end":{"line":85,"column":38}},"30":{"start":{"line":87,"column":33},"end":{"line":87,"column":40}},"31":{"start":{"line":89,"column":18},"end":{"line":98,"column":5}},"32":{"start":{"line":99,"column":24},"end":{"line":104,"column":5}},"33":{"start":{"line":106,"column":22},"end":{"line":113,"column":4}},"34":{"start":{"line":114,"column":3},"end":{"line":114,"column":25}},"35":{"start":{"line":116,"column":3},"end":{"line":119,"column":6}},"36":{"start":{"line":121,"column":3},"end":{"line":121,"column":13}},"37":{"start":{"line":126,"column":2},"end":{"line":142,"column":3}},"38":{"start":{"line":127,"column":20},"end":{"line":137,"column":5}},"39":{"start":{"line":139,"column":3},"end":{"line":139,"column":34}},"40":{"start":{"line":141,"column":3},"end":{"line":141,"column":13}},"41":{"start":{"line":146,"column":2},"end":{"line":163,"column":3}},"42":{"start":{"line":147,"column":27},"end":{"line":147,"column":35}},"43":{"start":{"line":149,"column":3},"end":{"line":158,"column":5}},"44":{"start":{"line":160,"column":3},"end":{"line":160,"column":62}},"45":{"start":{"line":162,"column":3},"end":{"line":162,"column":13}},"46":{"start":{"line":167,"column":0},"end":{"line":167,"column":38}}},"fnMap":{"0":{"name":"(anonymous_0)","decl":{"start":{"line":8,"column":1},"end":{"line":8,"column":2}},"loc":{"start":{"line":8,"column":39},"end":{"line":38,"column":2}},"line":8},"1":{"name":"(anonymous_1)","decl":{"start":{"line":40,"column":1},"end":{"line":40,"column":2}},"loc":{"start":{"line":40,"column":36},"end":{"line":71,"column":2}},"line":40},"2":{"name":"(anonymous_2)","decl":{"start":{"line":73,"column":1},"end":{"line":73,"column":2}},"loc":{"start":{"line":73,"column":42},"end":{"line":123,"column":2}},"line":73},"3":{"name":"(anonymous_3)","decl":{"start":{"line":125,"column":1},"end":{"line":125,"column":2}},"loc":{"start":{"line":125,"column":39},"end":{"line":143,"column":2}},"line":125},"4":{"name":"(anonymous_4)","decl":{"start":{"line":145,"column":1},"end":{"line":145,"column":2}},"loc":{"start":{"line":145,"column":41},"end":{"line":164,"column":2}},"line":145}},"branchMap":{"0":{"loc":{"start":{"line":50,"column":3},"end":{"line":52,"column":4}},"type":"if","locations":[{"start":{"line":50,"column":3},"end":{"line":52,"column":4}},{"start":{},"end":{}}],"line":50},"1":{"loc":{"start":{"line":54,"column":3},"end":{"line":56,"column":4}},"type":"if","locations":[{"start":{"line":54,"column":3},"end":{"line":56,"column":4}},{"start":{},"end":{}}],"line":54}},"s":{"0":11,"1":11,"2":11,"3":11,"4":11,"5":6,"6":6,"7":6,"8":0,"9":0,"10":0,"11":0,"12":6,"13":3,"14":3,"15":3,"16":0,"17":0,"18":0,"19":0,"20":0,"21":0,"22":0,"23":3,"24":2,"25":2,"26":2,"27":2,"28":2,"29":0,"30":0,"31":0,"32":0,"33":0,"34":0,"35":0,"36":2,"37":0,"38":0,"39":0,"40":0,"41":0,"42":0,"43":0,"44":0,"45":0,"46":11},"f":{"0":6,"1":3,"2":2,"3":0,"4":0},"b":{"0":[0,0],"1":[0,0]},"_coverageSchema":"1a1c01bbd47fc00a2c39e90264f33305004495a9","hash":"4c08812b08a32a55a5f6375b2c9f439868e66e24"}
,"/home/bernhard/git/FINAL PRO/bimble-server/controllers/public/RatingController.js": {"path":"/home/bernhard/git/FINAL PRO/bimble-server/controllers/public/RatingController.js","statementMap":{"0":{"start":{"line":1,"column":27},"end":{"line":1,"column":50}},"1":{"start":{"line":5,"column":4},"end":{"line":30,"column":5}},"2":{"start":{"line":6,"column":27},"end":{"line":6,"column":37}},"3":{"start":{"line":8,"column":26},"end":{"line":8,"column":57}},"4":{"start":{"line":9,"column":6},"end":{"line":11,"column":7}},"5":{"start":{"line":10,"column":8},"end":{"line":10,"column":41}},"6":{"start":{"line":13,"column":22},"end":{"line":18,"column":8}},"7":{"start":{"line":20,"column":19},"end":{"line":20,"column":20}},"8":{"start":{"line":21,"column":6},"end":{"line":23,"column":9}},"9":{"start":{"line":22,"column":8},"end":{"line":22,"column":28}},"10":{"start":{"line":25,"column":6},"end":{"line":25,"column":60}},"11":{"start":{"line":27,"column":6},"end":{"line":27,"column":39}},"12":{"start":{"line":29,"column":6},"end":{"line":29,"column":18}},"13":{"start":{"line":34,"column":4},"end":{"line":46,"column":5}},"14":{"start":{"line":35,"column":21},"end":{"line":35,"column":29}},"15":{"start":{"line":36,"column":27},"end":{"line":36,"column":37}},"16":{"start":{"line":38,"column":25},"end":{"line":41,"column":8}},"17":{"start":{"line":43,"column":6},"end":{"line":43,"column":38}},"18":{"start":{"line":45,"column":6},"end":{"line":45,"column":17}},"19":{"start":{"line":50,"column":4},"end":{"line":74,"column":5}},"20":{"start":{"line":51,"column":21},"end":{"line":51,"column":29}},"21":{"start":{"line":52,"column":27},"end":{"line":52,"column":37}},"22":{"start":{"line":53,"column":25},"end":{"line":53,"column":33}},"23":{"start":{"line":55,"column":25},"end":{"line":57,"column":8}},"24":{"start":{"line":59,"column":6},"end":{"line":59,"column":52}},"25":{"start":{"line":59,"column":22},"end":{"line":59,"column":52}},"26":{"start":{"line":61,"column":24},"end":{"line":65,"column":8}},"27":{"start":{"line":67,"column":6},"end":{"line":71,"column":9}},"28":{"start":{"line":73,"column":6},"end":{"line":73,"column":18}},"29":{"start":{"line":78,"column":0},"end":{"line":78,"column":34}}},"fnMap":{"0":{"name":"(anonymous_0)","decl":{"start":{"line":4,"column":2},"end":{"line":4,"column":3}},"loc":{"start":{"line":4,"column":41},"end":{"line":31,"column":3}},"line":4},"1":{"name":"(anonymous_1)","decl":{"start":{"line":21,"column":22},"end":{"line":21,"column":23}},"loc":{"start":{"line":21,"column":30},"end":{"line":23,"column":7}},"line":21},"2":{"name":"(anonymous_2)","decl":{"start":{"line":33,"column":2},"end":{"line":33,"column":3}},"loc":{"start":{"line":33,"column":50},"end":{"line":47,"column":3}},"line":33},"3":{"name":"(anonymous_3)","decl":{"start":{"line":49,"column":2},"end":{"line":49,"column":3}},"loc":{"start":{"line":49,"column":41},"end":{"line":75,"column":3}},"line":49}},"branchMap":{"0":{"loc":{"start":{"line":9,"column":6},"end":{"line":11,"column":7}},"type":"if","locations":[{"start":{"line":9,"column":6},"end":{"line":11,"column":7}},{"start":{},"end":{}}],"line":9},"1":{"loc":{"start":{"line":59,"column":6},"end":{"line":59,"column":52}},"type":"if","locations":[{"start":{"line":59,"column":6},"end":{"line":59,"column":52}},{"start":{},"end":{}}],"line":59}},"s":{"0":11,"1":0,"2":0,"3":0,"4":0,"5":0,"6":0,"7":0,"8":0,"9":0,"10":0,"11":0,"12":0,"13":0,"14":0,"15":0,"16":0,"17":0,"18":0,"19":0,"20":0,"21":0,"22":0,"23":0,"24":0,"25":0,"26":0,"27":0,"28":0,"29":11},"f":{"0":0,"1":0,"2":0,"3":0},"b":{"0":[0,0],"1":[0,0]},"_coverageSchema":"1a1c01bbd47fc00a2c39e90264f33305004495a9","hash":"2dc668926b143b05188724caf8415d26e422fe90"}
,"/home/bernhard/git/FINAL PRO/bimble-server/controllers/public/UserCourseController.js": {"path":"/home/bernhard/git/FINAL PRO/bimble-server/controllers/public/UserCourseController.js","statementMap":{"0":{"start":{"line":1,"column":53},"end":{"line":1,"column":76}},"1":{"start":{"line":2,"column":18},"end":{"line":2,"column":53}},"2":{"start":{"line":6,"column":4},"end":{"line":29,"column":5}},"3":{"start":{"line":7,"column":21},"end":{"line":7,"column":29}},"4":{"start":{"line":8,"column":25},"end":{"line":25,"column":8}},"5":{"start":{"line":26,"column":6},"end":{"line":26,"column":39}},"6":{"start":{"line":28,"column":6},"end":{"line":28,"column":18}},"7":{"start":{"line":33,"column":4},"end":{"line":87,"column":5}},"8":{"start":{"line":34,"column":21},"end":{"line":34,"column":29}},"9":{"start":{"line":35,"column":27},"end":{"line":35,"column":37}},"10":{"start":{"line":37,"column":25},"end":{"line":48,"column":8}},"11":{"start":{"line":50,"column":6},"end":{"line":50,"column":56}},"12":{"start":{"line":50,"column":23},"end":{"line":50,"column":56}},"13":{"start":{"line":52,"column":21},"end":{"line":71,"column":8}},"14":{"start":{"line":73,"column":19},"end":{"line":82,"column":7}},"15":{"start":{"line":84,"column":6},"end":{"line":84,"column":35}},"16":{"start":{"line":86,"column":6},"end":{"line":86,"column":18}},"17":{"start":{"line":91,"column":4},"end":{"line":144,"column":5}},"18":{"start":{"line":92,"column":21},"end":{"line":92,"column":29}},"19":{"start":{"line":93,"column":27},"end":{"line":93,"column":37}},"20":{"start":{"line":95,"column":19},"end":{"line":95,"column":42}},"21":{"start":{"line":97,"column":21},"end":{"line":97,"column":52}},"22":{"start":{"line":99,"column":6},"end":{"line":99,"column":52}},"23":{"start":{"line":99,"column":19},"end":{"line":99,"column":52}},"24":{"start":{"line":101,"column":25},"end":{"line":103,"column":8}},"25":{"start":{"line":105,"column":6},"end":{"line":105,"column":70}},"26":{"start":{"line":105,"column":29},"end":{"line":105,"column":70}},"27":{"start":{"line":107,"column":28},"end":{"line":111,"column":8}},"28":{"start":{"line":113,"column":21},"end":{"line":118,"column":7}},"29":{"start":{"line":119,"column":22},"end":{"line":132,"column":7}},"30":{"start":{"line":134,"column":6},"end":{"line":134,"column":25}},"31":{"start":{"line":135,"column":6},"end":{"line":141,"column":9}},"32":{"start":{"line":143,"column":6},"end":{"line":143,"column":18}},"33":{"start":{"line":148,"column":0},"end":{"line":148,"column":38}}},"fnMap":{"0":{"name":"(anonymous_0)","decl":{"start":{"line":5,"column":2},"end":{"line":5,"column":3}},"loc":{"start":{"line":5,"column":38},"end":{"line":30,"column":3}},"line":5},"1":{"name":"(anonymous_1)","decl":{"start":{"line":32,"column":2},"end":{"line":32,"column":3}},"loc":{"start":{"line":32,"column":39},"end":{"line":88,"column":3}},"line":32},"2":{"name":"(anonymous_2)","decl":{"start":{"line":90,"column":2},"end":{"line":90,"column":3}},"loc":{"start":{"line":90,"column":45},"end":{"line":145,"column":3}},"line":90}},"branchMap":{"0":{"loc":{"start":{"line":50,"column":6},"end":{"line":50,"column":56}},"type":"if","locations":[{"start":{"line":50,"column":6},"end":{"line":50,"column":56}},{"start":{},"end":{}}],"line":50},"1":{"loc":{"start":{"line":99,"column":6},"end":{"line":99,"column":52}},"type":"if","locations":[{"start":{"line":99,"column":6},"end":{"line":99,"column":52}},{"start":{},"end":{}}],"line":99},"2":{"loc":{"start":{"line":105,"column":6},"end":{"line":105,"column":70}},"type":"if","locations":[{"start":{"line":105,"column":6},"end":{"line":105,"column":70}},{"start":{},"end":{}}],"line":105}},"s":{"0":11,"1":11,"2":0,"3":0,"4":0,"5":0,"6":0,"7":0,"8":0,"9":0,"10":0,"11":0,"12":0,"13":0,"14":0,"15":0,"16":0,"17":0,"18":0,"19":0,"20":0,"21":0,"22":0,"23":0,"24":0,"25":0,"26":0,"27":0,"28":0,"29":0,"30":0,"31":0,"32":0,"33":11},"f":{"0":0,"1":0,"2":0},"b":{"0":[0,0],"1":[0,0],"2":[0,0]},"_coverageSchema":"1a1c01bbd47fc00a2c39e90264f33305004495a9","hash":"acef795a273dec848f19ed0b966ad3fc339ca075"}
,"/home/bernhard/git/FINAL PRO/bimble-server/helpers/bcrypt.js": {"path":"/home/bernhard/git/FINAL PRO/bimble-server/helpers/bcrypt.js","statementMap":{"0":{"start":{"line":1,"column":17},"end":{"line":1,"column":36}},"1":{"start":{"line":3,"column":21},"end":{"line":5,"column":1}},"2":{"start":{"line":4,"column":1},"end":{"line":4,"column":40}},"3":{"start":{"line":7,"column":24},"end":{"line":9,"column":1}},"4":{"start":{"line":8,"column":1},"end":{"line":8,"column":45}},"5":{"start":{"line":11,"column":0},"end":{"line":14,"column":2}}},"fnMap":{"0":{"name":"(anonymous_0)","decl":{"start":{"line":3,"column":21},"end":{"line":3,"column":22}},"loc":{"start":{"line":3,"column":35},"end":{"line":5,"column":1}},"line":3},"1":{"name":"(anonymous_1)","decl":{"start":{"line":7,"column":24},"end":{"line":7,"column":25}},"loc":{"start":{"line":7,"column":44},"end":{"line":9,"column":1}},"line":7}},"branchMap":{},"s":{"0":11,"1":11,"2":5,"3":11,"4":0,"5":11},"f":{"0":5,"1":0},"b":{},"_coverageSchema":"1a1c01bbd47fc00a2c39e90264f33305004495a9","hash":"02fc4fb250dcf3048c15ddd0884d8df32904a7a8"}
,"/home/bernhard/git/FINAL PRO/bimble-server/helpers/jwt.js": {"path":"/home/bernhard/git/FINAL PRO/bimble-server/helpers/jwt.js","statementMap":{"0":{"start":{"line":1,"column":12},"end":{"line":1,"column":35}},"1":{"start":{"line":3,"column":18},"end":{"line":3,"column":40}},"2":{"start":{"line":5,"column":18},"end":{"line":7,"column":1}},"3":{"start":{"line":6,"column":1},"end":{"line":6,"column":37}},"4":{"start":{"line":9,"column":20},"end":{"line":11,"column":1}},"5":{"start":{"line":10,"column":1},"end":{"line":10,"column":37}},"6":{"start":{"line":13,"column":0},"end":{"line":16,"column":2}}},"fnMap":{"0":{"name":"(anonymous_0)","decl":{"start":{"line":5,"column":18},"end":{"line":5,"column":19}},"loc":{"start":{"line":5,"column":31},"end":{"line":7,"column":1}},"line":5},"1":{"name":"(anonymous_1)","decl":{"start":{"line":9,"column":20},"end":{"line":9,"column":21}},"loc":{"start":{"line":9,"column":31},"end":{"line":11,"column":1}},"line":9}},"branchMap":{},"s":{"0":11,"1":11,"2":11,"3":0,"4":11,"5":0,"6":11},"f":{"0":0,"1":0},"b":{},"_coverageSchema":"1a1c01bbd47fc00a2c39e90264f33305004495a9","hash":"cfbbf16afd4b0e9a9653b3fae3280bf9815be1de"}
,"/home/bernhard/git/FINAL PRO/bimble-server/helpers/multer.js": {"path":"/home/bernhard/git/FINAL PRO/bimble-server/helpers/multer.js","statementMap":{"0":{"start":{"line":1,"column":15},"end":{"line":1,"column":33}},"1":{"start":{"line":3,"column":16},"end":{"line":3,"column":38}},"2":{"start":{"line":4,"column":15},"end":{"line":4,"column":41}},"3":{"start":{"line":6,"column":0},"end":{"line":6,"column":27}}},"fnMap":{},"branchMap":{},"s":{"0":11,"1":11,"2":11,"3":11},"f":{},"b":{},"_coverageSchema":"1a1c01bbd47fc00a2c39e90264f33305004495a9","hash":"a7f9785a8575c8f73b14c76ac9e5d1a4a1eb8b96"}
,"/home/bernhard/git/FINAL PRO/bimble-server/helpers/nodemailer.js": {"path":"/home/bernhard/git/FINAL PRO/bimble-server/helpers/nodemailer.js","statementMap":{"0":{"start":{"line":1,"column":19},"end":{"line":1,"column":40}},"1":{"start":{"line":3,"column":20},"end":{"line":9,"column":2}},"2":{"start":{"line":12,"column":24},"end":{"line":24,"column":5}},"3":{"start":{"line":26,"column":4},"end":{"line":26,"column":37}},"4":{"start":{"line":29,"column":0},"end":{"line":29,"column":26}}},"fnMap":{"0":{"name":"sendEmail","decl":{"start":{"line":11,"column":9},"end":{"line":11,"column":18}},"loc":{"start":{"line":11,"column":29},"end":{"line":27,"column":1}},"line":11}},"branchMap":{},"s":{"0":11,"1":11,"2":0,"3":0,"4":11},"f":{"0":0},"b":{},"_coverageSchema":"1a1c01bbd47fc00a2c39e90264f33305004495a9","hash":"e19f46806e7ff5699d425fd0726e91aff93fb84e"}
,"/home/bernhard/git/FINAL PRO/bimble-server/helpers/xendit.js": {"path":"/home/bernhard/git/FINAL PRO/bimble-server/helpers/xendit.js","statementMap":{"0":{"start":{"line":1,"column":14},"end":{"line":1,"column":30}},"1":{"start":{"line":2,"column":31},"end":{"line":2,"column":51}},"2":{"start":{"line":4,"column":18},"end":{"line":51,"column":1}},"3":{"start":{"line":5,"column":4},"end":{"line":50,"column":5}},"4":{"start":{"line":6,"column":28},"end":{"line":6,"column":48}},"5":{"start":{"line":7,"column":29},"end":{"line":7,"column":58}},"6":{"start":{"line":8,"column":21},"end":{"line":8,"column":31}},"7":{"start":{"line":10,"column":27},"end":{"line":15,"column":10}},"8":{"start":{"line":17,"column":24},"end":{"line":26,"column":3}},"9":{"start":{"line":28,"column":30},"end":{"line":30,"column":4}},"10":{"start":{"line":32,"column":19},"end":{"line":37,"column":4}},"11":{"start":{"line":39,"column":8},"end":{"line":45,"column":9}},"12":{"start":{"line":47,"column":8},"end":{"line":47,"column":43}},"13":{"start":{"line":49,"column":8},"end":{"line":49,"column":28}},"14":{"start":{"line":53,"column":18},"end":{"line":76,"column":1}},"15":{"start":{"line":54,"column":4},"end":{"line":75,"column":5}},"16":{"start":{"line":55,"column":30},"end":{"line":55,"column":61}},"17":{"start":{"line":57,"column":8},"end":{"line":57,"column":96}},"18":{"start":{"line":57,"column":69},"end":{"line":57,"column":96}},"19":{"start":{"line":59,"column":25},"end":{"line":59,"column":41}},"20":{"start":{"line":60,"column":28},"end":{"line":60,"column":65}},"21":{"start":{"line":61,"column":23},"end":{"line":61,"column":43}},"22":{"start":{"line":64,"column":12},"end":{"line":67,"column":13}},"23":{"start":{"line":70,"column":8},"end":{"line":72,"column":10}},"24":{"start":{"line":74,"column":8},"end":{"line":74,"column":19}},"25":{"start":{"line":78,"column":0},"end":{"line":78,"column":41}}},"fnMap":{"0":{"name":"(anonymous_0)","decl":{"start":{"line":4,"column":18},"end":{"line":4,"column":19}},"loc":{"start":{"line":4,"column":44},"end":{"line":51,"column":1}},"line":4},"1":{"name":"(anonymous_1)","decl":{"start":{"line":53,"column":18},"end":{"line":53,"column":19}},"loc":{"start":{"line":53,"column":44},"end":{"line":76,"column":1}},"line":53}},"branchMap":{"0":{"loc":{"start":{"line":57,"column":8},"end":{"line":57,"column":96}},"type":"if","locations":[{"start":{"line":57,"column":8},"end":{"line":57,"column":96}},{"start":{},"end":{}}],"line":57}},"s":{"0":11,"1":11,"2":11,"3":0,"4":0,"5":0,"6":0,"7":0,"8":0,"9":0,"10":0,"11":0,"12":0,"13":0,"14":11,"15":0,"16":0,"17":0,"18":0,"19":0,"20":0,"21":0,"22":0,"23":0,"24":0,"25":11},"f":{"0":0,"1":0},"b":{"0":[0,0]},"_coverageSchema":"1a1c01bbd47fc00a2c39e90264f33305004495a9","hash":"16bc809bce982820660171b4f10572ef24cbecc5"}
,"/home/bernhard/git/FINAL PRO/bimble-server/middlewares/authentication.js": {"path":"/home/bernhard/git/FINAL PRO/bimble-server/middlewares/authentication.js","statementMap":{"0":{"start":{"line":1,"column":17},"end":{"line":1,"column":37}},"1":{"start":{"line":2,"column":24},"end":{"line":2,"column":49}},"2":{"start":{"line":4,"column":23},"end":{"line":35,"column":1}},"3":{"start":{"line":5,"column":1},"end":{"line":34,"column":2}},"4":{"start":{"line":6,"column":34},"end":{"line":6,"column":45}},"5":{"start":{"line":8,"column":2},"end":{"line":10,"column":3}},"6":{"start":{"line":9,"column":3},"end":{"line":9,"column":34}},"7":{"start":{"line":12,"column":15},"end":{"line":12,"column":33}},"8":{"start":{"line":14,"column":20},"end":{"line":19,"column":4}},"9":{"start":{"line":21,"column":2},"end":{"line":23,"column":3}},"10":{"start":{"line":22,"column":3},"end":{"line":22,"column":34}},"11":{"start":{"line":25,"column":2},"end":{"line":29,"column":4}},"12":{"start":{"line":31,"column":2},"end":{"line":31,"column":9}},"13":{"start":{"line":33,"column":2},"end":{"line":33,"column":14}},"14":{"start":{"line":37,"column":0},"end":{"line":37,"column":32}}},"fnMap":{"0":{"name":"(anonymous_0)","decl":{"start":{"line":4,"column":23},"end":{"line":4,"column":24}},"loc":{"start":{"line":4,"column":49},"end":{"line":35,"column":1}},"line":4}},"branchMap":{"0":{"loc":{"start":{"line":8,"column":2},"end":{"line":10,"column":3}},"type":"if","locations":[{"start":{"line":8,"column":2},"end":{"line":10,"column":3}},{"start":{},"end":{}}],"line":8},"1":{"loc":{"start":{"line":21,"column":2},"end":{"line":23,"column":3}},"type":"if","locations":[{"start":{"line":21,"column":2},"end":{"line":23,"column":3}},{"start":{},"end":{}}],"line":21}},"s":{"0":11,"1":11,"2":11,"3":0,"4":0,"5":0,"6":0,"7":0,"8":0,"9":0,"10":0,"11":0,"12":0,"13":0,"14":11},"f":{"0":0},"b":{"0":[0,0],"1":[0,0]},"_coverageSchema":"1a1c01bbd47fc00a2c39e90264f33305004495a9","hash":"e326adba1f7f05566546a3f94a136d98e429cbb9"}
,"/home/bernhard/git/FINAL PRO/bimble-server/middlewares/authorization.js": {"path":"/home/bernhard/git/FINAL PRO/bimble-server/middlewares/authorization.js","statementMap":{"0":{"start":{"line":1,"column":22},"end":{"line":12,"column":1}},"1":{"start":{"line":2,"column":1},"end":{"line":11,"column":2}},"2":{"start":{"line":3,"column":15},"end":{"line":3,"column":28}},"3":{"start":{"line":4,"column":2},"end":{"line":8,"column":3}},"4":{"start":{"line":5,"column":3},"end":{"line":5,"column":10}},"5":{"start":{"line":7,"column":3},"end":{"line":7,"column":31}},"6":{"start":{"line":10,"column":2},"end":{"line":10,"column":12}},"7":{"start":{"line":14,"column":0},"end":{"line":14,"column":31}}},"fnMap":{"0":{"name":"(anonymous_0)","decl":{"start":{"line":1,"column":22},"end":{"line":1,"column":23}},"loc":{"start":{"line":1,"column":48},"end":{"line":12,"column":1}},"line":1}},"branchMap":{"0":{"loc":{"start":{"line":4,"column":2},"end":{"line":8,"column":3}},"type":"if","locations":[{"start":{"line":4,"column":2},"end":{"line":8,"column":3}},{"start":{"line":6,"column":9},"end":{"line":8,"column":3}}],"line":4}},"s":{"0":11,"1":0,"2":0,"3":0,"4":0,"5":0,"6":0,"7":11},"f":{"0":0},"b":{"0":[0,0]},"_coverageSchema":"1a1c01bbd47fc00a2c39e90264f33305004495a9","hash":"bf8858814aefffb13ec3ff67015bd6278bfe385f"}
,"/home/bernhard/git/FINAL PRO/bimble-server/middlewares/errorHandler.js": {"path":"/home/bernhard/git/FINAL PRO/bimble-server/middlewares/errorHandler.js","statementMap":{"0":{"start":{"line":1,"column":21},"end":{"line":53,"column":1}},"1":{"start":{"line":2,"column":13},"end":{"line":2,"column":16}},"2":{"start":{"line":3,"column":12},"end":{"line":3,"column":35}},"3":{"start":{"line":5,"column":2},"end":{"line":50,"column":3}},"4":{"start":{"line":6,"column":4},"end":{"line":6,"column":15}},"5":{"start":{"line":7,"column":4},"end":{"line":7,"column":32}},"6":{"start":{"line":8,"column":9},"end":{"line":50,"column":3}},"7":{"start":{"line":9,"column":4},"end":{"line":9,"column":15}},"8":{"start":{"line":10,"column":4},"end":{"line":10,"column":32}},"9":{"start":{"line":11,"column":9},"end":{"line":50,"column":3}},"10":{"start":{"line":12,"column":4},"end":{"line":12,"column":15}},"11":{"start":{"line":13,"column":4},"end":{"line":13,"column":35}},"12":{"start":{"line":14,"column":9},"end":{"line":50,"column":3}},"13":{"start":{"line":15,"column":4},"end":{"line":15,"column":15}},"14":{"start":{"line":16,"column":4},"end":{"line":16,"column":25}},"15":{"start":{"line":17,"column":9},"end":{"line":50,"column":3}},"16":{"start":{"line":18,"column":4},"end":{"line":18,"column":15}},"17":{"start":{"line":19,"column":4},"end":{"line":19,"column":29}},"18":{"start":{"line":20,"column":9},"end":{"line":50,"column":3}},"19":{"start":{"line":21,"column":4},"end":{"line":21,"column":15}},"20":{"start":{"line":22,"column":4},"end":{"line":22,"column":37}},"21":{"start":{"line":23,"column":9},"end":{"line":50,"column":3}},"22":{"start":{"line":24,"column":4},"end":{"line":24,"column":15}},"23":{"start":{"line":25,"column":4},"end":{"line":25,"column":31}},"24":{"start":{"line":26,"column":9},"end":{"line":50,"column":3}},"25":{"start":{"line":27,"column":4},"end":{"line":27,"column":15}},"26":{"start":{"line":28,"column":4},"end":{"line":28,"column":34}},"27":{"start":{"line":29,"column":9},"end":{"line":50,"column":3}},"28":{"start":{"line":30,"column":4},"end":{"line":30,"column":15}},"29":{"start":{"line":31,"column":4},"end":{"line":31,"column":30}},"30":{"start":{"line":32,"column":9},"end":{"line":50,"column":3}},"31":{"start":{"line":33,"column":4},"end":{"line":33,"column":15}},"32":{"start":{"line":34,"column":4},"end":{"line":34,"column":38}},"33":{"start":{"line":35,"column":9},"end":{"line":50,"column":3}},"34":{"start":{"line":36,"column":4},"end":{"line":36,"column":15}},"35":{"start":{"line":37,"column":4},"end":{"line":37,"column":47}},"36":{"start":{"line":38,"column":9},"end":{"line":50,"column":3}},"37":{"start":{"line":39,"column":4},"end":{"line":39,"column":14}},"38":{"start":{"line":40,"column":4},"end":{"line":40,"column":34}},"39":{"start":{"line":41,"column":9},"end":{"line":50,"column":3}},"40":{"start":{"line":42,"column":4},"end":{"line":42,"column":14}},"41":{"start":{"line":43,"column":4},"end":{"line":43,"column":30}},"42":{"start":{"line":44,"column":9},"end":{"line":50,"column":3}},"43":{"start":{"line":45,"column":4},"end":{"line":45,"column":14}},"44":{"start":{"line":46,"column":4},"end":{"line":46,"column":27}},"45":{"start":{"line":47,"column":9},"end":{"line":50,"column":3}},"46":{"start":{"line":48,"column":4},"end":{"line":48,"column":14}},"47":{"start":{"line":49,"column":4},"end":{"line":49,"column":46}},"48":{"start":{"line":52,"column":2},"end":{"line":52,"column":42}},"49":{"start":{"line":55,"column":0},"end":{"line":55,"column":30}}},"fnMap":{"0":{"name":"(anonymous_0)","decl":{"start":{"line":1,"column":21},"end":{"line":1,"column":22}},"loc":{"start":{"line":1,"column":46},"end":{"line":53,"column":1}},"line":1}},"branchMap":{"0":{"loc":{"start":{"line":5,"column":2},"end":{"line":50,"column":3}},"type":"if","locations":[{"start":{"line":5,"column":2},"end":{"line":50,"column":3}},{"start":{"line":8,"column":9},"end":{"line":50,"column":3}}],"line":5},"1":{"loc":{"start":{"line":8,"column":9},"end":{"line":50,"column":3}},"type":"if","locations":[{"start":{"line":8,"column":9},"end":{"line":50,"column":3}},{"start":{"line":11,"column":9},"end":{"line":50,"column":3}}],"line":8},"2":{"loc":{"start":{"line":11,"column":9},"end":{"line":50,"column":3}},"type":"if","locations":[{"start":{"line":11,"column":9},"end":{"line":50,"column":3}},{"start":{"line":14,"column":9},"end":{"line":50,"column":3}}],"line":11},"3":{"loc":{"start":{"line":14,"column":9},"end":{"line":50,"column":3}},"type":"if","locations":[{"start":{"line":14,"column":9},"end":{"line":50,"column":3}},{"start":{"line":17,"column":9},"end":{"line":50,"column":3}}],"line":14},"4":{"loc":{"start":{"line":17,"column":9},"end":{"line":50,"column":3}},"type":"if","locations":[{"start":{"line":17,"column":9},"end":{"line":50,"column":3}},{"start":{"line":20,"column":9},"end":{"line":50,"column":3}}],"line":17},"5":{"loc":{"start":{"line":20,"column":9},"end":{"line":50,"column":3}},"type":"if","locations":[{"start":{"line":20,"column":9},"end":{"line":50,"column":3}},{"start":{"line":23,"column":9},"end":{"line":50,"column":3}}],"line":20},"6":{"loc":{"start":{"line":23,"column":9},"end":{"line":50,"column":3}},"type":"if","locations":[{"start":{"line":23,"column":9},"end":{"line":50,"column":3}},{"start":{"line":26,"column":9},"end":{"line":50,"column":3}}],"line":23},"7":{"loc":{"start":{"line":26,"column":9},"end":{"line":50,"column":3}},"type":"if","locations":[{"start":{"line":26,"column":9},"end":{"line":50,"column":3}},{"start":{"line":29,"column":9},"end":{"line":50,"column":3}}],"line":26},"8":{"loc":{"start":{"line":29,"column":9},"end":{"line":50,"column":3}},"type":"if","locations":[{"start":{"line":29,"column":9},"end":{"line":50,"column":3}},{"start":{"line":32,"column":9},"end":{"line":50,"column":3}}],"line":29},"9":{"loc":{"start":{"line":32,"column":9},"end":{"line":50,"column":3}},"type":"if","locations":[{"start":{"line":32,"column":9},"end":{"line":50,"column":3}},{"start":{"line":35,"column":9},"end":{"line":50,"column":3}}],"line":32},"10":{"loc":{"start":{"line":35,"column":9},"end":{"line":50,"column":3}},"type":"if","locations":[{"start":{"line":35,"column":9},"end":{"line":50,"column":3}},{"start":{"line":38,"column":9},"end":{"line":50,"column":3}}],"line":35},"11":{"loc":{"start":{"line":38,"column":9},"end":{"line":50,"column":3}},"type":"if","locations":[{"start":{"line":38,"column":9},"end":{"line":50,"column":3}},{"start":{"line":41,"column":9},"end":{"line":50,"column":3}}],"line":38},"12":{"loc":{"start":{"line":41,"column":9},"end":{"line":50,"column":3}},"type":"if","locations":[{"start":{"line":41,"column":9},"end":{"line":50,"column":3}},{"start":{"line":44,"column":9},"end":{"line":50,"column":3}}],"line":41},"13":{"loc":{"start":{"line":44,"column":9},"end":{"line":50,"column":3}},"type":"if","locations":[{"start":{"line":44,"column":9},"end":{"line":50,"column":3}},{"start":{"line":47,"column":9},"end":{"line":50,"column":3}}],"line":44},"14":{"loc":{"start":{"line":47,"column":9},"end":{"line":50,"column":3}},"type":"if","locations":[{"start":{"line":47,"column":9},"end":{"line":50,"column":3}},{"start":{},"end":{}}],"line":47}},"s":{"0":11,"1":11,"2":11,"3":11,"4":5,"5":5,"6":6,"7":0,"8":0,"9":6,"10":0,"11":0,"12":6,"13":0,"14":0,"15":6,"16":0,"17":0,"18":6,"19":0,"20":0,"21":6,"22":0,"23":0,"24":6,"25":0,"26":0,"27":6,"28":0,"29":0,"30":6,"31":0,"32":0,"33":6,"34":0,"35":0,"36":6,"37":0,"38":0,"39":6,"40":0,"41":0,"42":6,"43":0,"44":0,"45":6,"46":0,"47":0,"48":11,"49":11},"f":{"0":11},"b":{"0":[5,6],"1":[0,6],"2":[0,6],"3":[0,6],"4":[0,6],"5":[0,6],"6":[0,6],"7":[0,6],"8":[0,6],"9":[0,6],"10":[0,6],"11":[0,6],"12":[0,6],"13":[0,6],"14":[0,6]},"_coverageSchema":"1a1c01bbd47fc00a2c39e90264f33305004495a9","hash":"8f7d380c9170def8f82459fa4f5179b4f7260854"}
,"/home/bernhard/git/FINAL PRO/bimble-server/middlewares/ratingAuthorization.js": {"path":"/home/bernhard/git/FINAL PRO/bimble-server/middlewares/ratingAuthorization.js","statementMap":{"0":{"start":{"line":1,"column":23},"end":{"line":1,"column":43}},"1":{"start":{"line":3,"column":28},"end":{"line":18,"column":1}},"2":{"start":{"line":4,"column":1},"end":{"line":17,"column":2}},"3":{"start":{"line":5,"column":17},"end":{"line":5,"column":25}},"4":{"start":{"line":6,"column":29},"end":{"line":6,"column":39}},"5":{"start":{"line":8,"column":27},"end":{"line":10,"column":10}},"6":{"start":{"line":12,"column":8},"end":{"line":12,"column":56}},"7":{"start":{"line":12,"column":25},"end":{"line":12,"column":56}},"8":{"start":{"line":14,"column":8},"end":{"line":14,"column":14}},"9":{"start":{"line":16,"column":2},"end":{"line":16,"column":11}},"10":{"start":{"line":20,"column":0},"end":{"line":20,"column":37}}},"fnMap":{"0":{"name":"(anonymous_0)","decl":{"start":{"line":3,"column":28},"end":{"line":3,"column":29}},"loc":{"start":{"line":3,"column":54},"end":{"line":18,"column":1}},"line":3}},"branchMap":{"0":{"loc":{"start":{"line":12,"column":8},"end":{"line":12,"column":56}},"type":"if","locations":[{"start":{"line":12,"column":8},"end":{"line":12,"column":56}},{"start":{},"end":{}}],"line":12}},"s":{"0":11,"1":11,"2":0,"3":0,"4":0,"5":0,"6":0,"7":0,"8":0,"9":0,"10":11},"f":{"0":0},"b":{"0":[0,0]},"_coverageSchema":"1a1c01bbd47fc00a2c39e90264f33305004495a9","hash":"127f7f72d44308c93e4ab7ca582873bc2fdbf8b3"}
,"/home/bernhard/git/FINAL PRO/bimble-server/middlewares/uploadImages.js": {"path":"/home/bernhard/git/FINAL PRO/bimble-server/middlewares/uploadImages.js","statementMap":{"0":{"start":{"line":1,"column":17},"end":{"line":1,"column":37}},"1":{"start":{"line":2,"column":14},"end":{"line":2,"column":30}},"2":{"start":{"line":4,"column":21},"end":{"line":53,"column":1}},"3":{"start":{"line":5,"column":1},"end":{"line":52,"column":2}},"4":{"start":{"line":6,"column":2},"end":{"line":48,"column":3}},"5":{"start":{"line":7,"column":17},"end":{"line":7,"column":26}},"6":{"start":{"line":8,"column":27},"end":{"line":25,"column":5}},"7":{"start":{"line":9,"column":4},"end":{"line":13,"column":5}},"8":{"start":{"line":10,"column":5},"end":{"line":12,"column":7}},"9":{"start":{"line":14,"column":4},"end":{"line":18,"column":5}},"10":{"start":{"line":15,"column":5},"end":{"line":17,"column":7}},"11":{"start":{"line":19,"column":21},"end":{"line":19,"column":49}},"12":{"start":{"line":20,"column":15},"end":{"line":20,"column":29}},"13":{"start":{"line":22,"column":4},"end":{"line":22,"column":36}},"14":{"start":{"line":23,"column":4},"end":{"line":23,"column":45}},"15":{"start":{"line":24,"column":4},"end":{"line":24,"column":16}},"16":{"start":{"line":27,"column":16},"end":{"line":27,"column":18}},"17":{"start":{"line":29,"column":3},"end":{"line":46,"column":4}},"18":{"start":{"line":30,"column":21},"end":{"line":35,"column":6}},"19":{"start":{"line":37,"column":25},"end":{"line":37,"column":54}},"20":{"start":{"line":38,"column":4},"end":{"line":38,"column":22}},"21":{"start":{"line":39,"column":22},"end":{"line":39,"column":44}},"22":{"start":{"line":41,"column":26},"end":{"line":44,"column":5}},"23":{"start":{"line":45,"column":4},"end":{"line":45,"column":31}},"24":{"start":{"line":47,"column":3},"end":{"line":47,"column":28}},"25":{"start":{"line":49,"column":2},"end":{"line":49,"column":9}},"26":{"start":{"line":51,"column":2},"end":{"line":51,"column":12}},"27":{"start":{"line":55,"column":0},"end":{"line":55,"column":30}}},"fnMap":{"0":{"name":"(anonymous_0)","decl":{"start":{"line":4,"column":21},"end":{"line":4,"column":22}},"loc":{"start":{"line":4,"column":47},"end":{"line":53,"column":1}},"line":4},"1":{"name":"(anonymous_1)","decl":{"start":{"line":8,"column":37},"end":{"line":8,"column":38}},"loc":{"start":{"line":8,"column":45},"end":{"line":25,"column":4}},"line":8}},"branchMap":{"0":{"loc":{"start":{"line":6,"column":2},"end":{"line":48,"column":3}},"type":"if","locations":[{"start":{"line":6,"column":2},"end":{"line":48,"column":3}},{"start":{},"end":{}}],"line":6},"1":{"loc":{"start":{"line":9,"column":4},"end":{"line":13,"column":5}},"type":"if","locations":[{"start":{"line":9,"column":4},"end":{"line":13,"column":5}},{"start":{},"end":{}}],"line":9},"2":{"loc":{"start":{"line":14,"column":4},"end":{"line":18,"column":5}},"type":"if","locations":[{"start":{"line":14,"column":4},"end":{"line":18,"column":5}},{"start":{},"end":{}}],"line":14}},"s":{"0":11,"1":11,"2":11,"3":0,"4":0,"5":0,"6":0,"7":0,"8":0,"9":0,"10":0,"11":0,"12":0,"13":0,"14":0,"15":0,"16":0,"17":0,"18":0,"19":0,"20":0,"21":0,"22":0,"23":0,"24":0,"25":0,"26":0,"27":11},"f":{"0":0,"1":0},"b":{"0":[0,0],"1":[0,0],"2":[0,0]},"_coverageSchema":"1a1c01bbd47fc00a2c39e90264f33305004495a9","hash":"e336fa4b1f63b88fa863f151cf4a4611ea5bef6c"}
,"/home/bernhard/git/FINAL PRO/bimble-server/models/category.js": {"path":"/home/bernhard/git/FINAL PRO/bimble-server/models/category.js","statementMap":{"0":{"start":{"line":2,"column":18},"end":{"line":2,"column":38}},"1":{"start":{"line":3,"column":0},"end":{"line":33,"column":2}},"2":{"start":{"line":12,"column":3},"end":{"line":12,"column":65}},"3":{"start":{"line":15,"column":1},"end":{"line":31,"column":3}},"4":{"start":{"line":32,"column":1},"end":{"line":32,"column":17}}},"fnMap":{"0":{"name":"(anonymous_0)","decl":{"start":{"line":3,"column":17},"end":{"line":3,"column":18}},"loc":{"start":{"line":3,"column":43},"end":{"line":33,"column":1}},"line":3},"1":{"name":"(anonymous_1)","decl":{"start":{"line":10,"column":2},"end":{"line":10,"column":3}},"loc":{"start":{"line":10,"column":27},"end":{"line":13,"column":3}},"line":10}},"branchMap":{},"s":{"0":11,"1":11,"2":11,"3":11,"4":11},"f":{"0":11,"1":11},"b":{},"_coverageSchema":"1a1c01bbd47fc00a2c39e90264f33305004495a9","hash":"fd6131e52eb4d59efcc27875affc848c148da68e"}
,"/home/bernhard/git/FINAL PRO/bimble-server/models/comment.js": {"path":"/home/bernhard/git/FINAL PRO/bimble-server/models/comment.js","statementMap":{"0":{"start":{"line":2,"column":18},"end":{"line":2,"column":38}},"1":{"start":{"line":3,"column":0},"end":{"line":51,"column":2}},"2":{"start":{"line":12,"column":3},"end":{"line":12,"column":60}},"3":{"start":{"line":13,"column":3},"end":{"line":13,"column":62}},"4":{"start":{"line":16,"column":1},"end":{"line":49,"column":3}},"5":{"start":{"line":50,"column":1},"end":{"line":50,"column":16}}},"fnMap":{"0":{"name":"(anonymous_0)","decl":{"start":{"line":3,"column":17},"end":{"line":3,"column":18}},"loc":{"start":{"line":3,"column":43},"end":{"line":51,"column":1}},"line":3},"1":{"name":"(anonymous_1)","decl":{"start":{"line":10,"column":2},"end":{"line":10,"column":3}},"loc":{"start":{"line":10,"column":27},"end":{"line":14,"column":3}},"line":10}},"branchMap":{},"s":{"0":11,"1":11,"2":11,"3":11,"4":11,"5":11},"f":{"0":11,"1":11},"b":{},"_coverageSchema":"1a1c01bbd47fc00a2c39e90264f33305004495a9","hash":"db82d2334e3d20bf0edc89d8774ff138c130a3ca"}
,"/home/bernhard/git/FINAL PRO/bimble-server/models/course.js": {"path":"/home/bernhard/git/FINAL PRO/bimble-server/models/course.js","statementMap":{"0":{"start":{"line":2,"column":18},"end":{"line":2,"column":38}},"1":{"start":{"line":3,"column":0},"end":{"line":90,"column":2}},"2":{"start":{"line":12,"column":3},"end":{"line":12,"column":89}},"3":{"start":{"line":13,"column":3},"end":{"line":13,"column":67}},"4":{"start":{"line":14,"column":3},"end":{"line":14,"column":60}},"5":{"start":{"line":15,"column":3},"end":{"line":15,"column":61}},"6":{"start":{"line":18,"column":1},"end":{"line":88,"column":3}},"7":{"start":{"line":89,"column":1},"end":{"line":89,"column":15}}},"fnMap":{"0":{"name":"(anonymous_0)","decl":{"start":{"line":3,"column":17},"end":{"line":3,"column":18}},"loc":{"start":{"line":3,"column":43},"end":{"line":90,"column":1}},"line":3},"1":{"name":"(anonymous_1)","decl":{"start":{"line":10,"column":2},"end":{"line":10,"column":3}},"loc":{"start":{"line":10,"column":27},"end":{"line":16,"column":3}},"line":10}},"branchMap":{},"s":{"0":11,"1":11,"2":11,"3":11,"4":11,"5":11,"6":11,"7":11},"f":{"0":11,"1":11},"b":{},"_coverageSchema":"1a1c01bbd47fc00a2c39e90264f33305004495a9","hash":"49ca7f3050d9ffaf47e113f931857941c0af010d"}
,"/home/bernhard/git/FINAL PRO/bimble-server/models/index.js": {"path":"/home/bernhard/git/FINAL PRO/bimble-server/models/index.js","statementMap":{"0":{"start":{"line":3,"column":11},"end":{"line":3,"column":24}},"1":{"start":{"line":4,"column":13},"end":{"line":4,"column":28}},"2":{"start":{"line":5,"column":18},"end":{"line":5,"column":38}},"3":{"start":{"line":6,"column":17},"end":{"line":6,"column":42}},"4":{"start":{"line":7,"column":12},"end":{"line":7,"column":49}},"5":{"start":{"line":8,"column":15},"end":{"line":8,"column":65}},"6":{"start":{"line":9,"column":11},"end":{"line":9,"column":13}},"7":{"start":{"line":12,"column":0},"end":{"line":16,"column":1}},"8":{"start":{"line":13,"column":1},"end":{"line":13,"column":73}},"9":{"start":{"line":15,"column":1},"end":{"line":15,"column":86}},"10":{"start":{"line":18,"column":0},"end":{"line":25,"column":4}},"11":{"start":{"line":20,"column":2},"end":{"line":20,"column":82}},"12":{"start":{"line":23,"column":16},"end":{"line":23,"column":83}},"13":{"start":{"line":24,"column":2},"end":{"line":24,"column":25}},"14":{"start":{"line":27,"column":0},"end":{"line":31,"column":3}},"15":{"start":{"line":28,"column":1},"end":{"line":30,"column":2}},"16":{"start":{"line":29,"column":2},"end":{"line":29,"column":30}},"17":{"start":{"line":33,"column":0},"end":{"line":33,"column":25}},"18":{"start":{"line":34,"column":0},"end":{"line":34,"column":25}},"19":{"start":{"line":36,"column":0},"end":{"line":36,"column":20}}},"fnMap":{"0":{"name":"(anonymous_0)","decl":{"start":{"line":19,"column":9},"end":{"line":19,"column":10}},"loc":{"start":{"line":19,"column":19},"end":{"line":21,"column":2}},"line":19},"1":{"name":"(anonymous_1)","decl":{"start":{"line":22,"column":10},"end":{"line":22,"column":11}},"loc":{"start":{"line":22,"column":20},"end":{"line":25,"column":2}},"line":22},"2":{"name":"(anonymous_2)","decl":{"start":{"line":27,"column":24},"end":{"line":27,"column":25}},"loc":{"start":{"line":27,"column":39},"end":{"line":31,"column":1}},"line":27}},"branchMap":{"0":{"loc":{"start":{"line":7,"column":12},"end":{"line":7,"column":49}},"type":"binary-expr","locations":[{"start":{"line":7,"column":12},"end":{"line":7,"column":32}},{"start":{"line":7,"column":36},"end":{"line":7,"column":49}}],"line":7},"1":{"loc":{"start":{"line":12,"column":0},"end":{"line":16,"column":1}},"type":"if","locations":[{"start":{"line":12,"column":0},"end":{"line":16,"column":1}},{"start":{"line":14,"column":7},"end":{"line":16,"column":1}}],"line":12},"2":{"loc":{"start":{"line":20,"column":9},"end":{"line":20,"column":81}},"type":"binary-expr","locations":[{"start":{"line":20,"column":9},"end":{"line":20,"column":32}},{"start":{"line":20,"column":36},"end":{"line":20,"column":53}},{"start":{"line":20,"column":57},"end":{"line":20,"column":81}}],"line":20},"3":{"loc":{"start":{"line":28,"column":1},"end":{"line":30,"column":2}},"type":"if","locations":[{"start":{"line":28,"column":1},"end":{"line":30,"column":2}},{"start":{},"end":{}}],"line":28}},"s":{"0":11,"1":11,"2":11,"3":11,"4":11,"5":11,"6":11,"7":11,"8":0,"9":11,"10":11,"11":88,"12":77,"13":77,"14":11,"15":77,"16":77,"17":11,"18":11,"19":11},"f":{"0":88,"1":77,"2":77},"b":{"0":[11,0],"1":[0,11],"2":[88,88,77],"3":[77,0]},"_coverageSchema":"1a1c01bbd47fc00a2c39e90264f33305004495a9","hash":"af91f55405c9de0d0b54b7874f4e2a3392b9950f"}
,"/home/bernhard/git/FINAL PRO/bimble-server/models/rating.js": {"path":"/home/bernhard/git/FINAL PRO/bimble-server/models/rating.js","statementMap":{"0":{"start":{"line":4,"column":4},"end":{"line":4,"column":24}},"1":{"start":{"line":5,"column":0},"end":{"line":54,"column":2}},"2":{"start":{"line":14,"column":6},"end":{"line":14,"column":62}},"3":{"start":{"line":15,"column":3},"end":{"line":15,"column":63}},"4":{"start":{"line":18,"column":2},"end":{"line":52,"column":5}},"5":{"start":{"line":53,"column":2},"end":{"line":53,"column":16}}},"fnMap":{"0":{"name":"(anonymous_0)","decl":{"start":{"line":5,"column":17},"end":{"line":5,"column":18}},"loc":{"start":{"line":5,"column":43},"end":{"line":54,"column":1}},"line":5},"1":{"name":"(anonymous_1)","decl":{"start":{"line":12,"column":4},"end":{"line":12,"column":5}},"loc":{"start":{"line":12,"column":29},"end":{"line":16,"column":5}},"line":12}},"branchMap":{},"s":{"0":11,"1":11,"2":11,"3":11,"4":11,"5":11},"f":{"0":11,"1":11},"b":{},"_coverageSchema":"1a1c01bbd47fc00a2c39e90264f33305004495a9","hash":"1bd2163b2108e9a785e77213e81c42c6dcb92e8a"}
,"/home/bernhard/git/FINAL PRO/bimble-server/models/user.js": {"path":"/home/bernhard/git/FINAL PRO/bimble-server/models/user.js","statementMap":{"0":{"start":{"line":2,"column":25},"end":{"line":2,"column":53}},"1":{"start":{"line":3,"column":18},"end":{"line":3,"column":38}},"2":{"start":{"line":4,"column":0},"end":{"line":72,"column":2}},"3":{"start":{"line":13,"column":3},"end":{"line":13,"column":87}},"4":{"start":{"line":14,"column":3},"end":{"line":14,"column":58}},"5":{"start":{"line":15,"column":3},"end":{"line":15,"column":57}},"6":{"start":{"line":18,"column":1},"end":{"line":70,"column":3}},"7":{"start":{"line":64,"column":5},"end":{"line":64,"column":57}},"8":{"start":{"line":71,"column":1},"end":{"line":71,"column":13}}},"fnMap":{"0":{"name":"(anonymous_0)","decl":{"start":{"line":4,"column":17},"end":{"line":4,"column":18}},"loc":{"start":{"line":4,"column":43},"end":{"line":72,"column":1}},"line":4},"1":{"name":"(anonymous_1)","decl":{"start":{"line":11,"column":2},"end":{"line":11,"column":3}},"loc":{"start":{"line":11,"column":27},"end":{"line":16,"column":3}},"line":11},"2":{"name":"(anonymous_2)","decl":{"start":{"line":63,"column":18},"end":{"line":63,"column":19}},"loc":{"start":{"line":63,"column":41},"end":{"line":65,"column":5}},"line":63}},"branchMap":{},"s":{"0":11,"1":11,"2":11,"3":11,"4":11,"5":11,"6":11,"7":5,"8":11},"f":{"0":11,"1":11,"2":5},"b":{},"_coverageSchema":"1a1c01bbd47fc00a2c39e90264f33305004495a9","hash":"d38bfcfabefe3576d4fcfc4b4e03aac3eb7e5733"}
,"/home/bernhard/git/FINAL PRO/bimble-server/models/usercourse.js": {"path":"/home/bernhard/git/FINAL PRO/bimble-server/models/usercourse.js","statementMap":{"0":{"start":{"line":2,"column":18},"end":{"line":2,"column":38}},"1":{"start":{"line":3,"column":0},"end":{"line":59,"column":2}},"2":{"start":{"line":12,"column":3},"end":{"line":12,"column":63}},"3":{"start":{"line":13,"column":3},"end":{"line":13,"column":67}},"4":{"start":{"line":16,"column":1},"end":{"line":57,"column":3}},"5":{"start":{"line":58,"column":1},"end":{"line":58,"column":19}}},"fnMap":{"0":{"name":"(anonymous_0)","decl":{"start":{"line":3,"column":17},"end":{"line":3,"column":18}},"loc":{"start":{"line":3,"column":43},"end":{"line":59,"column":1}},"line":3},"1":{"name":"(anonymous_1)","decl":{"start":{"line":10,"column":2},"end":{"line":10,"column":3}},"loc":{"start":{"line":10,"column":27},"end":{"line":14,"column":3}},"line":10}},"branchMap":{},"s":{"0":11,"1":11,"2":11,"3":11,"4":11,"5":11},"f":{"0":11,"1":11},"b":{},"_coverageSchema":"1a1c01bbd47fc00a2c39e90264f33305004495a9","hash":"680087f3dee8af8ad255901bb2d86468a5efdf45"}
,"/home/bernhard/git/FINAL PRO/bimble-server/models/video.js": {"path":"/home/bernhard/git/FINAL PRO/bimble-server/models/video.js","statementMap":{"0":{"start":{"line":2,"column":18},"end":{"line":2,"column":38}},"1":{"start":{"line":3,"column":0},"end":{"line":51,"column":2}},"2":{"start":{"line":12,"column":3},"end":{"line":12,"column":62}},"3":{"start":{"line":13,"column":3},"end":{"line":13,"column":60}},"4":{"start":{"line":16,"column":1},"end":{"line":49,"column":3}},"5":{"start":{"line":50,"column":1},"end":{"line":50,"column":14}}},"fnMap":{"0":{"name":"(anonymous_0)","decl":{"start":{"line":3,"column":17},"end":{"line":3,"column":18}},"loc":{"start":{"line":3,"column":43},"end":{"line":51,"column":1}},"line":3},"1":{"name":"(anonymous_1)","decl":{"start":{"line":10,"column":2},"end":{"line":10,"column":3}},"loc":{"start":{"line":10,"column":27},"end":{"line":14,"column":3}},"line":10}},"branchMap":{},"s":{"0":11,"1":11,"2":11,"3":11,"4":11,"5":11},"f":{"0":11,"1":11},"b":{},"_coverageSchema":"1a1c01bbd47fc00a2c39e90264f33305004495a9","hash":"885d947593449a37ca3574a1e34af6ccaf50cb1d"}
,"/home/bernhard/git/FINAL PRO/bimble-server/routes/adminRouter.js": {"path":"/home/bernhard/git/FINAL PRO/bimble-server/routes/adminRouter.js","statementMap":{"0":{"start":{"line":1,"column":16},"end":{"line":1,"column":34}},"1":{"start":{"line":2,"column":20},"end":{"line":2,"column":36}},"2":{"start":{"line":3,"column":24},"end":{"line":3,"column":75}},"3":{"start":{"line":4,"column":25},"end":{"line":4,"column":78}},"4":{"start":{"line":5,"column":27},"end":{"line":5,"column":82}},"5":{"start":{"line":6,"column":26},"end":{"line":6,"column":80}},"6":{"start":{"line":7,"column":24},"end":{"line":7,"column":76}},"7":{"start":{"line":8,"column":23},"end":{"line":8,"column":63}},"8":{"start":{"line":9,"column":22},"end":{"line":9,"column":61}},"9":{"start":{"line":10,"column":21},"end":{"line":10,"column":59}},"10":{"start":{"line":11,"column":19},"end":{"line":11,"column":47}},"11":{"start":{"line":13,"column":0},"end":{"line":13,"column":32}},"12":{"start":{"line":14,"column":0},"end":{"line":14,"column":71}},"13":{"start":{"line":15,"column":0},"end":{"line":15,"column":76}},"14":{"start":{"line":16,"column":0},"end":{"line":16,"column":86}},"15":{"start":{"line":17,"column":0},"end":{"line":17,"column":115}},"16":{"start":{"line":18,"column":0},"end":{"line":18,"column":84}},"17":{"start":{"line":19,"column":0},"end":{"line":19,"column":85}},"18":{"start":{"line":20,"column":0},"end":{"line":20,"column":84}},"19":{"start":{"line":21,"column":0},"end":{"line":21,"column":82}},"20":{"start":{"line":22,"column":0},"end":{"line":22,"column":96}},"21":{"start":{"line":23,"column":0},"end":{"line":23,"column":91}},"22":{"start":{"line":24,"column":0},"end":{"line":24,"column":119}},"23":{"start":{"line":25,"column":0},"end":{"line":25,"column":83}},"24":{"start":{"line":26,"column":0},"end":{"line":26,"column":81}},"25":{"start":{"line":27,"column":0},"end":{"line":27,"column":82}},"26":{"start":{"line":29,"column":0},"end":{"line":29,"column":29}}},"fnMap":{},"branchMap":{},"s":{"0":11,"1":11,"2":11,"3":11,"4":11,"5":11,"6":11,"7":11,"8":11,"9":11,"10":11,"11":11,"12":11,"13":11,"14":11,"15":11,"16":11,"17":11,"18":11,"19":11,"20":11,"21":11,"22":11,"23":11,"24":11,"25":11,"26":11},"f":{},"b":{},"_coverageSchema":"1a1c01bbd47fc00a2c39e90264f33305004495a9","hash":"7e74a2e2d5bae890df8514333ca4555955ba14df"}
,"/home/bernhard/git/FINAL PRO/bimble-server/routes/index.js": {"path":"/home/bernhard/git/FINAL PRO/bimble-server/routes/index.js","statementMap":{"0":{"start":{"line":1,"column":16},"end":{"line":1,"column":34}},"1":{"start":{"line":2,"column":15},"end":{"line":2,"column":31}},"2":{"start":{"line":3,"column":21},"end":{"line":3,"column":46}},"3":{"start":{"line":4,"column":20},"end":{"line":4,"column":44}},"4":{"start":{"line":5,"column":21},"end":{"line":5,"column":59}},"5":{"start":{"line":6,"column":23},"end":{"line":6,"column":63}},"6":{"start":{"line":7,"column":33},"end":{"line":7,"column":61}},"7":{"start":{"line":9,"column":0},"end":{"line":9,"column":36}},"8":{"start":{"line":10,"column":0},"end":{"line":10,"column":34}},"9":{"start":{"line":12,"column":0},"end":{"line":12,"column":53}},"10":{"start":{"line":13,"column":0},"end":{"line":13,"column":37}},"11":{"start":{"line":15,"column":0},"end":{"line":15,"column":24}},"12":{"start":{"line":17,"column":0},"end":{"line":17,"column":24}}},"fnMap":{},"branchMap":{},"s":{"0":11,"1":11,"2":11,"3":11,"4":11,"5":11,"6":11,"7":11,"8":11,"9":11,"10":11,"11":11,"12":11},"f":{},"b":{},"_coverageSchema":"1a1c01bbd47fc00a2c39e90264f33305004495a9","hash":"556ec15605eff2e708d4de66d922f5d9b26f00d5"}
,"/home/bernhard/git/FINAL PRO/bimble-server/routes/publicRouter.js": {"path":"/home/bernhard/git/FINAL PRO/bimble-server/routes/publicRouter.js","statementMap":{"0":{"start":{"line":1,"column":16},"end":{"line":1,"column":34}},"1":{"start":{"line":2,"column":21},"end":{"line":2,"column":37}},"2":{"start":{"line":3,"column":29},"end":{"line":3,"column":82}},"3":{"start":{"line":4,"column":29},"end":{"line":4,"column":82}},"4":{"start":{"line":5,"column":25},"end":{"line":5,"column":74}},"5":{"start":{"line":6,"column":26},"end":{"line":6,"column":76}},"6":{"start":{"line":7,"column":25},"end":{"line":7,"column":74}},"7":{"start":{"line":8,"column":23},"end":{"line":8,"column":63}},"8":{"start":{"line":9,"column":28},"end":{"line":9,"column":73}},"9":{"start":{"line":11,"column":0},"end":{"line":11,"column":62}},"10":{"start":{"line":12,"column":0},"end":{"line":12,"column":56}},"11":{"start":{"line":13,"column":0},"end":{"line":13,"column":68}},"12":{"start":{"line":14,"column":0},"end":{"line":14,"column":62}},"13":{"start":{"line":15,"column":0},"end":{"line":15,"column":74}},"14":{"start":{"line":16,"column":0},"end":{"line":16,"column":64}},"15":{"start":{"line":17,"column":0},"end":{"line":17,"column":66}},"16":{"start":{"line":19,"column":0},"end":{"line":19,"column":33}},"17":{"start":{"line":20,"column":0},"end":{"line":20,"column":58}},"18":{"start":{"line":21,"column":0},"end":{"line":21,"column":60}},"19":{"start":{"line":23,"column":0},"end":{"line":23,"column":60}},"20":{"start":{"line":24,"column":0},"end":{"line":24,"column":72}},"21":{"start":{"line":25,"column":0},"end":{"line":25,"column":79}},"22":{"start":{"line":27,"column":0},"end":{"line":27,"column":69}},"23":{"start":{"line":28,"column":0},"end":{"line":28,"column":77}},"24":{"start":{"line":29,"column":0},"end":{"line":29,"column":88}},"25":{"start":{"line":31,"column":0},"end":{"line":31,"column":29}}},"fnMap":{},"branchMap":{},"s":{"0":11,"1":11,"2":11,"3":11,"4":11,"5":11,"6":11,"7":11,"8":11,"9":11,"10":11,"11":11,"12":11,"13":11,"14":11,"15":11,"16":11,"17":11,"18":11,"19":11,"20":11,"21":11,"22":11,"23":11,"24":11,"25":11},"f":{},"b":{},"_coverageSchema":"1a1c01bbd47fc00a2c39e90264f33305004495a9","hash":"cc0c0a81b79ae5c8e774ef8906298323b62c9f57"}
}
