{"D:\\vina hacktiv8\\phase3\\h8-final-project-server\\app.js": {"path":"D:\\vina hacktiv8\\phase3\\h8-final-project-server\\app.js","statementMap":{"0":{"start":{"line":1,"column":0},"end":{"line":1,"column":27}},"1":{"start":{"line":2,"column":13},"end":{"line":2,"column":28}},"2":{"start":{"line":3,"column":16},"end":{"line":3,"column":34}},"3":{"start":{"line":4,"column":12},"end":{"line":4,"column":21}},"4":{"start":{"line":5,"column":15},"end":{"line":5,"column":40}},"5":{"start":{"line":7,"column":0},"end":{"line":7,"column":16}},"6":{"start":{"line":8,"column":0},"end":{"line":8,"column":49}},"7":{"start":{"line":9,"column":0},"end":{"line":9,"column":24}},"8":{"start":{"line":11,"column":0},"end":{"line":11,"column":20}},"9":{"start":{"line":13,"column":0},"end":{"line":13,"column":21}}},"fnMap":{},"branchMap":{},"s":{"0":9,"1":9,"2":9,"3":9,"4":9,"5":9,"6":9,"7":9,"8":9,"9":9},"f":{},"b":{},"_coverageSchema":"1a1c01bbd47fc00a2c39e90264f33305004495a9","hash":"df6da2a5727a3612be5f4f34cae237a8f0af5770"}
,"D:\\vina hacktiv8\\phase3\\h8-final-project-server\\controllers\\admin\\AdminCategoryController.js": {"path":"D:\\vina hacktiv8\\phase3\\h8-final-project-server\\controllers\\admin\\AdminCategoryController.js","statementMap":{"0":{"start":{"line":1,"column":40},"end":{"line":1,"column":63}},"1":{"start":{"line":5,"column":4},"end":{"line":10,"column":5}},"2":{"start":{"line":6,"column":25},"end":{"line":6,"column":49}},"3":{"start":{"line":7,"column":6},"end":{"line":7,"column":39}},"4":{"start":{"line":9,"column":6},"end":{"line":9,"column":16}},"5":{"start":{"line":14,"column":4},"end":{"line":20,"column":5}},"6":{"start":{"line":15,"column":23},"end":{"line":15,"column":31}},"7":{"start":{"line":16,"column":30},"end":{"line":16,"column":61}},"8":{"start":{"line":17,"column":6},"end":{"line":17,"column":44}},"9":{"start":{"line":19,"column":6},"end":{"line":19,"column":16}},"10":{"start":{"line":23,"column":14},"end":{"line":23,"column":43}},"11":{"start":{"line":24,"column":4},"end":{"line":55,"column":5}},"12":{"start":{"line":25,"column":29},"end":{"line":25,"column":39}},"13":{"start":{"line":26,"column":28},"end":{"line":26,"column":63}},"14":{"start":{"line":27,"column":6},"end":{"line":52,"column":7}},"15":{"start":{"line":28,"column":8},"end":{"line":35,"column":10}},"16":{"start":{"line":37,"column":8},"end":{"line":44,"column":10}},"17":{"start":{"line":45,"column":8},"end":{"line":49,"column":13}},"18":{"start":{"line":51,"column":8},"end":{"line":51,"column":43}},"19":{"start":{"line":54,"column":6},"end":{"line":54,"column":16}},"20":{"start":{"line":59,"column":0},"end":{"line":59,"column":36}}},"fnMap":{"0":{"name":"(anonymous_0)","decl":{"start":{"line":4,"column":2},"end":{"line":4,"column":3}},"loc":{"start":{"line":4,"column":49},"end":{"line":11,"column":3}},"line":4},"1":{"name":"(anonymous_1)","decl":{"start":{"line":13,"column":2},"end":{"line":13,"column":3}},"loc":{"start":{"line":13,"column":46},"end":{"line":21,"column":3}},"line":13},"2":{"name":"(anonymous_2)","decl":{"start":{"line":22,"column":2},"end":{"line":22,"column":3}},"loc":{"start":{"line":22,"column":46},"end":{"line":56,"column":3}},"line":22}},"branchMap":{"0":{"loc":{"start":{"line":27,"column":6},"end":{"line":52,"column":7}},"type":"if","locations":[{"start":{"line":27,"column":6},"end":{"line":52,"column":7}},{"start":{"line":50,"column":13},"end":{"line":52,"column":7}}],"line":27}},"s":{"0":9,"1":1,"2":1,"3":1,"4":0,"5":3,"6":3,"7":3,"8":1,"9":2,"10":3,"11":3,"12":3,"13":3,"14":3,"15":1,"16":1,"17":1,"18":2,"19":2,"20":9},"f":{"0":1,"1":3,"2":3},"b":{"0":[1,2]},"_coverageSchema":"1a1c01bbd47fc00a2c39e90264f33305004495a9","hash":"cec2f4944e3b75539801a07a4277df976d3ce6d1"}
,"D:\\vina hacktiv8\\phase3\\h8-final-project-server\\controllers\\admin\\AdminCommentController.js": {"path":"D:\\vina hacktiv8\\phase3\\h8-final-project-server\\controllers\\admin\\AdminCommentController.js","statementMap":{"0":{"start":{"line":1,"column":20},"end":{"line":1,"column":43}},"1":{"start":{"line":5,"column":2},"end":{"line":16,"column":3}},"2":{"start":{"line":6,"column":25},"end":{"line":6,"column":35}},"3":{"start":{"line":7,"column":24},"end":{"line":7,"column":57}},"4":{"start":{"line":8,"column":3},"end":{"line":13,"column":4}},"5":{"start":{"line":9,"column":4},"end":{"line":9,"column":38}},"6":{"start":{"line":11,"column":4},"end":{"line":11,"column":56}},"7":{"start":{"line":12,"column":4},"end":{"line":12,"column":66}},"8":{"start":{"line":15,"column":3},"end":{"line":15,"column":13}},"9":{"start":{"line":20,"column":0},"end":{"line":20,"column":35}}},"fnMap":{"0":{"name":"(anonymous_0)","decl":{"start":{"line":4,"column":1},"end":{"line":4,"column":2}},"loc":{"start":{"line":4,"column":44},"end":{"line":17,"column":2}},"line":4}},"branchMap":{"0":{"loc":{"start":{"line":8,"column":3},"end":{"line":13,"column":4}},"type":"if","locations":[{"start":{"line":8,"column":3},"end":{"line":13,"column":4}},{"start":{"line":10,"column":10},"end":{"line":13,"column":4}}],"line":8}},"s":{"0":9,"1":2,"2":2,"3":2,"4":2,"5":1,"6":1,"7":1,"8":1,"9":9},"f":{"0":2},"b":{"0":[1,1]},"_coverageSchema":"1a1c01bbd47fc00a2c39e90264f33305004495a9","hash":"e856a8b62f9a9a135ce6761afd0bddd920f7712b"}
,"D:\\vina hacktiv8\\phase3\\h8-final-project-server\\controllers\\admin\\AdminCourseController.js": {"path":"D:\\vina hacktiv8\\phase3\\h8-final-project-server\\controllers\\admin\\AdminCourseController.js","statementMap":{"0":{"start":{"line":1,"column":47},"end":{"line":1,"column":70}},"1":{"start":{"line":2,"column":15},"end":{"line":2,"column":35}},"2":{"start":{"line":6,"column":4},"end":{"line":52,"column":5}},"3":{"start":{"line":7,"column":31},"end":{"line":7,"column":40}},"4":{"start":{"line":8,"column":19},"end":{"line":8,"column":21}},"5":{"start":{"line":10,"column":20},"end":{"line":22,"column":7}},"6":{"start":{"line":24,"column":6},"end":{"line":26,"column":7}},"7":{"start":{"line":25,"column":8},"end":{"line":25,"column":59}},"8":{"start":{"line":28,"column":6},"end":{"line":30,"column":7}},"9":{"start":{"line":29,"column":8},"end":{"line":29,"column":41}},"10":{"start":{"line":34,"column":6},"end":{"line":47,"column":7}},"11":{"start":{"line":35,"column":8},"end":{"line":35,"column":29}},"12":{"start":{"line":36,"column":8},"end":{"line":36,"column":44}},"13":{"start":{"line":37,"column":8},"end":{"line":37,"column":57}},"14":{"start":{"line":38,"column":8},"end":{"line":43,"column":10}},"15":{"start":{"line":45,"column":8},"end":{"line":45,"column":49}},"16":{"start":{"line":46,"column":8},"end":{"line":46,"column":26}},"17":{"start":{"line":49,"column":6},"end":{"line":49,"column":35}},"18":{"start":{"line":51,"column":6},"end":{"line":51,"column":16}},"19":{"start":{"line":55,"column":4},"end":{"line":83,"column":5}},"20":{"start":{"line":56,"column":27},"end":{"line":56,"column":37}},"21":{"start":{"line":58,"column":26},"end":{"line":74,"column":8}},"22":{"start":{"line":76,"column":6},"end":{"line":78,"column":7}},"23":{"start":{"line":77,"column":8},"end":{"line":77,"column":41}},"24":{"start":{"line":80,"column":6},"end":{"line":80,"column":40}},"25":{"start":{"line":82,"column":6},"end":{"line":82,"column":16}},"26":{"start":{"line":87,"column":4},"end":{"line":131,"column":5}},"27":{"start":{"line":88,"column":16},"end":{"line":88,"column":45}},"28":{"start":{"line":98,"column":10},"end":{"line":98,"column":18}},"29":{"start":{"line":100,"column":24},"end":{"line":111,"column":7}},"30":{"start":{"line":113,"column":26},"end":{"line":113,"column":28}},"31":{"start":{"line":114,"column":6},"end":{"line":121,"column":9}},"32":{"start":{"line":115,"column":23},"end":{"line":119,"column":9}},"33":{"start":{"line":120,"column":8},"end":{"line":120,"column":35}},"34":{"start":{"line":123,"column":24},"end":{"line":125,"column":8}},"35":{"start":{"line":127,"column":6},"end":{"line":127,"column":23}},"36":{"start":{"line":128,"column":6},"end":{"line":128,"column":69}},"37":{"start":{"line":130,"column":6},"end":{"line":130,"column":16}},"38":{"start":{"line":134,"column":4},"end":{"line":171,"column":5}},"39":{"start":{"line":135,"column":27},"end":{"line":135,"column":37}},"40":{"start":{"line":144,"column":10},"end":{"line":144,"column":18}},"41":{"start":{"line":146,"column":26},"end":{"line":146,"column":57}},"42":{"start":{"line":148,"column":6},"end":{"line":150,"column":7}},"43":{"start":{"line":149,"column":8},"end":{"line":149,"column":41}},"44":{"start":{"line":152,"column":28},"end":{"line":166,"column":7}},"45":{"start":{"line":168,"column":6},"end":{"line":168,"column":48}},"46":{"start":{"line":170,"column":6},"end":{"line":170,"column":16}},"47":{"start":{"line":174,"column":4},"end":{"line":197,"column":5}},"48":{"start":{"line":175,"column":27},"end":{"line":175,"column":37}},"49":{"start":{"line":176,"column":25},"end":{"line":176,"column":33}},"50":{"start":{"line":178,"column":26},"end":{"line":178,"column":57}},"51":{"start":{"line":180,"column":6},"end":{"line":182,"column":7}},"52":{"start":{"line":181,"column":8},"end":{"line":181,"column":41}},"53":{"start":{"line":184,"column":28},"end":{"line":192,"column":7}},"54":{"start":{"line":194,"column":6},"end":{"line":194,"column":48}},"55":{"start":{"line":196,"column":6},"end":{"line":196,"column":16}},"56":{"start":{"line":201,"column":0},"end":{"line":201,"column":34}}},"fnMap":{"0":{"name":"(anonymous_0)","decl":{"start":{"line":5,"column":2},"end":{"line":5,"column":3}},"loc":{"start":{"line":5,"column":46},"end":{"line":53,"column":3}},"line":5},"1":{"name":"(anonymous_1)","decl":{"start":{"line":54,"column":2},"end":{"line":54,"column":3}},"loc":{"start":{"line":54,"column":46},"end":{"line":84,"column":3}},"line":54},"2":{"name":"(anonymous_2)","decl":{"start":{"line":86,"column":2},"end":{"line":86,"column":3}},"loc":{"start":{"line":86,"column":44},"end":{"line":132,"column":3}},"line":86},"3":{"name":"(anonymous_3)","decl":{"start":{"line":114,"column":21},"end":{"line":114,"column":22}},"loc":{"start":{"line":114,"column":32},"end":{"line":121,"column":7}},"line":114},"4":{"name":"(anonymous_4)","decl":{"start":{"line":133,"column":2},"end":{"line":133,"column":3}},"loc":{"start":{"line":133,"column":44},"end":{"line":172,"column":3}},"line":133},"5":{"name":"(anonymous_5)","decl":{"start":{"line":173,"column":2},"end":{"line":173,"column":3}},"loc":{"start":{"line":173,"column":43},"end":{"line":198,"column":3}},"line":173}},"branchMap":{"0":{"loc":{"start":{"line":24,"column":6},"end":{"line":26,"column":7}},"type":"if","locations":[{"start":{"line":24,"column":6},"end":{"line":26,"column":7}},{"start":{},"end":{}}],"line":24},"1":{"loc":{"start":{"line":28,"column":6},"end":{"line":30,"column":7}},"type":"if","locations":[{"start":{"line":28,"column":6},"end":{"line":30,"column":7}},{"start":{},"end":{}}],"line":28},"2":{"loc":{"start":{"line":34,"column":6},"end":{"line":47,"column":7}},"type":"if","locations":[{"start":{"line":34,"column":6},"end":{"line":47,"column":7}},{"start":{"line":44,"column":13},"end":{"line":47,"column":7}}],"line":34},"3":{"loc":{"start":{"line":76,"column":6},"end":{"line":78,"column":7}},"type":"if","locations":[{"start":{"line":76,"column":6},"end":{"line":78,"column":7}},{"start":{},"end":{}}],"line":76},"4":{"loc":{"start":{"line":148,"column":6},"end":{"line":150,"column":7}},"type":"if","locations":[{"start":{"line":148,"column":6},"end":{"line":150,"column":7}},{"start":{},"end":{}}],"line":148},"5":{"loc":{"start":{"line":180,"column":6},"end":{"line":182,"column":7}},"type":"if","locations":[{"start":{"line":180,"column":6},"end":{"line":182,"column":7}},{"start":{},"end":{}}],"line":180}},"s":{"0":9,"1":9,"2":3,"3":3,"4":3,"5":3,"6":3,"7":0,"8":3,"9":1,"10":2,"11":1,"12":1,"13":1,"14":1,"15":1,"16":1,"17":2,"18":1,"19":2,"20":2,"21":2,"22":2,"23":1,"24":1,"25":1,"26":2,"27":2,"28":2,"29":2,"30":1,"31":1,"32":2,"33":2,"34":1,"35":1,"36":1,"37":1,"38":3,"39":3,"40":3,"41":3,"42":3,"43":1,"44":2,"45":1,"46":2,"47":4,"48":4,"49":4,"50":4,"51":4,"52":2,"53":2,"54":1,"55":3,"56":9},"f":{"0":3,"1":2,"2":2,"3":2,"4":3,"5":4},"b":{"0":[0,3],"1":[1,2],"2":[1,1],"3":[1,1],"4":[1,2],"5":[2,2]},"_coverageSchema":"1a1c01bbd47fc00a2c39e90264f33305004495a9","hash":"917c013a2b7c9b177cdd464841af2b3b8f1b721d"}
,"D:\\vina hacktiv8\\phase3\\h8-final-project-server\\controllers\\admin\\AdminUserController.js": {"path":"D:\\vina hacktiv8\\phase3\\h8-final-project-server\\controllers\\admin\\AdminUserController.js","statementMap":{"0":{"start":{"line":1,"column":17},"end":{"line":1,"column":40}},"1":{"start":{"line":5,"column":2},"end":{"line":10,"column":3}},"2":{"start":{"line":6,"column":17},"end":{"line":6,"column":37}},"3":{"start":{"line":7,"column":3},"end":{"line":7,"column":31}},"4":{"start":{"line":9,"column":3},"end":{"line":9,"column":13}},"5":{"start":{"line":14,"column":0},"end":{"line":14,"column":33}}},"fnMap":{"0":{"name":"(anonymous_0)","decl":{"start":{"line":4,"column":1},"end":{"line":4,"column":2}},"loc":{"start":{"line":4,"column":43},"end":{"line":11,"column":2}},"line":4}},"branchMap":{},"s":{"0":9,"1":1,"2":1,"3":1,"4":0,"5":9},"f":{"0":1},"b":{},"_coverageSchema":"1a1c01bbd47fc00a2c39e90264f33305004495a9","hash":"bb48a6e2e082a45a245553bfc39abb8305a25b2f"}
,"D:\\vina hacktiv8\\phase3\\h8-final-project-server\\controllers\\public\\CommentController.js": {"path":"D:\\vina hacktiv8\\phase3\\h8-final-project-server\\controllers\\public\\CommentController.js","statementMap":{"0":{"start":{"line":1,"column":32},"end":{"line":1,"column":55}},"1":{"start":{"line":5,"column":4},"end":{"line":37,"column":5}},"2":{"start":{"line":6,"column":26},"end":{"line":6,"column":36}},"3":{"start":{"line":7,"column":26},"end":{"line":7,"column":34}},"4":{"start":{"line":8,"column":21},"end":{"line":8,"column":29}},"5":{"start":{"line":10,"column":28},"end":{"line":14,"column":8}},"6":{"start":{"line":16,"column":6},"end":{"line":18,"column":7}},"7":{"start":{"line":17,"column":8},"end":{"line":17,"column":41}},"8":{"start":{"line":20,"column":6},"end":{"line":22,"column":7}},"9":{"start":{"line":21,"column":8},"end":{"line":21,"column":40}},"10":{"start":{"line":24,"column":25},"end":{"line":28,"column":8}},"11":{"start":{"line":30,"column":6},"end":{"line":34,"column":9}},"12":{"start":{"line":36,"column":6},"end":{"line":36,"column":18}},"13":{"start":{"line":41,"column":0},"end":{"line":41,"column":35}}},"fnMap":{"0":{"name":"(anonymous_0)","decl":{"start":{"line":4,"column":2},"end":{"line":4,"column":3}},"loc":{"start":{"line":4,"column":42},"end":{"line":38,"column":3}},"line":4}},"branchMap":{"0":{"loc":{"start":{"line":16,"column":6},"end":{"line":18,"column":7}},"type":"if","locations":[{"start":{"line":16,"column":6},"end":{"line":18,"column":7}},{"start":{},"end":{}}],"line":16},"1":{"loc":{"start":{"line":20,"column":6},"end":{"line":22,"column":7}},"type":"if","locations":[{"start":{"line":20,"column":6},"end":{"line":22,"column":7}},{"start":{},"end":{}}],"line":20}},"s":{"0":9,"1":2,"2":2,"3":2,"4":2,"5":2,"6":2,"7":0,"8":2,"9":0,"10":2,"11":1,"12":1,"13":9},"f":{"0":2},"b":{"0":[0,2],"1":[0,2]},"_coverageSchema":"1a1c01bbd47fc00a2c39e90264f33305004495a9","hash":"4a1836a636545b9c28f464ea509c719b3f9ff62c"}
,"D:\\vina hacktiv8\\phase3\\h8-final-project-server\\controllers\\public\\CourseController.js": {"path":"D:\\vina hacktiv8\\phase3\\h8-final-project-server\\controllers\\public\\CourseController.js","statementMap":{"0":{"start":{"line":1,"column":45},"end":{"line":1,"column":68}},"1":{"start":{"line":2,"column":15},"end":{"line":2,"column":35}},"2":{"start":{"line":6,"column":2},"end":{"line":66,"column":3}},"3":{"start":{"line":7,"column":59},"end":{"line":7,"column":68}},"4":{"start":{"line":8,"column":16},"end":{"line":8,"column":18}},"5":{"start":{"line":10,"column":17},"end":{"line":24,"column":4}},"6":{"start":{"line":26,"column":3},"end":{"line":28,"column":4}},"7":{"start":{"line":27,"column":4},"end":{"line":27,"column":55}},"8":{"start":{"line":30,"column":3},"end":{"line":32,"column":4}},"9":{"start":{"line":31,"column":4},"end":{"line":31,"column":42}},"10":{"start":{"line":34,"column":3},"end":{"line":36,"column":4}},"11":{"start":{"line":35,"column":4},"end":{"line":35,"column":42}},"12":{"start":{"line":38,"column":3},"end":{"line":40,"column":4}},"13":{"start":{"line":39,"column":4},"end":{"line":39,"column":44}},"14":{"start":{"line":42,"column":3},"end":{"line":44,"column":4}},"15":{"start":{"line":43,"column":4},"end":{"line":43,"column":37}},"16":{"start":{"line":48,"column":3},"end":{"line":61,"column":4}},"17":{"start":{"line":49,"column":4},"end":{"line":49,"column":25}},"18":{"start":{"line":50,"column":4},"end":{"line":50,"column":40}},"19":{"start":{"line":51,"column":4},"end":{"line":51,"column":53}},"20":{"start":{"line":52,"column":4},"end":{"line":57,"column":6}},"21":{"start":{"line":59,"column":4},"end":{"line":59,"column":45}},"22":{"start":{"line":60,"column":4},"end":{"line":60,"column":22}},"23":{"start":{"line":63,"column":3},"end":{"line":63,"column":32}},"24":{"start":{"line":65,"column":3},"end":{"line":65,"column":13}},"25":{"start":{"line":70,"column":2},"end":{"line":102,"column":5}},"26":{"start":{"line":71,"column":24},"end":{"line":71,"column":34}},"27":{"start":{"line":73,"column":23},"end":{"line":94,"column":5}},"28":{"start":{"line":96,"column":3},"end":{"line":98,"column":4}},"29":{"start":{"line":97,"column":4},"end":{"line":97,"column":37}},"30":{"start":{"line":99,"column":6},"end":{"line":99,"column":40}},"31":{"start":{"line":101,"column":6},"end":{"line":101,"column":16}},"32":{"start":{"line":106,"column":4},"end":{"line":116,"column":5}},"33":{"start":{"line":107,"column":23},"end":{"line":111,"column":8}},"34":{"start":{"line":113,"column":6},"end":{"line":113,"column":36}},"35":{"start":{"line":115,"column":6},"end":{"line":115,"column":15}},"36":{"start":{"line":121,"column":0},"end":{"line":121,"column":34}}},"fnMap":{"0":{"name":"(anonymous_0)","decl":{"start":{"line":5,"column":1},"end":{"line":5,"column":2}},"loc":{"start":{"line":5,"column":45},"end":{"line":67,"column":2}},"line":5},"1":{"name":"(anonymous_1)","decl":{"start":{"line":69,"column":1},"end":{"line":69,"column":2}},"loc":{"start":{"line":69,"column":47},"end":{"line":103,"column":3}},"line":69},"2":{"name":"(anonymous_2)","decl":{"start":{"line":105,"column":2},"end":{"line":105,"column":3}},"loc":{"start":{"line":105,"column":46},"end":{"line":117,"column":3}},"line":105}},"branchMap":{"0":{"loc":{"start":{"line":26,"column":3},"end":{"line":28,"column":4}},"type":"if","locations":[{"start":{"line":26,"column":3},"end":{"line":28,"column":4}},{"start":{},"end":{}}],"line":26},"1":{"loc":{"start":{"line":30,"column":3},"end":{"line":32,"column":4}},"type":"if","locations":[{"start":{"line":30,"column":3},"end":{"line":32,"column":4}},{"start":{},"end":{}}],"line":30},"2":{"loc":{"start":{"line":34,"column":3},"end":{"line":36,"column":4}},"type":"if","locations":[{"start":{"line":34,"column":3},"end":{"line":36,"column":4}},{"start":{},"end":{}}],"line":34},"3":{"loc":{"start":{"line":38,"column":3},"end":{"line":40,"column":4}},"type":"if","locations":[{"start":{"line":38,"column":3},"end":{"line":40,"column":4}},{"start":{},"end":{}}],"line":38},"4":{"loc":{"start":{"line":42,"column":3},"end":{"line":44,"column":4}},"type":"if","locations":[{"start":{"line":42,"column":3},"end":{"line":44,"column":4}},{"start":{},"end":{}}],"line":42},"5":{"loc":{"start":{"line":48,"column":3},"end":{"line":61,"column":4}},"type":"if","locations":[{"start":{"line":48,"column":3},"end":{"line":61,"column":4}},{"start":{"line":58,"column":10},"end":{"line":61,"column":4}}],"line":48},"6":{"loc":{"start":{"line":96,"column":3},"end":{"line":98,"column":4}},"type":"if","locations":[{"start":{"line":96,"column":3},"end":{"line":98,"column":4}},{"start":{},"end":{}}],"line":96}},"s":{"0":9,"1":9,"2":7,"3":7,"4":7,"5":7,"6":7,"7":2,"8":7,"9":1,"10":7,"11":1,"12":7,"13":2,"14":7,"15":1,"16":6,"17":1,"18":1,"19":1,"20":1,"21":5,"22":5,"23":6,"24":1,"25":2,"26":2,"27":2,"28":2,"29":1,"30":1,"31":1,"32":1,"33":1,"34":1,"35":0,"36":9},"f":{"0":7,"1":2,"2":1},"b":{"0":[2,5],"1":[1,6],"2":[1,6],"3":[2,5],"4":[1,6],"5":[1,5],"6":[1,1]},"_coverageSchema":"1a1c01bbd47fc00a2c39e90264f33305004495a9","hash":"a6f3672092c692c1d70c456d514fcd7de3b23086"}
,"D:\\vina hacktiv8\\phase3\\h8-final-project-server\\controllers\\public\\PublicUserController.js": {"path":"D:\\vina hacktiv8\\phase3\\h8-final-project-server\\controllers\\public\\PublicUserController.js","statementMap":{"0":{"start":{"line":1,"column":17},"end":{"line":1,"column":40}},"1":{"start":{"line":2,"column":28},"end":{"line":2,"column":59}},"2":{"start":{"line":3,"column":22},"end":{"line":3,"column":50}},"3":{"start":{"line":4,"column":18},"end":{"line":4,"column":53}},"4":{"start":{"line":5,"column":25},"end":{"line":5,"column":55}},"5":{"start":{"line":9,"column":2},"end":{"line":37,"column":3}},"6":{"start":{"line":10,"column":37},"end":{"line":10,"column":45}},"7":{"start":{"line":12,"column":22},"end":{"line":17,"column":5}},"8":{"start":{"line":19,"column":20},"end":{"line":23,"column":4}},"9":{"start":{"line":25,"column":19},"end":{"line":32,"column":4}},"10":{"start":{"line":33,"column":3},"end":{"line":33,"column":22}},"11":{"start":{"line":34,"column":3},"end":{"line":34,"column":34}},"12":{"start":{"line":36,"column":3},"end":{"line":36,"column":13}},"13":{"start":{"line":41,"column":2},"end":{"line":70,"column":3}},"14":{"start":{"line":42,"column":31},"end":{"line":42,"column":39}},"15":{"start":{"line":44,"column":21},"end":{"line":48,"column":5}},"16":{"start":{"line":50,"column":3},"end":{"line":52,"column":4}},"17":{"start":{"line":51,"column":4},"end":{"line":51,"column":35}},"18":{"start":{"line":54,"column":3},"end":{"line":56,"column":4}},"19":{"start":{"line":55,"column":4},"end":{"line":55,"column":35}},"20":{"start":{"line":58,"column":19},"end":{"line":63,"column":4}},"21":{"start":{"line":65,"column":17},"end":{"line":65,"column":35}},"22":{"start":{"line":67,"column":3},"end":{"line":67,"column":71}},"23":{"start":{"line":69,"column":3},"end":{"line":69,"column":13}},"24":{"start":{"line":74,"column":20},"end":{"line":74,"column":48}},"25":{"start":{"line":75,"column":23},"end":{"line":75,"column":50}},"26":{"start":{"line":76,"column":2},"end":{"line":108,"column":3}},"27":{"start":{"line":77,"column":18},"end":{"line":80,"column":5}},"28":{"start":{"line":81,"column":19},"end":{"line":81,"column":38}},"29":{"start":{"line":83,"column":33},"end":{"line":83,"column":40}},"30":{"start":{"line":85,"column":18},"end":{"line":94,"column":5}},"31":{"start":{"line":95,"column":24},"end":{"line":100,"column":5}},"32":{"start":{"line":102,"column":3},"end":{"line":105,"column":6}},"33":{"start":{"line":107,"column":3},"end":{"line":107,"column":13}},"34":{"start":{"line":112,"column":2},"end":{"line":125,"column":3}},"35":{"start":{"line":113,"column":20},"end":{"line":120,"column":5}},"36":{"start":{"line":122,"column":3},"end":{"line":122,"column":34}},"37":{"start":{"line":124,"column":3},"end":{"line":124,"column":13}},"38":{"start":{"line":129,"column":2},"end":{"line":148,"column":3}},"39":{"start":{"line":130,"column":37},"end":{"line":130,"column":45}},"40":{"start":{"line":132,"column":20},"end":{"line":143,"column":4}},"41":{"start":{"line":145,"column":3},"end":{"line":145,"column":62}},"42":{"start":{"line":147,"column":3},"end":{"line":147,"column":13}},"43":{"start":{"line":152,"column":0},"end":{"line":152,"column":38}}},"fnMap":{"0":{"name":"(anonymous_0)","decl":{"start":{"line":8,"column":1},"end":{"line":8,"column":2}},"loc":{"start":{"line":8,"column":39},"end":{"line":38,"column":2}},"line":8},"1":{"name":"(anonymous_1)","decl":{"start":{"line":40,"column":1},"end":{"line":40,"column":2}},"loc":{"start":{"line":40,"column":36},"end":{"line":71,"column":2}},"line":40},"2":{"name":"(anonymous_2)","decl":{"start":{"line":73,"column":1},"end":{"line":73,"column":2}},"loc":{"start":{"line":73,"column":42},"end":{"line":109,"column":2}},"line":73},"3":{"name":"(anonymous_3)","decl":{"start":{"line":111,"column":1},"end":{"line":111,"column":2}},"loc":{"start":{"line":111,"column":39},"end":{"line":126,"column":2}},"line":111},"4":{"name":"(anonymous_4)","decl":{"start":{"line":128,"column":1},"end":{"line":128,"column":2}},"loc":{"start":{"line":128,"column":41},"end":{"line":149,"column":2}},"line":128}},"branchMap":{"0":{"loc":{"start":{"line":50,"column":3},"end":{"line":52,"column":4}},"type":"if","locations":[{"start":{"line":50,"column":3},"end":{"line":52,"column":4}},{"start":{},"end":{}}],"line":50},"1":{"loc":{"start":{"line":54,"column":3},"end":{"line":56,"column":4}},"type":"if","locations":[{"start":{"line":54,"column":3},"end":{"line":56,"column":4}},{"start":{},"end":{}}],"line":54}},"s":{"0":9,"1":9,"2":9,"3":9,"4":9,"5":6,"6":6,"7":6,"8":1,"9":1,"10":1,"11":1,"12":5,"13":10,"14":10,"15":10,"16":10,"17":1,"18":9,"19":1,"20":8,"21":8,"22":8,"23":2,"24":0,"25":0,"26":0,"27":0,"28":0,"29":0,"30":0,"31":0,"32":0,"33":0,"34":1,"35":1,"36":1,"37":0,"38":1,"39":1,"40":1,"41":1,"42":0,"43":9},"f":{"0":6,"1":10,"2":0,"3":1,"4":1},"b":{"0":[1,9],"1":[1,8]},"_coverageSchema":"1a1c01bbd47fc00a2c39e90264f33305004495a9","hash":"8a978ba4c6dd44abcc3e0a53164f4a3f65f71004"}
,"D:\\vina hacktiv8\\phase3\\h8-final-project-server\\controllers\\public\\RatingController.js": {"path":"D:\\vina hacktiv8\\phase3\\h8-final-project-server\\controllers\\public\\RatingController.js","statementMap":{"0":{"start":{"line":1,"column":19},"end":{"line":1,"column":42}},"1":{"start":{"line":5,"column":8},"end":{"line":23,"column":9}},"2":{"start":{"line":6,"column":33},"end":{"line":6,"column":43}},"3":{"start":{"line":7,"column":28},"end":{"line":12,"column":14}},"4":{"start":{"line":14,"column":25},"end":{"line":14,"column":26}},"5":{"start":{"line":15,"column":12},"end":{"line":17,"column":14}},"6":{"start":{"line":16,"column":14},"end":{"line":16,"column":33}},"7":{"start":{"line":19,"column":12},"end":{"line":19,"column":65}},"8":{"start":{"line":20,"column":12},"end":{"line":20,"column":44}},"9":{"start":{"line":22,"column":12},"end":{"line":22,"column":23}},"10":{"start":{"line":27,"column":8},"end":{"line":45,"column":9}},"11":{"start":{"line":28,"column":27},"end":{"line":28,"column":35}},"12":{"start":{"line":29,"column":33},"end":{"line":29,"column":43}},"13":{"start":{"line":30,"column":31},"end":{"line":30,"column":39}},"14":{"start":{"line":32,"column":30},"end":{"line":36,"column":14}},"15":{"start":{"line":38,"column":12},"end":{"line":42,"column":14}},"16":{"start":{"line":44,"column":12},"end":{"line":44,"column":23}},"17":{"start":{"line":49,"column":0},"end":{"line":49,"column":33}}},"fnMap":{"0":{"name":"(anonymous_0)","decl":{"start":{"line":4,"column":4},"end":{"line":4,"column":5}},"loc":{"start":{"line":4,"column":44},"end":{"line":24,"column":5}},"line":4},"1":{"name":"(anonymous_1)","decl":{"start":{"line":15,"column":28},"end":{"line":15,"column":29}},"loc":{"start":{"line":15,"column":36},"end":{"line":17,"column":13}},"line":15},"2":{"name":"(anonymous_2)","decl":{"start":{"line":26,"column":4},"end":{"line":26,"column":5}},"loc":{"start":{"line":26,"column":44},"end":{"line":46,"column":5}},"line":26}},"branchMap":{},"s":{"0":9,"1":0,"2":0,"3":0,"4":0,"5":0,"6":0,"7":0,"8":0,"9":0,"10":2,"11":2,"12":2,"13":2,"14":2,"15":1,"16":1,"17":9},"f":{"0":0,"1":0,"2":2},"b":{},"_coverageSchema":"1a1c01bbd47fc00a2c39e90264f33305004495a9","hash":"a18adf24502e611a973781a6d9826e65a6ef7a05"}
,"D:\\vina hacktiv8\\phase3\\h8-final-project-server\\controllers\\public\\UserCourseController.js": {"path":"D:\\vina hacktiv8\\phase3\\h8-final-project-server\\controllers\\public\\UserCourseController.js","statementMap":{"0":{"start":{"line":1,"column":53},"end":{"line":1,"column":76}},"1":{"start":{"line":2,"column":18},"end":{"line":2,"column":53}},"2":{"start":{"line":6,"column":4},"end":{"line":29,"column":5}},"3":{"start":{"line":7,"column":21},"end":{"line":7,"column":29}},"4":{"start":{"line":8,"column":25},"end":{"line":25,"column":8}},"5":{"start":{"line":26,"column":6},"end":{"line":26,"column":39}},"6":{"start":{"line":28,"column":6},"end":{"line":28,"column":18}},"7":{"start":{"line":33,"column":4},"end":{"line":83,"column":5}},"8":{"start":{"line":34,"column":21},"end":{"line":34,"column":29}},"9":{"start":{"line":35,"column":27},"end":{"line":35,"column":37}},"10":{"start":{"line":37,"column":21},"end":{"line":39,"column":8}},"11":{"start":{"line":41,"column":6},"end":{"line":41,"column":59}},"12":{"start":{"line":41,"column":26},"end":{"line":41,"column":59}},"13":{"start":{"line":43,"column":25},"end":{"line":76,"column":8}},"14":{"start":{"line":78,"column":6},"end":{"line":78,"column":56}},"15":{"start":{"line":78,"column":23},"end":{"line":78,"column":56}},"16":{"start":{"line":80,"column":6},"end":{"line":80,"column":39}},"17":{"start":{"line":82,"column":6},"end":{"line":82,"column":18}},"18":{"start":{"line":87,"column":4},"end":{"line":141,"column":5}},"19":{"start":{"line":88,"column":21},"end":{"line":88,"column":29}},"20":{"start":{"line":89,"column":27},"end":{"line":89,"column":37}},"21":{"start":{"line":91,"column":19},"end":{"line":91,"column":42}},"22":{"start":{"line":93,"column":21},"end":{"line":95,"column":8}},"23":{"start":{"line":97,"column":6},"end":{"line":97,"column":59}},"24":{"start":{"line":97,"column":26},"end":{"line":97,"column":59}},"25":{"start":{"line":99,"column":25},"end":{"line":101,"column":8}},"26":{"start":{"line":103,"column":6},"end":{"line":103,"column":70}},"27":{"start":{"line":103,"column":29},"end":{"line":103,"column":70}},"28":{"start":{"line":105,"column":28},"end":{"line":109,"column":8}},"29":{"start":{"line":111,"column":21},"end":{"line":116,"column":7}},"30":{"start":{"line":117,"column":22},"end":{"line":130,"column":7}},"31":{"start":{"line":132,"column":6},"end":{"line":132,"column":25}},"32":{"start":{"line":133,"column":6},"end":{"line":138,"column":9}},"33":{"start":{"line":140,"column":6},"end":{"line":140,"column":18}},"34":{"start":{"line":145,"column":0},"end":{"line":145,"column":38}}},"fnMap":{"0":{"name":"(anonymous_0)","decl":{"start":{"line":5,"column":2},"end":{"line":5,"column":3}},"loc":{"start":{"line":5,"column":38},"end":{"line":30,"column":3}},"line":5},"1":{"name":"(anonymous_1)","decl":{"start":{"line":32,"column":2},"end":{"line":32,"column":3}},"loc":{"start":{"line":32,"column":39},"end":{"line":84,"column":3}},"line":32},"2":{"name":"(anonymous_2)","decl":{"start":{"line":86,"column":2},"end":{"line":86,"column":3}},"loc":{"start":{"line":86,"column":45},"end":{"line":142,"column":3}},"line":86}},"branchMap":{"0":{"loc":{"start":{"line":41,"column":6},"end":{"line":41,"column":59}},"type":"if","locations":[{"start":{"line":41,"column":6},"end":{"line":41,"column":59}},{"start":{},"end":{}}],"line":41},"1":{"loc":{"start":{"line":78,"column":6},"end":{"line":78,"column":56}},"type":"if","locations":[{"start":{"line":78,"column":6},"end":{"line":78,"column":56}},{"start":{},"end":{}}],"line":78},"2":{"loc":{"start":{"line":97,"column":6},"end":{"line":97,"column":59}},"type":"if","locations":[{"start":{"line":97,"column":6},"end":{"line":97,"column":59}},{"start":{},"end":{}}],"line":97},"3":{"loc":{"start":{"line":103,"column":6},"end":{"line":103,"column":70}},"type":"if","locations":[{"start":{"line":103,"column":6},"end":{"line":103,"column":70}},{"start":{},"end":{}}],"line":103}},"s":{"0":9,"1":9,"2":1,"3":1,"4":1,"5":1,"6":0,"7":2,"8":2,"9":2,"10":2,"11":2,"12":1,"13":1,"14":1,"15":0,"16":1,"17":1,"18":1,"19":1,"20":1,"21":1,"22":1,"23":1,"24":0,"25":1,"26":1,"27":0,"28":1,"29":1,"30":1,"31":1,"32":1,"33":0,"34":9},"f":{"0":1,"1":2,"2":1},"b":{"0":[1,1],"1":[0,1],"2":[0,1],"3":[0,1]},"_coverageSchema":"1a1c01bbd47fc00a2c39e90264f33305004495a9","hash":"a5034e5f88ff9afec7384acb2f7fb2ce578b9b39"}
,"D:\\vina hacktiv8\\phase3\\h8-final-project-server\\helpers\\bcrypt.js": {"path":"D:\\vina hacktiv8\\phase3\\h8-final-project-server\\helpers\\bcrypt.js","statementMap":{"0":{"start":{"line":1,"column":17},"end":{"line":1,"column":36}},"1":{"start":{"line":3,"column":21},"end":{"line":5,"column":1}},"2":{"start":{"line":4,"column":1},"end":{"line":4,"column":40}},"3":{"start":{"line":7,"column":24},"end":{"line":9,"column":1}},"4":{"start":{"line":8,"column":1},"end":{"line":8,"column":45}},"5":{"start":{"line":11,"column":0},"end":{"line":14,"column":2}}},"fnMap":{"0":{"name":"(anonymous_0)","decl":{"start":{"line":3,"column":21},"end":{"line":3,"column":22}},"loc":{"start":{"line":3,"column":35},"end":{"line":5,"column":1}},"line":3},"1":{"name":"(anonymous_1)","decl":{"start":{"line":7,"column":24},"end":{"line":7,"column":25}},"loc":{"start":{"line":7,"column":44},"end":{"line":9,"column":1}},"line":7}},"branchMap":{},"s":{"0":9,"1":9,"2":6,"3":9,"4":9,"5":9},"f":{"0":6,"1":9},"b":{},"_coverageSchema":"1a1c01bbd47fc00a2c39e90264f33305004495a9","hash":"565ee4cc1e2a9c23d15a211c1a52f88642194993"}
,"D:\\vina hacktiv8\\phase3\\h8-final-project-server\\helpers\\jwt.js": {"path":"D:\\vina hacktiv8\\phase3\\h8-final-project-server\\helpers\\jwt.js","statementMap":{"0":{"start":{"line":1,"column":12},"end":{"line":1,"column":35}},"1":{"start":{"line":3,"column":18},"end":{"line":3,"column":40}},"2":{"start":{"line":5,"column":18},"end":{"line":7,"column":1}},"3":{"start":{"line":6,"column":1},"end":{"line":6,"column":37}},"4":{"start":{"line":9,"column":20},"end":{"line":11,"column":1}},"5":{"start":{"line":10,"column":1},"end":{"line":10,"column":37}},"6":{"start":{"line":13,"column":0},"end":{"line":16,"column":2}}},"fnMap":{"0":{"name":"(anonymous_0)","decl":{"start":{"line":5,"column":18},"end":{"line":5,"column":19}},"loc":{"start":{"line":5,"column":31},"end":{"line":7,"column":1}},"line":5},"1":{"name":"(anonymous_1)","decl":{"start":{"line":9,"column":20},"end":{"line":9,"column":21}},"loc":{"start":{"line":9,"column":31},"end":{"line":11,"column":1}},"line":9}},"branchMap":{},"s":{"0":9,"1":9,"2":9,"3":8,"4":9,"5":42,"6":9},"f":{"0":8,"1":42},"b":{},"_coverageSchema":"1a1c01bbd47fc00a2c39e90264f33305004495a9","hash":"5b59f2b857f8d4eb98f365b79c641e11592e6e54"}
,"D:\\vina hacktiv8\\phase3\\h8-final-project-server\\helpers\\multer.js": {"path":"D:\\vina hacktiv8\\phase3\\h8-final-project-server\\helpers\\multer.js","statementMap":{"0":{"start":{"line":1,"column":15},"end":{"line":1,"column":33}},"1":{"start":{"line":3,"column":16},"end":{"line":3,"column":38}},"2":{"start":{"line":4,"column":15},"end":{"line":4,"column":41}},"3":{"start":{"line":6,"column":0},"end":{"line":6,"column":27}}},"fnMap":{},"branchMap":{},"s":{"0":9,"1":9,"2":9,"3":9},"f":{},"b":{},"_coverageSchema":"1a1c01bbd47fc00a2c39e90264f33305004495a9","hash":"2a6c04f322cbb4121c1751385bfc64785de30edb"}
,"D:\\vina hacktiv8\\phase3\\h8-final-project-server\\helpers\\nodemailer.js": {"path":"D:\\vina hacktiv8\\phase3\\h8-final-project-server\\helpers\\nodemailer.js","statementMap":{"0":{"start":{"line":1,"column":19},"end":{"line":1,"column":40}},"1":{"start":{"line":3,"column":20},"end":{"line":9,"column":2}},"2":{"start":{"line":12,"column":24},"end":{"line":24,"column":5}},"3":{"start":{"line":26,"column":4},"end":{"line":26,"column":37}},"4":{"start":{"line":29,"column":0},"end":{"line":29,"column":26}}},"fnMap":{"0":{"name":"sendEmail","decl":{"start":{"line":11,"column":9},"end":{"line":11,"column":18}},"loc":{"start":{"line":11,"column":29},"end":{"line":27,"column":1}},"line":11}},"branchMap":{},"s":{"0":9,"1":9,"2":2,"3":2,"4":9},"f":{"0":2},"b":{},"_coverageSchema":"1a1c01bbd47fc00a2c39e90264f33305004495a9","hash":"b8ab412cbd8d679f0c63dd0c957c4459b87bccd0"}
,"D:\\vina hacktiv8\\phase3\\h8-final-project-server\\helpers\\xendit.js": {"path":"D:\\vina hacktiv8\\phase3\\h8-final-project-server\\helpers\\xendit.js","statementMap":{"0":{"start":{"line":1,"column":14},"end":{"line":1,"column":30}},"1":{"start":{"line":2,"column":31},"end":{"line":2,"column":51}},"2":{"start":{"line":4,"column":18},"end":{"line":51,"column":1}},"3":{"start":{"line":5,"column":4},"end":{"line":50,"column":5}},"4":{"start":{"line":6,"column":28},"end":{"line":6,"column":48}},"5":{"start":{"line":7,"column":29},"end":{"line":7,"column":58}},"6":{"start":{"line":8,"column":21},"end":{"line":8,"column":31}},"7":{"start":{"line":10,"column":27},"end":{"line":15,"column":10}},"8":{"start":{"line":17,"column":24},"end":{"line":26,"column":3}},"9":{"start":{"line":28,"column":30},"end":{"line":30,"column":4}},"10":{"start":{"line":32,"column":19},"end":{"line":37,"column":4}},"11":{"start":{"line":39,"column":8},"end":{"line":45,"column":9}},"12":{"start":{"line":47,"column":8},"end":{"line":47,"column":43}},"13":{"start":{"line":49,"column":8},"end":{"line":49,"column":28}},"14":{"start":{"line":53,"column":18},"end":{"line":76,"column":1}},"15":{"start":{"line":54,"column":4},"end":{"line":75,"column":5}},"16":{"start":{"line":55,"column":30},"end":{"line":55,"column":61}},"17":{"start":{"line":57,"column":8},"end":{"line":57,"column":96}},"18":{"start":{"line":57,"column":69},"end":{"line":57,"column":96}},"19":{"start":{"line":59,"column":25},"end":{"line":59,"column":41}},"20":{"start":{"line":60,"column":28},"end":{"line":60,"column":65}},"21":{"start":{"line":61,"column":23},"end":{"line":61,"column":43}},"22":{"start":{"line":63,"column":8},"end":{"line":68,"column":9}},"23":{"start":{"line":64,"column":12},"end":{"line":67,"column":13}},"24":{"start":{"line":70,"column":8},"end":{"line":72,"column":10}},"25":{"start":{"line":74,"column":8},"end":{"line":74,"column":19}},"26":{"start":{"line":78,"column":0},"end":{"line":78,"column":41}}},"fnMap":{"0":{"name":"(anonymous_0)","decl":{"start":{"line":4,"column":18},"end":{"line":4,"column":19}},"loc":{"start":{"line":4,"column":44},"end":{"line":51,"column":1}},"line":4},"1":{"name":"(anonymous_1)","decl":{"start":{"line":53,"column":18},"end":{"line":53,"column":19}},"loc":{"start":{"line":53,"column":44},"end":{"line":76,"column":1}},"line":53}},"branchMap":{"0":{"loc":{"start":{"line":57,"column":8},"end":{"line":57,"column":96}},"type":"if","locations":[{"start":{"line":57,"column":8},"end":{"line":57,"column":96}},{"start":{},"end":{}}],"line":57},"1":{"loc":{"start":{"line":63,"column":8},"end":{"line":68,"column":9}},"type":"if","locations":[{"start":{"line":63,"column":8},"end":{"line":68,"column":9}},{"start":{},"end":{}}],"line":63}},"s":{"0":9,"1":9,"2":9,"3":2,"4":2,"5":2,"6":2,"7":2,"8":2,"9":2,"10":2,"11":1,"12":1,"13":1,"14":9,"15":2,"16":2,"17":2,"18":1,"19":1,"20":1,"21":1,"22":1,"23":1,"24":1,"25":1,"26":9},"f":{"0":2,"1":2},"b":{"0":[1,1],"1":[1,0]},"_coverageSchema":"1a1c01bbd47fc00a2c39e90264f33305004495a9","hash":"5277cbbba5004732a919904cab5eeacea18aa0d0"}
,"D:\\vina hacktiv8\\phase3\\h8-final-project-server\\middlewares\\authentication.js": {"path":"D:\\vina hacktiv8\\phase3\\h8-final-project-server\\middlewares\\authentication.js","statementMap":{"0":{"start":{"line":1,"column":17},"end":{"line":1,"column":37}},"1":{"start":{"line":2,"column":24},"end":{"line":2,"column":49}},"2":{"start":{"line":4,"column":23},"end":{"line":35,"column":1}},"3":{"start":{"line":5,"column":1},"end":{"line":34,"column":2}},"4":{"start":{"line":6,"column":34},"end":{"line":6,"column":45}},"5":{"start":{"line":8,"column":2},"end":{"line":10,"column":3}},"6":{"start":{"line":9,"column":3},"end":{"line":9,"column":34}},"7":{"start":{"line":12,"column":15},"end":{"line":12,"column":33}},"8":{"start":{"line":14,"column":20},"end":{"line":19,"column":4}},"9":{"start":{"line":21,"column":2},"end":{"line":23,"column":3}},"10":{"start":{"line":22,"column":3},"end":{"line":22,"column":34}},"11":{"start":{"line":25,"column":2},"end":{"line":29,"column":4}},"12":{"start":{"line":31,"column":2},"end":{"line":31,"column":9}},"13":{"start":{"line":33,"column":2},"end":{"line":33,"column":14}},"14":{"start":{"line":37,"column":0},"end":{"line":37,"column":32}}},"fnMap":{"0":{"name":"(anonymous_0)","decl":{"start":{"line":4,"column":23},"end":{"line":4,"column":24}},"loc":{"start":{"line":4,"column":49},"end":{"line":35,"column":1}},"line":4}},"branchMap":{"0":{"loc":{"start":{"line":8,"column":2},"end":{"line":10,"column":3}},"type":"if","locations":[{"start":{"line":8,"column":2},"end":{"line":10,"column":3}},{"start":{},"end":{}}],"line":8},"1":{"loc":{"start":{"line":21,"column":2},"end":{"line":23,"column":3}},"type":"if","locations":[{"start":{"line":21,"column":2},"end":{"line":23,"column":3}},{"start":{},"end":{}}],"line":21}},"s":{"0":9,"1":9,"2":9,"3":44,"4":44,"5":44,"6":2,"7":42,"8":41,"9":41,"10":2,"11":39,"12":39,"13":5,"14":9},"f":{"0":44},"b":{"0":[2,42],"1":[2,39]},"_coverageSchema":"1a1c01bbd47fc00a2c39e90264f33305004495a9","hash":"c9a0d1955c63609e9a2e5cd8f6dceef9b3b259f5"}
,"D:\\vina hacktiv8\\phase3\\h8-final-project-server\\middlewares\\authorization.js": {"path":"D:\\vina hacktiv8\\phase3\\h8-final-project-server\\middlewares\\authorization.js","statementMap":{"0":{"start":{"line":1,"column":22},"end":{"line":12,"column":1}},"1":{"start":{"line":2,"column":1},"end":{"line":11,"column":2}},"2":{"start":{"line":3,"column":15},"end":{"line":3,"column":28}},"3":{"start":{"line":4,"column":2},"end":{"line":8,"column":3}},"4":{"start":{"line":5,"column":3},"end":{"line":5,"column":10}},"5":{"start":{"line":7,"column":3},"end":{"line":7,"column":31}},"6":{"start":{"line":10,"column":2},"end":{"line":10,"column":12}},"7":{"start":{"line":14,"column":0},"end":{"line":14,"column":31}}},"fnMap":{"0":{"name":"(anonymous_0)","decl":{"start":{"line":1,"column":22},"end":{"line":1,"column":23}},"loc":{"start":{"line":1,"column":48},"end":{"line":12,"column":1}},"line":1}},"branchMap":{"0":{"loc":{"start":{"line":4,"column":2},"end":{"line":8,"column":3}},"type":"if","locations":[{"start":{"line":4,"column":2},"end":{"line":8,"column":3}},{"start":{"line":6,"column":9},"end":{"line":8,"column":3}}],"line":4}},"s":{"0":9,"1":26,"2":26,"3":26,"4":25,"5":1,"6":1,"7":9},"f":{"0":26},"b":{"0":[25,1]},"_coverageSchema":"1a1c01bbd47fc00a2c39e90264f33305004495a9","hash":"e46e4727247c1bc879051caf20fd128b96332b6f"}
,"D:\\vina hacktiv8\\phase3\\h8-final-project-server\\middlewares\\errorHandler.js": {"path":"D:\\vina hacktiv8\\phase3\\h8-final-project-server\\middlewares\\errorHandler.js","statementMap":{"0":{"start":{"line":1,"column":21},"end":{"line":48,"column":1}},"1":{"start":{"line":2,"column":13},"end":{"line":2,"column":16}},"2":{"start":{"line":3,"column":12},"end":{"line":3,"column":35}},"3":{"start":{"line":5,"column":2},"end":{"line":5,"column":19}},"4":{"start":{"line":6,"column":2},"end":{"line":45,"column":3}},"5":{"start":{"line":7,"column":4},"end":{"line":7,"column":15}},"6":{"start":{"line":8,"column":4},"end":{"line":8,"column":32}},"7":{"start":{"line":9,"column":9},"end":{"line":45,"column":3}},"8":{"start":{"line":10,"column":4},"end":{"line":10,"column":15}},"9":{"start":{"line":11,"column":4},"end":{"line":11,"column":32}},"10":{"start":{"line":12,"column":9},"end":{"line":45,"column":3}},"11":{"start":{"line":13,"column":4},"end":{"line":13,"column":15}},"12":{"start":{"line":14,"column":4},"end":{"line":14,"column":35}},"13":{"start":{"line":15,"column":9},"end":{"line":45,"column":3}},"14":{"start":{"line":16,"column":4},"end":{"line":16,"column":15}},"15":{"start":{"line":17,"column":4},"end":{"line":17,"column":25}},"16":{"start":{"line":18,"column":9},"end":{"line":45,"column":3}},"17":{"start":{"line":19,"column":4},"end":{"line":19,"column":15}},"18":{"start":{"line":20,"column":4},"end":{"line":20,"column":29}},"19":{"start":{"line":21,"column":9},"end":{"line":45,"column":3}},"20":{"start":{"line":22,"column":4},"end":{"line":22,"column":15}},"21":{"start":{"line":23,"column":4},"end":{"line":23,"column":37}},"22":{"start":{"line":24,"column":9},"end":{"line":45,"column":3}},"23":{"start":{"line":25,"column":4},"end":{"line":25,"column":15}},"24":{"start":{"line":26,"column":4},"end":{"line":26,"column":31}},"25":{"start":{"line":27,"column":9},"end":{"line":45,"column":3}},"26":{"start":{"line":28,"column":4},"end":{"line":28,"column":15}},"27":{"start":{"line":29,"column":4},"end":{"line":29,"column":34}},"28":{"start":{"line":30,"column":9},"end":{"line":45,"column":3}},"29":{"start":{"line":31,"column":4},"end":{"line":31,"column":15}},"30":{"start":{"line":32,"column":4},"end":{"line":32,"column":30}},"31":{"start":{"line":33,"column":9},"end":{"line":45,"column":3}},"32":{"start":{"line":34,"column":4},"end":{"line":34,"column":15}},"33":{"start":{"line":35,"column":4},"end":{"line":35,"column":38}},"34":{"start":{"line":36,"column":9},"end":{"line":45,"column":3}},"35":{"start":{"line":37,"column":4},"end":{"line":37,"column":15}},"36":{"start":{"line":38,"column":4},"end":{"line":38,"column":47}},"37":{"start":{"line":39,"column":9},"end":{"line":45,"column":3}},"38":{"start":{"line":40,"column":4},"end":{"line":40,"column":14}},"39":{"start":{"line":41,"column":4},"end":{"line":41,"column":34}},"40":{"start":{"line":42,"column":9},"end":{"line":45,"column":3}},"41":{"start":{"line":43,"column":4},"end":{"line":43,"column":14}},"42":{"start":{"line":44,"column":4},"end":{"line":44,"column":30}},"43":{"start":{"line":47,"column":2},"end":{"line":47,"column":42}},"44":{"start":{"line":50,"column":0},"end":{"line":50,"column":30}}},"fnMap":{"0":{"name":"(anonymous_0)","decl":{"start":{"line":1,"column":21},"end":{"line":1,"column":22}},"loc":{"start":{"line":1,"column":46},"end":{"line":48,"column":1}},"line":1}},"branchMap":{"0":{"loc":{"start":{"line":6,"column":2},"end":{"line":45,"column":3}},"type":"if","locations":[{"start":{"line":6,"column":2},"end":{"line":45,"column":3}},{"start":{"line":9,"column":9},"end":{"line":45,"column":3}}],"line":6},"1":{"loc":{"start":{"line":9,"column":9},"end":{"line":45,"column":3}},"type":"if","locations":[{"start":{"line":9,"column":9},"end":{"line":45,"column":3}},{"start":{"line":12,"column":9},"end":{"line":45,"column":3}}],"line":9},"2":{"loc":{"start":{"line":12,"column":9},"end":{"line":45,"column":3}},"type":"if","locations":[{"start":{"line":12,"column":9},"end":{"line":45,"column":3}},{"start":{"line":15,"column":9},"end":{"line":45,"column":3}}],"line":12},"3":{"loc":{"start":{"line":15,"column":9},"end":{"line":45,"column":3}},"type":"if","locations":[{"start":{"line":15,"column":9},"end":{"line":45,"column":3}},{"start":{"line":18,"column":9},"end":{"line":45,"column":3}}],"line":15},"4":{"loc":{"start":{"line":18,"column":9},"end":{"line":45,"column":3}},"type":"if","locations":[{"start":{"line":18,"column":9},"end":{"line":45,"column":3}},{"start":{"line":21,"column":9},"end":{"line":45,"column":3}}],"line":18},"5":{"loc":{"start":{"line":21,"column":9},"end":{"line":45,"column":3}},"type":"if","locations":[{"start":{"line":21,"column":9},"end":{"line":45,"column":3}},{"start":{"line":24,"column":9},"end":{"line":45,"column":3}}],"line":21},"6":{"loc":{"start":{"line":24,"column":9},"end":{"line":45,"column":3}},"type":"if","locations":[{"start":{"line":24,"column":9},"end":{"line":45,"column":3}},{"start":{"line":27,"column":9},"end":{"line":45,"column":3}}],"line":24},"7":{"loc":{"start":{"line":27,"column":9},"end":{"line":45,"column":3}},"type":"if","locations":[{"start":{"line":27,"column":9},"end":{"line":45,"column":3}},{"start":{"line":30,"column":9},"end":{"line":45,"column":3}}],"line":27},"8":{"loc":{"start":{"line":30,"column":9},"end":{"line":45,"column":3}},"type":"if","locations":[{"start":{"line":30,"column":9},"end":{"line":45,"column":3}},{"start":{"line":33,"column":9},"end":{"line":45,"column":3}}],"line":30},"9":{"loc":{"start":{"line":33,"column":9},"end":{"line":45,"column":3}},"type":"if","locations":[{"start":{"line":33,"column":9},"end":{"line":45,"column":3}},{"start":{"line":36,"column":9},"end":{"line":45,"column":3}}],"line":33},"10":{"loc":{"start":{"line":36,"column":9},"end":{"line":45,"column":3}},"type":"if","locations":[{"start":{"line":36,"column":9},"end":{"line":45,"column":3}},{"start":{"line":39,"column":9},"end":{"line":45,"column":3}}],"line":36},"11":{"loc":{"start":{"line":39,"column":9},"end":{"line":45,"column":3}},"type":"if","locations":[{"start":{"line":39,"column":9},"end":{"line":45,"column":3}},{"start":{"line":42,"column":9},"end":{"line":45,"column":3}}],"line":39},"12":{"loc":{"start":{"line":42,"column":9},"end":{"line":45,"column":3}},"type":"if","locations":[{"start":{"line":42,"column":9},"end":{"line":45,"column":3}},{"start":{},"end":{}}],"line":42}},"s":{"0":9,"1":35,"2":35,"3":35,"4":35,"5":10,"6":10,"7":25,"8":1,"9":1,"10":24,"11":6,"12":6,"13":18,"14":1,"15":1,"16":17,"17":8,"18":8,"19":9,"20":0,"21":0,"22":9,"23":2,"24":2,"25":7,"26":1,"27":1,"28":6,"29":1,"30":1,"31":5,"32":1,"33":1,"34":4,"35":0,"36":0,"37":4,"38":1,"39":1,"40":3,"41":1,"42":1,"43":35,"44":9},"f":{"0":35},"b":{"0":[10,25],"1":[1,24],"2":[6,18],"3":[1,17],"4":[8,9],"5":[0,9],"6":[2,7],"7":[1,6],"8":[1,5],"9":[1,4],"10":[0,4],"11":[1,3],"12":[1,2]},"_coverageSchema":"1a1c01bbd47fc00a2c39e90264f33305004495a9","hash":"62fa47e3941347dde5d1436fadd502cc5be11d13"}
,"D:\\vina hacktiv8\\phase3\\h8-final-project-server\\middlewares\\ratingAuthorization.js": {"path":"D:\\vina hacktiv8\\phase3\\h8-final-project-server\\middlewares\\ratingAuthorization.js","statementMap":{"0":{"start":{"line":1,"column":23},"end":{"line":1,"column":43}},"1":{"start":{"line":3,"column":28},"end":{"line":18,"column":1}},"2":{"start":{"line":4,"column":1},"end":{"line":17,"column":2}},"3":{"start":{"line":5,"column":17},"end":{"line":5,"column":25}},"4":{"start":{"line":6,"column":29},"end":{"line":6,"column":39}},"5":{"start":{"line":8,"column":27},"end":{"line":10,"column":10}},"6":{"start":{"line":12,"column":8},"end":{"line":12,"column":56}},"7":{"start":{"line":12,"column":25},"end":{"line":12,"column":56}},"8":{"start":{"line":14,"column":8},"end":{"line":14,"column":14}},"9":{"start":{"line":16,"column":2},"end":{"line":16,"column":12}},"10":{"start":{"line":20,"column":0},"end":{"line":20,"column":37}}},"fnMap":{"0":{"name":"(anonymous_0)","decl":{"start":{"line":3,"column":28},"end":{"line":3,"column":29}},"loc":{"start":{"line":3,"column":54},"end":{"line":18,"column":1}},"line":3}},"branchMap":{"0":{"loc":{"start":{"line":12,"column":8},"end":{"line":12,"column":56}},"type":"if","locations":[{"start":{"line":12,"column":8},"end":{"line":12,"column":56}},{"start":{},"end":{}}],"line":12}},"s":{"0":9,"1":9,"2":3,"3":3,"4":3,"5":3,"6":3,"7":1,"8":2,"9":1,"10":9},"f":{"0":3},"b":{"0":[1,2]},"_coverageSchema":"1a1c01bbd47fc00a2c39e90264f33305004495a9","hash":"d5922ebbe38833327637294da98fa8248d42dd8b"}
,"D:\\vina hacktiv8\\phase3\\h8-final-project-server\\middlewares\\uploadImages.js": {"path":"D:\\vina hacktiv8\\phase3\\h8-final-project-server\\middlewares\\uploadImages.js","statementMap":{"0":{"start":{"line":1,"column":17},"end":{"line":1,"column":37}},"1":{"start":{"line":2,"column":14},"end":{"line":2,"column":30}},"2":{"start":{"line":4,"column":21},"end":{"line":53,"column":1}},"3":{"start":{"line":5,"column":1},"end":{"line":52,"column":2}},"4":{"start":{"line":6,"column":2},"end":{"line":48,"column":3}},"5":{"start":{"line":7,"column":17},"end":{"line":7,"column":26}},"6":{"start":{"line":8,"column":27},"end":{"line":25,"column":5}},"7":{"start":{"line":9,"column":4},"end":{"line":13,"column":5}},"8":{"start":{"line":10,"column":5},"end":{"line":12,"column":7}},"9":{"start":{"line":14,"column":4},"end":{"line":18,"column":5}},"10":{"start":{"line":15,"column":5},"end":{"line":17,"column":7}},"11":{"start":{"line":19,"column":21},"end":{"line":19,"column":49}},"12":{"start":{"line":20,"column":15},"end":{"line":20,"column":29}},"13":{"start":{"line":22,"column":4},"end":{"line":22,"column":36}},"14":{"start":{"line":23,"column":4},"end":{"line":23,"column":45}},"15":{"start":{"line":24,"column":4},"end":{"line":24,"column":16}},"16":{"start":{"line":27,"column":16},"end":{"line":27,"column":18}},"17":{"start":{"line":29,"column":3},"end":{"line":46,"column":4}},"18":{"start":{"line":30,"column":21},"end":{"line":35,"column":6}},"19":{"start":{"line":37,"column":25},"end":{"line":37,"column":54}},"20":{"start":{"line":38,"column":4},"end":{"line":38,"column":22}},"21":{"start":{"line":39,"column":22},"end":{"line":39,"column":44}},"22":{"start":{"line":41,"column":26},"end":{"line":44,"column":5}},"23":{"start":{"line":45,"column":4},"end":{"line":45,"column":31}},"24":{"start":{"line":47,"column":3},"end":{"line":47,"column":28}},"25":{"start":{"line":49,"column":2},"end":{"line":49,"column":9}},"26":{"start":{"line":51,"column":2},"end":{"line":51,"column":12}},"27":{"start":{"line":55,"column":0},"end":{"line":55,"column":30}}},"fnMap":{"0":{"name":"(anonymous_0)","decl":{"start":{"line":4,"column":21},"end":{"line":4,"column":22}},"loc":{"start":{"line":4,"column":47},"end":{"line":53,"column":1}},"line":4},"1":{"name":"(anonymous_1)","decl":{"start":{"line":8,"column":37},"end":{"line":8,"column":38}},"loc":{"start":{"line":8,"column":45},"end":{"line":25,"column":4}},"line":8}},"branchMap":{"0":{"loc":{"start":{"line":6,"column":2},"end":{"line":48,"column":3}},"type":"if","locations":[{"start":{"line":6,"column":2},"end":{"line":48,"column":3}},{"start":{},"end":{}}],"line":6},"1":{"loc":{"start":{"line":9,"column":4},"end":{"line":13,"column":5}},"type":"if","locations":[{"start":{"line":9,"column":4},"end":{"line":13,"column":5}},{"start":{},"end":{}}],"line":9},"2":{"loc":{"start":{"line":14,"column":4},"end":{"line":18,"column":5}},"type":"if","locations":[{"start":{"line":14,"column":4},"end":{"line":18,"column":5}},{"start":{},"end":{}}],"line":14}},"s":{"0":9,"1":9,"2":9,"3":3,"4":3,"5":1,"6":1,"7":1,"8":1,"9":0,"10":0,"11":0,"12":0,"13":0,"14":0,"15":0,"16":0,"17":0,"18":0,"19":0,"20":0,"21":0,"22":0,"23":0,"24":0,"25":2,"26":1,"27":9},"f":{"0":3,"1":1},"b":{"0":[1,2],"1":[1,0],"2":[0,0]},"_coverageSchema":"1a1c01bbd47fc00a2c39e90264f33305004495a9","hash":"4f684fc51c6fe3d04f12ad30d763ad88a85f5e97"}
,"D:\\vina hacktiv8\\phase3\\h8-final-project-server\\models\\category.js": {"path":"D:\\vina hacktiv8\\phase3\\h8-final-project-server\\models\\category.js","statementMap":{"0":{"start":{"line":2,"column":18},"end":{"line":2,"column":38}},"1":{"start":{"line":3,"column":0},"end":{"line":33,"column":2}},"2":{"start":{"line":12,"column":3},"end":{"line":12,"column":65}},"3":{"start":{"line":15,"column":1},"end":{"line":31,"column":3}},"4":{"start":{"line":32,"column":1},"end":{"line":32,"column":17}}},"fnMap":{"0":{"name":"(anonymous_0)","decl":{"start":{"line":3,"column":17},"end":{"line":3,"column":18}},"loc":{"start":{"line":3,"column":43},"end":{"line":33,"column":1}},"line":3},"1":{"name":"(anonymous_1)","decl":{"start":{"line":10,"column":2},"end":{"line":10,"column":3}},"loc":{"start":{"line":10,"column":27},"end":{"line":13,"column":3}},"line":10}},"branchMap":{},"s":{"0":9,"1":9,"2":9,"3":9,"4":9},"f":{"0":9,"1":9},"b":{},"_coverageSchema":"1a1c01bbd47fc00a2c39e90264f33305004495a9","hash":"4fe12bd77633f06a5f4b1d54f49c744bdda84e51"}
,"D:\\vina hacktiv8\\phase3\\h8-final-project-server\\models\\comment.js": {"path":"D:\\vina hacktiv8\\phase3\\h8-final-project-server\\models\\comment.js","statementMap":{"0":{"start":{"line":2,"column":18},"end":{"line":2,"column":38}},"1":{"start":{"line":3,"column":0},"end":{"line":51,"column":2}},"2":{"start":{"line":12,"column":3},"end":{"line":12,"column":60}},"3":{"start":{"line":13,"column":3},"end":{"line":13,"column":62}},"4":{"start":{"line":16,"column":1},"end":{"line":49,"column":3}},"5":{"start":{"line":50,"column":1},"end":{"line":50,"column":16}}},"fnMap":{"0":{"name":"(anonymous_0)","decl":{"start":{"line":3,"column":17},"end":{"line":3,"column":18}},"loc":{"start":{"line":3,"column":43},"end":{"line":51,"column":1}},"line":3},"1":{"name":"(anonymous_1)","decl":{"start":{"line":10,"column":2},"end":{"line":10,"column":3}},"loc":{"start":{"line":10,"column":27},"end":{"line":14,"column":3}},"line":10}},"branchMap":{},"s":{"0":9,"1":9,"2":9,"3":9,"4":9,"5":9},"f":{"0":9,"1":9},"b":{},"_coverageSchema":"1a1c01bbd47fc00a2c39e90264f33305004495a9","hash":"959394bea39ff0daa40be078c2c5cc2f23f48bec"}
,"D:\\vina hacktiv8\\phase3\\h8-final-project-server\\models\\course.js": {"path":"D:\\vina hacktiv8\\phase3\\h8-final-project-server\\models\\course.js","statementMap":{"0":{"start":{"line":2,"column":18},"end":{"line":2,"column":38}},"1":{"start":{"line":3,"column":0},"end":{"line":90,"column":2}},"2":{"start":{"line":12,"column":3},"end":{"line":12,"column":89}},"3":{"start":{"line":13,"column":3},"end":{"line":13,"column":67}},"4":{"start":{"line":14,"column":3},"end":{"line":14,"column":60}},"5":{"start":{"line":15,"column":3},"end":{"line":15,"column":61}},"6":{"start":{"line":18,"column":1},"end":{"line":88,"column":3}},"7":{"start":{"line":89,"column":1},"end":{"line":89,"column":15}}},"fnMap":{"0":{"name":"(anonymous_0)","decl":{"start":{"line":3,"column":17},"end":{"line":3,"column":18}},"loc":{"start":{"line":3,"column":43},"end":{"line":90,"column":1}},"line":3},"1":{"name":"(anonymous_1)","decl":{"start":{"line":10,"column":2},"end":{"line":10,"column":3}},"loc":{"start":{"line":10,"column":27},"end":{"line":16,"column":3}},"line":10}},"branchMap":{},"s":{"0":9,"1":9,"2":9,"3":9,"4":9,"5":9,"6":9,"7":9},"f":{"0":9,"1":9},"b":{},"_coverageSchema":"1a1c01bbd47fc00a2c39e90264f33305004495a9","hash":"a5f68018891ffa37762615729c5d21d81dfa4499"}
,"D:\\vina hacktiv8\\phase3\\h8-final-project-server\\models\\index.js": {"path":"D:\\vina hacktiv8\\phase3\\h8-final-project-server\\models\\index.js","statementMap":{"0":{"start":{"line":3,"column":11},"end":{"line":3,"column":24}},"1":{"start":{"line":4,"column":13},"end":{"line":4,"column":28}},"2":{"start":{"line":5,"column":18},"end":{"line":5,"column":38}},"3":{"start":{"line":6,"column":17},"end":{"line":6,"column":42}},"4":{"start":{"line":7,"column":12},"end":{"line":7,"column":49}},"5":{"start":{"line":8,"column":15},"end":{"line":8,"column":65}},"6":{"start":{"line":9,"column":11},"end":{"line":9,"column":13}},"7":{"start":{"line":12,"column":0},"end":{"line":16,"column":1}},"8":{"start":{"line":13,"column":1},"end":{"line":13,"column":73}},"9":{"start":{"line":15,"column":1},"end":{"line":15,"column":86}},"10":{"start":{"line":18,"column":0},"end":{"line":25,"column":4}},"11":{"start":{"line":20,"column":2},"end":{"line":20,"column":82}},"12":{"start":{"line":23,"column":16},"end":{"line":23,"column":83}},"13":{"start":{"line":24,"column":2},"end":{"line":24,"column":25}},"14":{"start":{"line":27,"column":0},"end":{"line":31,"column":3}},"15":{"start":{"line":28,"column":1},"end":{"line":30,"column":2}},"16":{"start":{"line":29,"column":2},"end":{"line":29,"column":30}},"17":{"start":{"line":33,"column":0},"end":{"line":33,"column":25}},"18":{"start":{"line":34,"column":0},"end":{"line":34,"column":25}},"19":{"start":{"line":36,"column":0},"end":{"line":36,"column":20}}},"fnMap":{"0":{"name":"(anonymous_0)","decl":{"start":{"line":19,"column":9},"end":{"line":19,"column":10}},"loc":{"start":{"line":19,"column":19},"end":{"line":21,"column":2}},"line":19},"1":{"name":"(anonymous_1)","decl":{"start":{"line":22,"column":10},"end":{"line":22,"column":11}},"loc":{"start":{"line":22,"column":20},"end":{"line":25,"column":2}},"line":22},"2":{"name":"(anonymous_2)","decl":{"start":{"line":27,"column":24},"end":{"line":27,"column":25}},"loc":{"start":{"line":27,"column":39},"end":{"line":31,"column":1}},"line":27}},"branchMap":{"0":{"loc":{"start":{"line":7,"column":12},"end":{"line":7,"column":49}},"type":"binary-expr","locations":[{"start":{"line":7,"column":12},"end":{"line":7,"column":32}},{"start":{"line":7,"column":36},"end":{"line":7,"column":49}}],"line":7},"1":{"loc":{"start":{"line":12,"column":0},"end":{"line":16,"column":1}},"type":"if","locations":[{"start":{"line":12,"column":0},"end":{"line":16,"column":1}},{"start":{"line":14,"column":7},"end":{"line":16,"column":1}}],"line":12},"2":{"loc":{"start":{"line":20,"column":9},"end":{"line":20,"column":81}},"type":"binary-expr","locations":[{"start":{"line":20,"column":9},"end":{"line":20,"column":32}},{"start":{"line":20,"column":36},"end":{"line":20,"column":53}},{"start":{"line":20,"column":57},"end":{"line":20,"column":81}}],"line":20},"3":{"loc":{"start":{"line":28,"column":1},"end":{"line":30,"column":2}},"type":"if","locations":[{"start":{"line":28,"column":1},"end":{"line":30,"column":2}},{"start":{},"end":{}}],"line":28}},"s":{"0":9,"1":9,"2":9,"3":9,"4":9,"5":9,"6":9,"7":9,"8":0,"9":9,"10":9,"11":72,"12":63,"13":63,"14":9,"15":63,"16":63,"17":9,"18":9,"19":9},"f":{"0":72,"1":63,"2":63},"b":{"0":[9,0],"1":[0,9],"2":[72,72,63],"3":[63,0]},"_coverageSchema":"1a1c01bbd47fc00a2c39e90264f33305004495a9","hash":"21e0d6accaf8f04a735ea6fb89440de31e594a20"}
,"D:\\vina hacktiv8\\phase3\\h8-final-project-server\\models\\rating.js": {"path":"D:\\vina hacktiv8\\phase3\\h8-final-project-server\\models\\rating.js","statementMap":{"0":{"start":{"line":4,"column":4},"end":{"line":4,"column":24}},"1":{"start":{"line":5,"column":0},"end":{"line":54,"column":2}},"2":{"start":{"line":14,"column":6},"end":{"line":14,"column":62}},"3":{"start":{"line":15,"column":3},"end":{"line":15,"column":63}},"4":{"start":{"line":18,"column":2},"end":{"line":52,"column":5}},"5":{"start":{"line":53,"column":2},"end":{"line":53,"column":16}}},"fnMap":{"0":{"name":"(anonymous_0)","decl":{"start":{"line":5,"column":17},"end":{"line":5,"column":18}},"loc":{"start":{"line":5,"column":43},"end":{"line":54,"column":1}},"line":5},"1":{"name":"(anonymous_1)","decl":{"start":{"line":12,"column":4},"end":{"line":12,"column":5}},"loc":{"start":{"line":12,"column":29},"end":{"line":16,"column":5}},"line":12}},"branchMap":{},"s":{"0":9,"1":9,"2":9,"3":9,"4":9,"5":9},"f":{"0":9,"1":9},"b":{},"_coverageSchema":"1a1c01bbd47fc00a2c39e90264f33305004495a9","hash":"60f1526ec7a9632f70ab171d61139b6bcc032111"}
,"D:\\vina hacktiv8\\phase3\\h8-final-project-server\\models\\user.js": {"path":"D:\\vina hacktiv8\\phase3\\h8-final-project-server\\models\\user.js","statementMap":{"0":{"start":{"line":2,"column":25},"end":{"line":2,"column":53}},"1":{"start":{"line":3,"column":18},"end":{"line":3,"column":38}},"2":{"start":{"line":4,"column":0},"end":{"line":72,"column":2}},"3":{"start":{"line":13,"column":3},"end":{"line":13,"column":87}},"4":{"start":{"line":14,"column":3},"end":{"line":14,"column":58}},"5":{"start":{"line":15,"column":3},"end":{"line":15,"column":57}},"6":{"start":{"line":18,"column":1},"end":{"line":70,"column":3}},"7":{"start":{"line":64,"column":5},"end":{"line":64,"column":57}},"8":{"start":{"line":71,"column":1},"end":{"line":71,"column":13}}},"fnMap":{"0":{"name":"(anonymous_0)","decl":{"start":{"line":4,"column":17},"end":{"line":4,"column":18}},"loc":{"start":{"line":4,"column":43},"end":{"line":72,"column":1}},"line":4},"1":{"name":"(anonymous_1)","decl":{"start":{"line":11,"column":2},"end":{"line":11,"column":3}},"loc":{"start":{"line":11,"column":27},"end":{"line":16,"column":3}},"line":11},"2":{"name":"(anonymous_2)","decl":{"start":{"line":63,"column":18},"end":{"line":63,"column":19}},"loc":{"start":{"line":63,"column":41},"end":{"line":65,"column":5}},"line":63}},"branchMap":{},"s":{"0":9,"1":9,"2":9,"3":9,"4":9,"5":9,"6":9,"7":6,"8":9},"f":{"0":9,"1":9,"2":6},"b":{},"_coverageSchema":"1a1c01bbd47fc00a2c39e90264f33305004495a9","hash":"dcec73c8ade3a33e0fa07e8d593b9b4a3332e599"}
,"D:\\vina hacktiv8\\phase3\\h8-final-project-server\\models\\usercourse.js": {"path":"D:\\vina hacktiv8\\phase3\\h8-final-project-server\\models\\usercourse.js","statementMap":{"0":{"start":{"line":2,"column":18},"end":{"line":2,"column":38}},"1":{"start":{"line":3,"column":0},"end":{"line":58,"column":2}},"2":{"start":{"line":12,"column":3},"end":{"line":12,"column":63}},"3":{"start":{"line":13,"column":3},"end":{"line":13,"column":67}},"4":{"start":{"line":16,"column":1},"end":{"line":56,"column":3}},"5":{"start":{"line":57,"column":1},"end":{"line":57,"column":19}}},"fnMap":{"0":{"name":"(anonymous_0)","decl":{"start":{"line":3,"column":17},"end":{"line":3,"column":18}},"loc":{"start":{"line":3,"column":43},"end":{"line":58,"column":1}},"line":3},"1":{"name":"(anonymous_1)","decl":{"start":{"line":10,"column":2},"end":{"line":10,"column":3}},"loc":{"start":{"line":10,"column":27},"end":{"line":14,"column":3}},"line":10}},"branchMap":{},"s":{"0":9,"1":9,"2":9,"3":9,"4":9,"5":9},"f":{"0":9,"1":9},"b":{},"_coverageSchema":"1a1c01bbd47fc00a2c39e90264f33305004495a9","hash":"0c3a31998fc8e19db614930d581f4cea7214108c"}
,"D:\\vina hacktiv8\\phase3\\h8-final-project-server\\models\\video.js": {"path":"D:\\vina hacktiv8\\phase3\\h8-final-project-server\\models\\video.js","statementMap":{"0":{"start":{"line":2,"column":18},"end":{"line":2,"column":38}},"1":{"start":{"line":3,"column":0},"end":{"line":51,"column":2}},"2":{"start":{"line":12,"column":3},"end":{"line":12,"column":62}},"3":{"start":{"line":13,"column":3},"end":{"line":13,"column":60}},"4":{"start":{"line":16,"column":1},"end":{"line":49,"column":3}},"5":{"start":{"line":50,"column":1},"end":{"line":50,"column":14}}},"fnMap":{"0":{"name":"(anonymous_0)","decl":{"start":{"line":3,"column":17},"end":{"line":3,"column":18}},"loc":{"start":{"line":3,"column":43},"end":{"line":51,"column":1}},"line":3},"1":{"name":"(anonymous_1)","decl":{"start":{"line":10,"column":2},"end":{"line":10,"column":3}},"loc":{"start":{"line":10,"column":27},"end":{"line":14,"column":3}},"line":10}},"branchMap":{},"s":{"0":9,"1":9,"2":9,"3":9,"4":9,"5":9},"f":{"0":9,"1":9},"b":{},"_coverageSchema":"1a1c01bbd47fc00a2c39e90264f33305004495a9","hash":"c697010d9a5181cf88fdabc047e240adbdc62495"}
,"D:\\vina hacktiv8\\phase3\\h8-final-project-server\\routes\\adminRouter.js": {"path":"D:\\vina hacktiv8\\phase3\\h8-final-project-server\\routes\\adminRouter.js","statementMap":{"0":{"start":{"line":1,"column":16},"end":{"line":1,"column":34}},"1":{"start":{"line":2,"column":20},"end":{"line":2,"column":36}},"2":{"start":{"line":3,"column":24},"end":{"line":3,"column":75}},"3":{"start":{"line":4,"column":25},"end":{"line":4,"column":78}},"4":{"start":{"line":5,"column":27},"end":{"line":5,"column":82}},"5":{"start":{"line":6,"column":26},"end":{"line":6,"column":80}},"6":{"start":{"line":7,"column":23},"end":{"line":7,"column":63}},"7":{"start":{"line":8,"column":22},"end":{"line":8,"column":61}},"8":{"start":{"line":9,"column":19},"end":{"line":9,"column":47}},"9":{"start":{"line":10,"column":21},"end":{"line":10,"column":59}},"10":{"start":{"line":12,"column":0},"end":{"line":12,"column":32}},"11":{"start":{"line":13,"column":0},"end":{"line":13,"column":71}},"12":{"start":{"line":14,"column":0},"end":{"line":14,"column":76}},"13":{"start":{"line":15,"column":0},"end":{"line":15,"column":86}},"14":{"start":{"line":16,"column":0},"end":{"line":16,"column":115}},"15":{"start":{"line":17,"column":0},"end":{"line":17,"column":84}},"16":{"start":{"line":18,"column":0},"end":{"line":18,"column":85}},"17":{"start":{"line":19,"column":0},"end":{"line":19,"column":84}},"18":{"start":{"line":20,"column":0},"end":{"line":20,"column":82}},"19":{"start":{"line":21,"column":0},"end":{"line":21,"column":96}},"20":{"start":{"line":22,"column":0},"end":{"line":22,"column":91}},"21":{"start":{"line":24,"column":0},"end":{"line":24,"column":29}}},"fnMap":{},"branchMap":{},"s":{"0":9,"1":9,"2":9,"3":9,"4":9,"5":9,"6":9,"7":9,"8":9,"9":9,"10":9,"11":9,"12":9,"13":9,"14":9,"15":9,"16":9,"17":9,"18":9,"19":9,"20":9,"21":9},"f":{},"b":{},"_coverageSchema":"1a1c01bbd47fc00a2c39e90264f33305004495a9","hash":"3108486c5ae11ef3d5f1aa763a88fe77d4249ee3"}
,"D:\\vina hacktiv8\\phase3\\h8-final-project-server\\routes\\index.js": {"path":"D:\\vina hacktiv8\\phase3\\h8-final-project-server\\routes\\index.js","statementMap":{"0":{"start":{"line":1,"column":16},"end":{"line":1,"column":34}},"1":{"start":{"line":2,"column":15},"end":{"line":2,"column":31}},"2":{"start":{"line":3,"column":21},"end":{"line":3,"column":46}},"3":{"start":{"line":4,"column":20},"end":{"line":4,"column":44}},"4":{"start":{"line":5,"column":21},"end":{"line":5,"column":59}},"5":{"start":{"line":6,"column":23},"end":{"line":6,"column":63}},"6":{"start":{"line":7,"column":33},"end":{"line":7,"column":61}},"7":{"start":{"line":9,"column":0},"end":{"line":9,"column":36}},"8":{"start":{"line":10,"column":0},"end":{"line":10,"column":34}},"9":{"start":{"line":12,"column":0},"end":{"line":12,"column":53}},"10":{"start":{"line":13,"column":0},"end":{"line":13,"column":37}},"11":{"start":{"line":15,"column":0},"end":{"line":15,"column":24}},"12":{"start":{"line":17,"column":0},"end":{"line":17,"column":24}}},"fnMap":{},"branchMap":{},"s":{"0":9,"1":9,"2":9,"3":9,"4":9,"5":9,"6":9,"7":9,"8":9,"9":9,"10":9,"11":9,"12":9},"f":{},"b":{},"_coverageSchema":"1a1c01bbd47fc00a2c39e90264f33305004495a9","hash":"a5b52561006e51412d8244a97881aa48ff4b4989"}
,"D:\\vina hacktiv8\\phase3\\h8-final-project-server\\routes\\publicRouter.js": {"path":"D:\\vina hacktiv8\\phase3\\h8-final-project-server\\routes\\publicRouter.js","statementMap":{"0":{"start":{"line":1,"column":16},"end":{"line":1,"column":34}},"1":{"start":{"line":2,"column":21},"end":{"line":2,"column":37}},"2":{"start":{"line":3,"column":29},"end":{"line":3,"column":82}},"3":{"start":{"line":4,"column":29},"end":{"line":4,"column":82}},"4":{"start":{"line":5,"column":25},"end":{"line":5,"column":74}},"5":{"start":{"line":6,"column":26},"end":{"line":6,"column":76}},"6":{"start":{"line":7,"column":25},"end":{"line":7,"column":74}},"7":{"start":{"line":8,"column":23},"end":{"line":8,"column":63}},"8":{"start":{"line":9,"column":28},"end":{"line":9,"column":73}},"9":{"start":{"line":11,"column":0},"end":{"line":11,"column":62}},"10":{"start":{"line":12,"column":0},"end":{"line":12,"column":56}},"11":{"start":{"line":13,"column":0},"end":{"line":13,"column":68}},"12":{"start":{"line":14,"column":0},"end":{"line":14,"column":62}},"13":{"start":{"line":15,"column":0},"end":{"line":15,"column":74}},"14":{"start":{"line":16,"column":0},"end":{"line":16,"column":64}},"15":{"start":{"line":17,"column":0},"end":{"line":17,"column":66}},"16":{"start":{"line":19,"column":0},"end":{"line":19,"column":33}},"17":{"start":{"line":20,"column":0},"end":{"line":20,"column":58}},"18":{"start":{"line":21,"column":0},"end":{"line":21,"column":60}},"19":{"start":{"line":23,"column":0},"end":{"line":23,"column":60}},"20":{"start":{"line":24,"column":0},"end":{"line":24,"column":72}},"21":{"start":{"line":25,"column":0},"end":{"line":25,"column":79}},"22":{"start":{"line":27,"column":0},"end":{"line":27,"column":69}},"23":{"start":{"line":28,"column":0},"end":{"line":28,"column":88}},"24":{"start":{"line":30,"column":0},"end":{"line":30,"column":29}}},"fnMap":{},"branchMap":{},"s":{"0":9,"1":9,"2":9,"3":9,"4":9,"5":9,"6":9,"7":9,"8":9,"9":9,"10":9,"11":9,"12":9,"13":9,"14":9,"15":9,"16":9,"17":9,"18":9,"19":9,"20":9,"21":9,"22":9,"23":9,"24":9},"f":{},"b":{},"_coverageSchema":"1a1c01bbd47fc00a2c39e90264f33305004495a9","hash":"17569801df6d5bf7f1426ab28e80973d510f12b8"}
}
