TN:
SF:app.js
FNF:0
FNH:0
DA:2,11
DA:5,11
DA:6,11
DA:7,11
DA:8,11
DA:10,11
DA:11,11
DA:12,11
DA:14,11
DA:16,11
LF:10
LH:10
BRF:0
BRH:0
end_of_record
TN:
SF:controllers/admin/AdminCategoryController.js
FN:4,(anonymous_0)
FN:13,(anonymous_1)
FN:23,(anonymous_2)
FNF:3
FNH:0
FNDA:0,(anonymous_0)
FNDA:0,(anonymous_1)
FNDA:0,(anonymous_2)
DA:1,11
DA:5,0
DA:6,0
DA:7,0
DA:9,0
DA:14,0
DA:15,0
DA:16,0
DA:17,0
DA:19,0
DA:24,0
DA:25,0
DA:26,0
DA:27,0
DA:29,0
DA:30,0
DA:35,0
DA:40,0
DA:42,0
DA:45,0
DA:50,11
LF:21
LH:2
BRDA:29,0,0,0
BRDA:29,0,1,0
BRF:2
BRH:0
end_of_record
TN:
SF:controllers/admin/AdminCommentController.js
FN:4,(anonymous_0)
FNF:1
FNH:0
FNDA:0,(anonymous_0)
DA:1,11
DA:5,0
DA:6,0
DA:7,0
DA:8,0
DA:9,0
DA:11,0
DA:12,0
DA:15,0
DA:20,11
LF:10
LH:2
BRDA:8,0,0,0
BRDA:8,0,1,0
BRF:2
BRH:0
end_of_record
TN:
SF:controllers/admin/AdminCourseController.js
FN:5,(anonymous_0)
FN:55,(anonymous_1)
FN:86,(anonymous_2)
FN:105,(anonymous_3)
FN:125,(anonymous_4)
FN:158,(anonymous_5)
FNF:6
FNH:0
FNDA:0,(anonymous_0)
FNDA:0,(anonymous_1)
FNDA:0,(anonymous_2)
FNDA:0,(anonymous_3)
FNDA:0,(anonymous_4)
FNDA:0,(anonymous_5)
DA:1,11
DA:2,11
DA:6,0
DA:7,0
DA:8,0
DA:10,0
DA:24,0
DA:25,0
DA:28,0
DA:29,0
DA:34,0
DA:35,0
DA:36,0
DA:37,0
DA:38,0
DA:45,0
DA:46,0
DA:49,0
DA:51,0
DA:56,0
DA:57,0
DA:59,0
DA:76,0
DA:77,0
DA:80,0
DA:82,0
DA:87,0
DA:88,0
DA:89,0
DA:91,0
DA:104,0
DA:105,0
DA:106,0
DA:111,0
DA:114,0
DA:118,0
DA:119,0
DA:121,0
DA:126,0
DA:127,0
DA:128,0
DA:130,0
DA:132,0
DA:133,0
DA:136,0
DA:152,0
DA:154,0
DA:159,0
DA:160,0
DA:161,0
DA:163,0
DA:165,0
DA:166,0
DA:169,0
DA:179,0
DA:181,0
DA:186,11
LF:57
LH:3
BRDA:24,0,0,0
BRDA:24,0,1,0
BRDA:28,1,0,0
BRDA:28,1,1,0
BRDA:34,2,0,0
BRDA:34,2,1,0
BRDA:76,3,0,0
BRDA:76,3,1,0
BRDA:132,4,0,0
BRDA:132,4,1,0
BRDA:165,5,0,0
BRDA:165,5,1,0
BRF:12
BRH:0
end_of_record
TN:
SF:controllers/admin/AdminUserController.js
FN:4,(anonymous_0)
FNF:1
FNH:0
FNDA:0,(anonymous_0)
DA:1,11
DA:5,0
DA:6,0
DA:7,0
DA:9,0
DA:14,11
LF:6
LH:2
BRF:0
BRH:0
end_of_record
TN:
SF:controllers/admin/AdminVideoController.js
FN:4,(anonymous_0)
FN:21,(anonymous_1)
FN:47,(anonymous_2)
FN:69,(anonymous_3)
FNF:4
FNH:0
FNDA:0,(anonymous_0)
FNDA:0,(anonymous_1)
FNDA:0,(anonymous_2)
FNDA:0,(anonymous_3)
DA:1,11
DA:5,0
DA:6,0
DA:7,0
DA:11,0
DA:12,0
DA:15,0
DA:17,0
DA:22,0
DA:23,0
DA:24,0
DA:26,0
DA:28,0
DA:29,0
DA:32,0
DA:38,0
DA:43,0
DA:48,0
DA:49,0
DA:51,0
DA:53,0
DA:54,0
DA:57,0
DA:63,0
DA:65,0
DA:70,0
DA:71,0
DA:72,0
DA:74,0
DA:76,0
DA:77,0
DA:80,0
DA:88,0
DA:93,0
DA:98,11
LF:35
LH:2
BRDA:11,0,0,0
BRDA:11,0,1,0
BRDA:28,1,0,0
BRDA:28,1,1,0
BRDA:53,2,0,0
BRDA:53,2,1,0
BRDA:76,3,0,0
BRDA:76,3,1,0
BRF:8
BRH:0
end_of_record
TN:
SF:controllers/public/CommentController.js
FN:4,(anonymous_0)
FNF:1
FNH:0
FNDA:0,(anonymous_0)
DA:1,11
DA:5,0
DA:6,0
DA:7,0
DA:8,0
DA:10,0
DA:17,0
DA:18,0
DA:21,0
DA:27,0
DA:28,0
DA:31,0
DA:37,0
DA:43,0
DA:48,11
LF:15
LH:2
BRDA:17,0,0,0
BRDA:17,0,1,0
BRDA:27,1,0,0
BRDA:27,1,1,0
BRF:4
BRH:0
end_of_record
TN:
SF:controllers/public/CourseController.js
FN:5,(anonymous_0)
FN:69,(anonymous_1)
FN:115,(anonymous_2)
FNF:3
FNH:0
FNDA:0,(anonymous_0)
FNDA:0,(anonymous_1)
FNDA:0,(anonymous_2)
DA:1,11
DA:2,11
DA:6,0
DA:7,0
DA:8,0
DA:10,0
DA:26,0
DA:27,0
DA:30,0
DA:31,0
DA:34,0
DA:35,0
DA:38,0
DA:39,0
DA:42,0
DA:43,0
DA:48,0
DA:49,0
DA:50,0
DA:51,0
DA:52,0
DA:59,0
DA:60,0
DA:63,0
DA:65,0
DA:70,0
DA:71,0
DA:73,0
DA:101,0
DA:102,0
DA:105,0
DA:106,0
DA:109,0
DA:111,0
DA:116,0
DA:117,0
DA:123,0
DA:125,0
DA:130,11
LF:39
LH:3
BRDA:26,0,0,0
BRDA:26,0,1,0
BRDA:30,1,0,0
BRDA:30,1,1,0
BRDA:34,2,0,0
BRDA:34,2,1,0
BRDA:38,3,0,0
BRDA:38,3,1,0
BRDA:42,4,0,0
BRDA:42,4,1,0
BRDA:48,5,0,0
BRDA:48,5,1,0
BRDA:101,6,0,0
BRDA:101,6,1,0
BRF:14
BRH:0
end_of_record
TN:
SF:controllers/public/PublicUserController.js
FN:8,(anonymous_0)
FN:40,(anonymous_1)
FN:73,(anonymous_2)
FN:125,(anonymous_3)
FN:145,(anonymous_4)
FNF:5
FNH:3
FNDA:6,(anonymous_0)
FNDA:3,(anonymous_1)
FNDA:2,(anonymous_2)
FNDA:0,(anonymous_3)
FNDA:0,(anonymous_4)
DA:1,11
DA:2,11
DA:3,11
DA:4,11
DA:5,11
DA:9,6
DA:10,6
DA:12,6
DA:19,0
DA:25,0
DA:33,0
DA:34,0
DA:36,6
DA:41,3
DA:42,3
DA:44,3
DA:50,0
DA:51,0
DA:54,0
DA:55,0
DA:58,0
DA:65,0
DA:67,0
DA:69,3
DA:75,2
DA:77,2
DA:78,2
DA:80,2
DA:81,2
DA:85,0
DA:87,0
DA:89,0
DA:99,0
DA:106,0
DA:114,0
DA:116,0
DA:121,2
DA:126,0
DA:127,0
DA:139,0
DA:141,0
DA:146,0
DA:147,0
DA:149,0
DA:160,0
DA:162,0
DA:167,11
LF:47
LH:20
BRDA:50,0,0,0
BRDA:50,0,1,0
BRDA:54,1,0,0
BRDA:54,1,1,0
BRF:4
BRH:0
end_of_record
TN:
SF:controllers/public/RatingController.js
FN:4,(anonymous_0)
FN:21,(anonymous_1)
FN:33,(anonymous_2)
FN:49,(anonymous_3)
FNF:4
FNH:0
FNDA:0,(anonymous_0)
FNDA:0,(anonymous_1)
FNDA:0,(anonymous_2)
FNDA:0,(anonymous_3)
DA:1,11
DA:5,0
DA:6,0
DA:8,0
DA:9,0
DA:10,0
DA:13,0
DA:20,0
DA:21,0
DA:22,0
DA:25,0
DA:27,0
DA:29,0
DA:34,0
DA:35,0
DA:36,0
DA:38,0
DA:43,0
DA:45,0
DA:50,0
DA:51,0
DA:52,0
DA:53,0
DA:55,0
DA:59,0
DA:61,0
DA:67,0
DA:73,0
DA:78,11
LF:29
LH:2
BRDA:9,0,0,0
BRDA:9,0,1,0
BRDA:59,1,0,0
BRDA:59,1,1,0
BRF:4
BRH:0
end_of_record
TN:
SF:controllers/public/UserCourseController.js
FN:5,(anonymous_0)
FN:32,(anonymous_1)
FN:90,(anonymous_2)
FNF:3
FNH:0
FNDA:0,(anonymous_0)
FNDA:0,(anonymous_1)
FNDA:0,(anonymous_2)
DA:1,11
DA:2,11
DA:6,0
DA:7,0
DA:8,0
DA:26,0
DA:28,0
DA:33,0
DA:34,0
DA:35,0
DA:37,0
DA:50,0
DA:52,0
DA:73,0
DA:84,0
DA:86,0
DA:91,0
DA:92,0
DA:93,0
DA:95,0
DA:97,0
DA:99,0
DA:101,0
DA:105,0
DA:107,0
DA:113,0
DA:119,0
DA:134,0
DA:135,0
DA:143,0
DA:148,11
LF:31
LH:3
BRDA:50,0,0,0
BRDA:50,0,1,0
BRDA:99,1,0,0
BRDA:99,1,1,0
BRDA:105,2,0,0
BRDA:105,2,1,0
BRF:6
BRH:0
end_of_record
TN:
SF:helpers/bcrypt.js
FN:3,(anonymous_0)
FN:7,(anonymous_1)
FNF:2
FNH:1
FNDA:5,(anonymous_0)
FNDA:0,(anonymous_1)
DA:1,11
DA:3,11
DA:4,5
DA:7,11
DA:8,0
DA:11,11
LF:6
LH:5
BRF:0
BRH:0
end_of_record
TN:
SF:helpers/jwt.js
FN:5,(anonymous_0)
FN:9,(anonymous_1)
FNF:2
FNH:0
FNDA:0,(anonymous_0)
FNDA:0,(anonymous_1)
DA:1,11
DA:3,11
DA:5,11
DA:6,0
DA:9,11
DA:10,0
DA:13,11
LF:7
LH:5
BRF:0
BRH:0
end_of_record
TN:
SF:helpers/multer.js
FNF:0
FNH:0
DA:1,11
DA:3,11
DA:4,11
DA:6,11
LF:4
LH:4
BRF:0
BRH:0
end_of_record
TN:
SF:helpers/nodemailer.js
FN:11,sendEmail
FNF:1
FNH:0
FNDA:0,sendEmail
DA:1,11
DA:3,11
DA:12,0
DA:26,0
DA:29,11
LF:5
LH:3
BRF:0
BRH:0
end_of_record
TN:
SF:helpers/xendit.js
FN:4,(anonymous_0)
FN:53,(anonymous_1)
FNF:2
FNH:0
FNDA:0,(anonymous_0)
FNDA:0,(anonymous_1)
DA:1,11
DA:2,11
DA:4,11
DA:5,0
DA:6,0
DA:7,0
DA:8,0
DA:10,0
DA:17,0
DA:28,0
DA:32,0
DA:39,0
DA:47,0
DA:49,0
DA:53,11
DA:54,0
DA:55,0
DA:57,0
DA:59,0
DA:60,0
DA:61,0
DA:64,0
DA:70,0
DA:74,0
DA:78,11
LF:25
LH:5
BRDA:57,0,0,0
BRDA:57,0,1,0
BRF:2
BRH:0
end_of_record
TN:
SF:middlewares/authentication.js
FN:4,(anonymous_0)
FNF:1
FNH:0
FNDA:0,(anonymous_0)
DA:1,11
DA:2,11
DA:4,11
DA:5,0
DA:6,0
DA:8,0
DA:9,0
DA:12,0
DA:14,0
DA:21,0
DA:22,0
DA:25,0
DA:31,0
DA:33,0
DA:37,11
LF:15
LH:4
BRDA:8,0,0,0
BRDA:8,0,1,0
BRDA:21,1,0,0
BRDA:21,1,1,0
BRF:4
BRH:0
end_of_record
TN:
SF:middlewares/authorization.js
FN:1,(anonymous_0)
FNF:1
FNH:0
FNDA:0,(anonymous_0)
DA:1,11
DA:2,0
DA:3,0
DA:4,0
DA:5,0
DA:7,0
DA:10,0
DA:14,11
LF:8
LH:2
BRDA:4,0,0,0
BRDA:4,0,1,0
BRF:2
BRH:0
end_of_record
TN:
SF:middlewares/errorHandler.js
FN:1,(anonymous_0)
FNF:1
FNH:1
FNDA:11,(anonymous_0)
DA:1,11
DA:2,11
DA:3,11
DA:5,11
DA:6,5
DA:7,5
DA:8,6
DA:9,0
DA:10,0
DA:11,6
DA:12,0
DA:13,0
DA:14,6
DA:15,0
DA:16,0
DA:17,6
DA:18,0
DA:19,0
DA:20,6
DA:21,0
DA:22,0
DA:23,6
DA:24,0
DA:25,0
DA:26,6
DA:27,0
DA:28,0
DA:29,6
DA:30,0
DA:31,0
DA:32,6
DA:33,0
DA:34,0
DA:35,6
DA:36,0
DA:37,0
DA:38,6
DA:39,0
DA:40,0
DA:41,6
DA:42,0
DA:43,0
DA:44,6
DA:45,0
DA:46,0
DA:47,6
DA:48,0
DA:49,0
DA:52,11
DA:55,11
LF:50
LH:22
BRDA:5,0,0,5
BRDA:5,0,1,6
BRDA:8,1,0,0
BRDA:8,1,1,6
BRDA:11,2,0,0
BRDA:11,2,1,6
BRDA:14,3,0,0
BRDA:14,3,1,6
BRDA:17,4,0,0
BRDA:17,4,1,6
BRDA:20,5,0,0
BRDA:20,5,1,6
BRDA:23,6,0,0
BRDA:23,6,1,6
BRDA:26,7,0,0
BRDA:26,7,1,6
BRDA:29,8,0,0
BRDA:29,8,1,6
BRDA:32,9,0,0
BRDA:32,9,1,6
BRDA:35,10,0,0
BRDA:35,10,1,6
BRDA:38,11,0,0
BRDA:38,11,1,6
BRDA:41,12,0,0
BRDA:41,12,1,6
BRDA:44,13,0,0
BRDA:44,13,1,6
BRDA:47,14,0,0
BRDA:47,14,1,6
BRF:30
BRH:16
end_of_record
TN:
SF:middlewares/ratingAuthorization.js
FN:3,(anonymous_0)
FNF:1
FNH:0
FNDA:0,(anonymous_0)
DA:1,11
DA:3,11
DA:4,0
DA:5,0
DA:6,0
DA:8,0
DA:12,0
DA:14,0
DA:16,0
DA:20,11
LF:10
LH:3
BRDA:12,0,0,0
BRDA:12,0,1,0
BRF:2
BRH:0
end_of_record
TN:
SF:middlewares/uploadImages.js
FN:4,(anonymous_0)
FN:8,(anonymous_1)
FNF:2
FNH:0
FNDA:0,(anonymous_0)
FNDA:0,(anonymous_1)
DA:1,11
DA:2,11
DA:4,11
DA:5,0
DA:6,0
DA:7,0
DA:8,0
DA:9,0
DA:10,0
DA:14,0
DA:15,0
DA:19,0
DA:20,0
DA:22,0
DA:23,0
DA:24,0
DA:27,0
DA:29,0
DA:30,0
DA:37,0
DA:38,0
DA:39,0
DA:41,0
DA:45,0
DA:47,0
DA:49,0
DA:51,0
DA:55,11
LF:28
LH:4
BRDA:6,0,0,0
BRDA:6,0,1,0
BRDA:9,1,0,0
BRDA:9,1,1,0
BRDA:14,2,0,0
BRDA:14,2,1,0
BRF:6
BRH:0
end_of_record
TN:
SF:models/category.js
FN:3,(anonymous_0)
FN:10,(anonymous_1)
FNF:2
FNH:2
FNDA:11,(anonymous_0)
FNDA:11,(anonymous_1)
DA:2,11
DA:3,11
DA:12,11
DA:15,11
DA:32,11
LF:5
LH:5
BRF:0
BRH:0
end_of_record
TN:
SF:models/comment.js
FN:3,(anonymous_0)
FN:10,(anonymous_1)
FNF:2
FNH:2
FNDA:11,(anonymous_0)
FNDA:11,(anonymous_1)
DA:2,11
DA:3,11
DA:12,11
DA:13,11
DA:16,11
DA:50,11
LF:6
LH:6
BRF:0
BRH:0
end_of_record
TN:
SF:models/course.js
FN:3,(anonymous_0)
FN:10,(anonymous_1)
FNF:2
FNH:2
FNDA:11,(anonymous_0)
FNDA:11,(anonymous_1)
DA:2,11
DA:3,11
DA:12,11
DA:13,11
DA:14,11
DA:15,11
DA:18,11
DA:89,11
LF:8
LH:8
BRF:0
BRH:0
end_of_record
TN:
SF:models/index.js
FN:19,(anonymous_0)
FN:22,(anonymous_1)
FN:27,(anonymous_2)
FNF:3
FNH:3
FNDA:88,(anonymous_0)
FNDA:77,(anonymous_1)
FNDA:77,(anonymous_2)
DA:3,11
DA:4,11
DA:5,11
DA:6,11
DA:7,11
DA:8,11
DA:9,11
DA:12,11
DA:13,0
DA:15,11
DA:18,11
DA:20,88
DA:23,77
DA:24,77
DA:27,11
DA:28,77
DA:29,77
DA:33,11
DA:34,11
DA:36,11
LF:20
LH:19
BRDA:7,0,0,11
BRDA:7,0,1,0
BRDA:12,1,0,0
BRDA:12,1,1,11
BRDA:20,2,0,88
BRDA:20,2,1,88
BRDA:20,2,2,77
BRDA:28,3,0,77
BRDA:28,3,1,0
BRF:9
BRH:6
end_of_record
TN:
SF:models/rating.js
FN:5,(anonymous_0)
FN:12,(anonymous_1)
FNF:2
FNH:2
FNDA:11,(anonymous_0)
FNDA:11,(anonymous_1)
DA:4,11
DA:5,11
DA:14,11
DA:15,11
DA:18,11
DA:53,11
LF:6
LH:6
BRF:0
BRH:0
end_of_record
TN:
SF:models/user.js
FN:4,(anonymous_0)
FN:11,(anonymous_1)
FN:63,(anonymous_2)
FNF:3
FNH:3
FNDA:11,(anonymous_0)
FNDA:11,(anonymous_1)
FNDA:5,(anonymous_2)
DA:2,11
DA:3,11
DA:4,11
DA:13,11
DA:14,11
DA:15,11
DA:18,11
DA:64,5
DA:71,11
LF:9
LH:9
BRF:0
BRH:0
end_of_record
TN:
SF:models/usercourse.js
FN:3,(anonymous_0)
FN:10,(anonymous_1)
FNF:2
FNH:2
FNDA:11,(anonymous_0)
FNDA:11,(anonymous_1)
DA:2,11
DA:3,11
DA:12,11
DA:13,11
DA:16,11
DA:58,11
LF:6
LH:6
BRF:0
BRH:0
end_of_record
TN:
SF:models/video.js
FN:3,(anonymous_0)
FN:10,(anonymous_1)
FNF:2
FNH:2
FNDA:11,(anonymous_0)
FNDA:11,(anonymous_1)
DA:2,11
DA:3,11
DA:12,11
DA:13,11
DA:16,11
DA:50,11
LF:6
LH:6
BRF:0
BRH:0
end_of_record
TN:
SF:routes/adminRouter.js
FNF:0
FNH:0
DA:1,11
DA:2,11
DA:3,11
DA:4,11
DA:5,11
DA:6,11
DA:7,11
DA:8,11
DA:9,11
DA:10,11
DA:11,11
DA:13,11
DA:14,11
DA:15,11
DA:16,11
DA:17,11
DA:18,11
DA:19,11
DA:20,11
DA:21,11
DA:22,11
DA:23,11
DA:24,11
DA:25,11
DA:26,11
DA:27,11
DA:29,11
LF:27
LH:27
BRF:0
BRH:0
end_of_record
TN:
SF:routes/index.js
FNF:0
FNH:0
DA:1,11
DA:2,11
DA:3,11
DA:4,11
DA:5,11
DA:6,11
DA:7,11
DA:9,11
DA:10,11
DA:12,11
DA:13,11
DA:15,11
DA:17,11
LF:13
LH:13
BRF:0
BRH:0
end_of_record
TN:
SF:routes/publicRouter.js
FNF:0
FNH:0
DA:1,11
DA:2,11
DA:3,11
DA:4,11
DA:5,11
DA:6,11
DA:7,11
DA:8,11
DA:9,11
DA:11,11
DA:12,11
DA:13,11
DA:14,11
DA:15,11
DA:16,11
DA:17,11
DA:19,11
DA:20,11
DA:21,11
DA:23,11
DA:24,11
DA:25,11
DA:27,11
DA:28,11
DA:29,11
DA:31,11
LF:26
LH:26
BRF:0
BRH:0
end_of_record
